<?xml version="1.0" encoding="UTF-8"?>
<coverage generated="1777292462226" clover="3.2.0">
  <project timestamp="1777292462226" name="All files">
    <metrics statements="365" coveredstatements="334" conditionals="330" coveredconditionals="275" methods="101" coveredmethods="90" elements="796" coveredelements="699" complexity="0" loc="365" ncloc="365" packages="18" files="20" classes="20"/>
    <package name="components.Badge">
      <metrics statements="4" coveredstatements="4" conditionals="2" coveredconditionals="2" methods="1" coveredmethods="1"/>
      <file name="Badge.tsx" path="/Users/Kalibek_Turgumbayev/projects/test/league/league-ui/src/components/Badge/Badge.tsx">
        <metrics statements="4" coveredstatements="4" conditionals="2" coveredconditionals="2" methods="1" coveredmethods="1"/>
        <line num="10" count="3" type="stmt"/>
        <line num="17" count="3" type="stmt"/>
        <line num="25" count="16" type="stmt"/>
        <line num="26" count="16" type="stmt"/>
      </file>
    </package>
    <package name="components.Button">
      <metrics statements="3" coveredstatements="3" conditionals="8" coveredconditionals="8" methods="1" coveredmethods="1"/>
      <file name="Button.tsx" path="/Users/Kalibek_Turgumbayev/projects/test/league/league-ui/src/components/Button/Button.tsx">
        <metrics statements="3" coveredstatements="3" conditionals="8" coveredconditionals="8" methods="1" coveredmethods="1"/>
        <line num="9" count="5" type="stmt"/>
        <line num="27" count="5" type="stmt"/>
        <line num="42" count="49" type="stmt"/>
      </file>
    </package>
    <package name="components.CSVImport">
      <metrics statements="38" coveredstatements="29" conditionals="27" coveredconditionals="16" methods="18" coveredmethods="12"/>
      <file name="CSVImport.tsx" path="/Users/Kalibek_Turgumbayev/projects/test/league/league-ui/src/components/CSVImport/CSVImport.tsx">
        <metrics statements="38" coveredstatements="29" conditionals="27" coveredconditionals="16" methods="18" coveredmethods="12"/>
        <line num="17" count="10" type="stmt"/>
        <line num="18" count="10" type="stmt"/>
        <line num="19" count="10" type="stmt"/>
        <line num="20" count="10" type="stmt"/>
        <line num="21" count="10" type="stmt"/>
        <line num="22" count="10" type="stmt"/>
        <line num="24" count="10" type="stmt"/>
        <line num="25" count="3" type="stmt"/>
        <line num="26" count="3" type="stmt"/>
        <line num="27" count="3" type="stmt"/>
        <line num="28" count="3" type="stmt"/>
        <line num="31" count="12" type="stmt"/>
        <line num="32" count="4" type="stmt"/>
        <line num="33" count="3" type="stmt"/>
        <line num="35" count="3" type="stmt"/>
        <line num="38" count="10" type="stmt"/>
        <line num="39" count="3" type="stmt"/>
        <line num="40" count="3" type="stmt"/>
        <line num="41" count="3" type="stmt"/>
        <line num="44" count="10" type="stmt"/>
        <line num="45" count="0" type="stmt"/>
        <line num="46" count="0" type="stmt"/>
        <line num="47" count="0" type="stmt"/>
        <line num="48" count="0" type="cond" truecount="0" falsecount="4"/>
        <line num="51" count="10" type="stmt"/>
        <line num="52" count="1" type="cond" truecount="1" falsecount="1"/>
        <line num="53" count="1" type="stmt"/>
        <line num="54" count="1" type="stmt"/>
        <line num="57" count="10" type="stmt"/>
        <line num="61" count="0" type="stmt"/>
        <line num="62" count="0" type="stmt"/>
        <line num="64" count="6" type="stmt"/>
        <line num="75" count="3" type="stmt"/>
        <line num="76" count="3" type="cond" truecount="1" falsecount="1"/>
        <line num="98" count="9" type="stmt"/>
        <line num="106" count="0" type="stmt"/>
        <line num="108" count="0" type="stmt"/>
        <line num="138" count="0" type="stmt"/>
      </file>
    </package>
    <package name="components.GroupCard">
      <metrics statements="9" coveredstatements="9" conditionals="23" coveredconditionals="22" methods="3" coveredmethods="3"/>
      <file name="GroupCard.tsx" path="/Users/Kalibek_Turgumbayev/projects/test/league/league-ui/src/components/GroupCard/GroupCard.tsx">
        <metrics statements="9" coveredstatements="9" conditionals="23" coveredconditionals="22" methods="3" coveredmethods="3"/>
        <line num="25" count="10" type="stmt"/>
        <line num="26" count="10" type="stmt"/>
        <line num="27" count="10" type="stmt"/>
        <line num="29" count="10" type="cond" truecount="4" falsecount="0"/>
        <line num="30" count="1" type="stmt"/>
        <line num="31" count="1" type="cond" truecount="1" falsecount="1"/>
        <line num="34" count="10" type="cond" truecount="2" falsecount="0"/>
        <line num="36" count="10" type="stmt"/>
        <line num="46" count="1" type="cond" truecount="2" falsecount="0"/>
      </file>
    </package>
    <package name="components.GroupStandings">
      <metrics statements="61" coveredstatements="61" conditionals="111" coveredconditionals="106" methods="17" coveredmethods="17"/>
      <file name="GroupStandings.tsx" path="/Users/Kalibek_Turgumbayev/projects/test/league/league-ui/src/components/GroupStandings/GroupStandings.tsx">
        <metrics statements="61" coveredstatements="61" conditionals="111" coveredconditionals="106" methods="17" coveredmethods="17"/>
        <line num="17" count="22" type="stmt"/>
        <line num="18" count="12" type="stmt"/>
        <line num="19" count="12" type="stmt"/>
        <line num="20" count="21" type="cond" truecount="2" falsecount="0"/>
        <line num="21" count="21" type="stmt"/>
        <line num="22" count="21" type="stmt"/>
        <line num="24" count="12" type="stmt"/>
        <line num="25" count="12" type="stmt"/>
        <line num="26" count="14" type="stmt"/>
        <line num="27" count="21" type="cond" truecount="2" falsecount="0"/>
        <line num="30" count="12" type="stmt"/>
        <line num="34" count="12" type="stmt"/>
        <line num="35" count="12" type="stmt"/>
        <line num="36" count="12" type="stmt"/>
        <line num="38" count="12" type="stmt"/>
        <line num="39" count="48" type="cond" truecount="1" falsecount="1"/>
        <line num="42" count="12" type="stmt"/>
        <line num="43" count="12" type="stmt"/>
        <line num="44" count="4" type="cond" truecount="3" falsecount="1"/>
        <line num="45" count="4" type="stmt"/>
        <line num="46" count="4" type="stmt"/>
        <line num="50" count="12" type="stmt"/>
        <line num="51" count="60" type="stmt"/>
        <line num="52" count="60" type="stmt"/>
        <line num="53" count="60" type="cond" truecount="2" falsecount="0"/>
        <line num="56" count="12" type="stmt"/>
        <line num="57" count="28" type="stmt"/>
        <line num="58" count="28" type="cond" truecount="2" falsecount="0"/>
        <line num="59" count="6" type="cond" truecount="4" falsecount="0"/>
        <line num="62" count="4" type="stmt"/>
        <line num="63" count="4" type="cond" truecount="2" falsecount="0"/>
        <line num="64" count="28" type="cond" truecount="2" falsecount="0"/>
        <line num="66" count="28" type="cond" truecount="2" falsecount="0"/>
        <line num="67" count="28" type="cond" truecount="6" falsecount="0"/>
        <line num="68" count="2" type="stmt"/>
        <line num="71" count="12" type="stmt"/>
        <line num="72" count="4" type="stmt"/>
        <line num="73" count="4" type="cond" truecount="1" falsecount="1"/>
        <line num="74" count="4" type="cond" truecount="3" falsecount="1"/>
        <line num="75" count="4" type="cond" truecount="4" falsecount="0"/>
        <line num="81" count="12" type="stmt"/>
        <line num="82" count="21" type="stmt"/>
        <line num="84" count="7" type="cond" truecount="11" falsecount="0"/>
        <line num="91" count="12" type="stmt"/>
        <line num="92" count="21" type="stmt"/>
        <line num="94" count="7" type="cond" truecount="11" falsecount="0"/>
        <line num="100" count="12" type="stmt"/>
        <line num="104" count="12" type="stmt"/>
        <line num="115" count="12" type="stmt"/>
        <line num="128" count="22" type="stmt"/>
        <line num="140" count="22" type="stmt"/>
        <line num="141" count="22" type="stmt"/>
        <line num="143" count="22" type="stmt"/>
        <line num="174" count="1" type="stmt"/>
        <line num="209" count="50" type="cond" truecount="2" falsecount="0"/>
        <line num="210" count="22" type="stmt"/>
        <line num="219" count="28" type="stmt"/>
        <line num="220" count="28" type="stmt"/>
        <line num="224" count="28" type="stmt"/>
        <line num="226" count="28" type="stmt"/>
        <line num="241" count="1" type="cond" truecount="2" falsecount="0"/>
      </file>
    </package>
    <package name="components.Input">
      <metrics statements="2" coveredstatements="2" conditionals="9" coveredconditionals="9" methods="1" coveredmethods="1"/>
      <file name="Input.tsx" path="/Users/Kalibek_Turgumbayev/projects/test/league/league-ui/src/components/Input/Input.tsx">
        <metrics statements="2" coveredstatements="2" conditionals="9" coveredconditionals="9" methods="1" coveredmethods="1"/>
        <line num="9" count="23" type="cond" truecount="2" falsecount="0"/>
        <line num="10" count="23" type="stmt"/>
      </file>
    </package>
    <package name="components.LeagueConfigForm">
      <metrics statements="12" coveredstatements="12" conditionals="13" coveredconditionals="10" methods="4" coveredmethods="4"/>
      <file name="LeagueConfigForm.tsx" path="/Users/Kalibek_Turgumbayev/projects/test/league/league-ui/src/components/LeagueConfigForm/LeagueConfigForm.tsx">
        <metrics statements="12" coveredstatements="12" conditionals="13" coveredconditionals="10" methods="4" coveredmethods="4"/>
        <line num="16" count="5" type="stmt"/>
        <line num="17" count="5" type="stmt"/>
        <line num="19" count="20" type="stmt"/>
        <line num="20" count="2" type="stmt"/>
        <line num="21" count="2" type="stmt"/>
        <line num="22" count="2" type="cond" truecount="1" falsecount="1"/>
        <line num="25" count="5" type="stmt"/>
        <line num="26" count="1" type="stmt"/>
        <line num="27" count="1" type="stmt"/>
        <line num="30" count="5" type="cond" truecount="1" falsecount="1"/>
        <line num="31" count="5" type="cond" truecount="1" falsecount="1"/>
        <line num="33" count="5" type="stmt"/>
      </file>
    </package>
    <package name="components.MatchGrid">
      <metrics statements="66" coveredstatements="59" conditionals="60" coveredconditionals="41" methods="14" coveredmethods="14"/>
      <file name="MatchGrid.tsx" path="/Users/Kalibek_Turgumbayev/projects/test/league/league-ui/src/components/MatchGrid/MatchGrid.tsx">
        <metrics statements="66" coveredstatements="59" conditionals="60" coveredconditionals="41" methods="14" coveredmethods="14"/>
        <line num="20" count="10" type="cond" truecount="2" falsecount="0"/>
        <line num="21" count="6" type="cond" truecount="3" falsecount="1"/>
        <line num="22" count="6" type="stmt"/>
        <line num="26" count="5" type="stmt"/>
        <line num="27" count="5" type="cond" truecount="2" falsecount="0"/>
        <line num="28" count="3" type="cond" truecount="1" falsecount="1"/>
        <line num="29" count="0" type="cond" truecount="0" falsecount="4"/>
        <line num="30" count="0" type="cond" truecount="0" falsecount="2"/>
        <line num="32" count="3" type="cond" truecount="3" falsecount="1"/>
        <line num="38" count="6" type="stmt"/>
        <line num="39" count="12" type="stmt"/>
        <line num="41" count="6" type="stmt"/>
        <line num="42" count="6" type="stmt"/>
        <line num="43" count="5" type="cond" truecount="3" falsecount="1"/>
        <line num="44" count="5" type="stmt"/>
        <line num="48" count="6" type="stmt"/>
        <line num="49" count="5" type="cond" truecount="1" falsecount="1"/>
        <line num="51" count="6" type="stmt"/>
        <line num="52" count="15" type="stmt"/>
        <line num="54" count="6" type="stmt"/>
        <line num="55" count="12" type="cond" truecount="1" falsecount="1"/>
        <line num="57" count="6" type="stmt"/>
        <line num="58" count="6" type="stmt"/>
        <line num="59" count="6" type="cond" truecount="2" falsecount="0"/>
        <line num="60" count="10" type="stmt"/>
        <line num="61" count="5" type="cond" truecount="1" falsecount="1"/>
        <line num="62" count="5" type="stmt"/>
        <line num="63" count="5" type="stmt"/>
        <line num="64" count="5" type="stmt"/>
        <line num="65" count="5" type="stmt"/>
        <line num="66" count="5" type="stmt"/>
        <line num="67" count="5" type="cond" truecount="3" falsecount="1"/>
        <line num="68" count="5" type="stmt"/>
        <line num="69" count="5" type="cond" truecount="1" falsecount="1"/>
        <line num="72" count="5" type="stmt"/>
        <line num="73" count="5" type="stmt"/>
        <line num="75" count="5" type="stmt"/>
        <line num="78" count="6" type="cond" truecount="1" falsecount="1"/>
        <line num="79" count="0" type="stmt"/>
        <line num="82" count="6" type="stmt"/>
        <line num="84" count="6" type="stmt"/>
        <line num="90" count="5" type="stmt"/>
        <line num="133" count="5" type="stmt"/>
        <line num="134" count="5" type="stmt"/>
        <line num="135" count="5" type="cond" truecount="3" falsecount="1"/>
        <line num="137" count="5" type="stmt"/>
        <line num="138" count="5" type="stmt"/>
        <line num="139" count="5" type="stmt"/>
        <line num="142" count="5" type="stmt"/>
        <line num="143" count="5" type="cond" truecount="2" falsecount="0"/>
        <line num="144" count="5" type="cond" truecount="2" falsecount="0"/>
        <line num="145" count="5" type="stmt"/>
        <line num="147" count="5" type="cond" truecount="2" falsecount="0"/>
        <line num="148" count="3" type="stmt"/>
        <line num="149" count="3" type="stmt"/>
        <line num="150" count="3" type="stmt"/>
        <line num="151" count="3" type="stmt"/>
        <line num="152" count="2" type="cond" truecount="1" falsecount="1"/>
        <line num="153" count="0" type="stmt"/>
        <line num="154" count="0" type="stmt"/>
        <line num="155" count="0" type="stmt"/>
        <line num="156" count="0" type="stmt"/>
        <line num="159" count="5" type="stmt"/>
        <line num="177" count="5" type="stmt"/>
        <line num="184" count="5" type="stmt"/>
        <line num="235" count="1" type="stmt"/>
      </file>
    </package>
    <package name="components.Modal">
      <metrics statements="9" coveredstatements="9" conditionals="8" coveredconditionals="7" methods="5" coveredmethods="5"/>
      <file name="Modal.tsx" path="/Users/Kalibek_Turgumbayev/projects/test/league/league-ui/src/components/Modal/Modal.tsx">
        <metrics statements="9" coveredstatements="9" conditionals="8" coveredconditionals="7" methods="5" coveredmethods="5"/>
        <line num="12" count="8" type="stmt"/>
        <line num="13" count="8" type="cond" truecount="2" falsecount="0"/>
        <line num="14" count="6" type="stmt"/>
        <line num="15" count="1" type="cond" truecount="1" falsecount="1"/>
        <line num="17" count="6" type="stmt"/>
        <line num="18" count="6" type="stmt"/>
        <line num="21" count="8" type="cond" truecount="2" falsecount="0"/>
        <line num="23" count="6" type="stmt"/>
        <line num="34" count="2" type="stmt"/>
      </file>
    </package>
    <package name="components.PlacementOverride">
      <metrics statements="37" coveredstatements="24" conditionals="13" coveredconditionals="5" methods="14" coveredmethods="9"/>
      <file name="PlacementOverride.tsx" path="/Users/Kalibek_Turgumbayev/projects/test/league/league-ui/src/components/PlacementOverride/PlacementOverride.tsx">
        <metrics statements="37" coveredstatements="24" conditionals="13" coveredconditionals="5" methods="14" coveredmethods="9"/>
        <line num="14" count="11" type="stmt"/>
        <line num="15" count="11" type="stmt"/>
        <line num="16" count="11" type="stmt"/>
        <line num="18" count="11" type="stmt"/>
        <line num="19" count="19" type="cond" truecount="1" falsecount="1"/>
        <line num="21" count="11" type="stmt"/>
        <line num="22" count="0" type="stmt"/>
        <line num="23" count="0" type="stmt"/>
        <line num="26" count="11" type="stmt"/>
        <line num="27" count="0" type="stmt"/>
        <line num="28" count="0" type="cond" truecount="0" falsecount="4"/>
        <line num="30" count="0" type="stmt"/>
        <line num="31" count="0" type="stmt"/>
        <line num="32" count="0" type="stmt"/>
        <line num="33" count="0" type="stmt"/>
        <line num="34" count="0" type="stmt"/>
        <line num="37" count="11" type="stmt"/>
        <line num="38" count="0" type="stmt"/>
        <line num="39" count="0" type="stmt"/>
        <line num="42" count="11" type="stmt"/>
        <line num="43" count="1" type="cond" truecount="1" falsecount="1"/>
        <line num="44" count="1" type="stmt"/>
        <line num="45" count="1" type="stmt"/>
        <line num="46" count="1" type="stmt"/>
        <line num="49" count="11" type="stmt"/>
        <line num="50" count="1" type="cond" truecount="1" falsecount="1"/>
        <line num="51" count="1" type="stmt"/>
        <line num="52" count="1" type="stmt"/>
        <line num="53" count="1" type="stmt"/>
        <line num="56" count="11" type="stmt"/>
        <line num="57" count="6" type="stmt"/>
        <line num="60" count="11" type="stmt"/>
        <line num="67" count="19" type="stmt"/>
        <line num="70" count="0" type="stmt"/>
        <line num="71" count="0" type="stmt"/>
        <line num="86" count="1" type="stmt"/>
        <line num="94" count="1" type="stmt"/>
      </file>
    </package>
    <package name="components.PlayerCard">
      <metrics statements="1" coveredstatements="1" conditionals="0" coveredconditionals="0" methods="1" coveredmethods="1"/>
      <file name="PlayerCard.tsx" path="/Users/Kalibek_Turgumbayev/projects/test/league/league-ui/src/components/PlayerCard/PlayerCard.tsx">
        <metrics statements="1" coveredstatements="1" conditionals="0" coveredconditionals="0" methods="1" coveredmethods="1"/>
        <line num="8" count="3" type="stmt"/>
      </file>
    </package>
    <package name="components.RatingDelta">
      <metrics statements="4" coveredstatements="4" conditionals="8" coveredconditionals="8" methods="1" coveredmethods="1"/>
      <file name="RatingDelta.tsx" path="/Users/Kalibek_Turgumbayev/projects/test/league/league-ui/src/components/RatingDelta/RatingDelta.tsx">
        <metrics statements="4" coveredstatements="4" conditionals="8" coveredconditionals="8" methods="1" coveredmethods="1"/>
        <line num="6" count="6" type="cond" truecount="2" falsecount="0"/>
        <line num="7" count="2" type="stmt"/>
        <line num="9" count="4" type="stmt"/>
        <line num="10" count="4" type="stmt"/>
      </file>
    </package>
    <package name="components.ScoreEntryForm">
      <metrics statements="13" coveredstatements="13" conditionals="3" coveredconditionals="3" methods="7" coveredmethods="7"/>
      <file name="ScoreEntryForm.tsx" path="/Users/Kalibek_Turgumbayev/projects/test/league/league-ui/src/components/ScoreEntryForm/ScoreEntryForm.tsx">
        <metrics statements="13" coveredstatements="13" conditionals="3" coveredconditionals="3" methods="7" coveredmethods="7"/>
        <line num="27" count="10" type="stmt"/>
        <line num="28" count="10" type="stmt"/>
        <line num="29" count="10" type="stmt"/>
        <line num="30" count="10" type="stmt"/>
        <line num="31" count="30" type="stmt"/>
        <line num="32" count="30" type="stmt"/>
        <line num="35" count="10" type="stmt"/>
        <line num="44" count="30" type="stmt"/>
        <line num="46" count="1" type="stmt"/>
        <line num="61" count="30" type="stmt"/>
        <line num="63" count="1" type="stmt"/>
        <line num="81" count="1" type="stmt"/>
        <line num="88" count="1" type="stmt"/>
      </file>
    </package>
    <package name="components.Select">
      <metrics statements="3" coveredstatements="3" conditionals="9" coveredconditionals="9" methods="2" coveredmethods="2"/>
      <file name="Select.tsx" path="/Users/Kalibek_Turgumbayev/projects/test/league/league-ui/src/components/Select/Select.tsx">
        <metrics statements="3" coveredstatements="3" conditionals="9" coveredconditionals="9" methods="2" coveredmethods="2"/>
        <line num="15" count="3" type="cond" truecount="2" falsecount="0"/>
        <line num="16" count="3" type="stmt"/>
        <line num="48" count="6" type="stmt"/>
      </file>
    </package>
    <package name="components.Table">
      <metrics statements="22" coveredstatements="20" conditionals="30" coveredconditionals="23" methods="9" coveredmethods="9"/>
      <file name="Table.tsx" path="/Users/Kalibek_Turgumbayev/projects/test/league/league-ui/src/components/Table/Table.tsx">
        <metrics statements="22" coveredstatements="20" conditionals="30" coveredconditionals="23" methods="9" coveredmethods="9"/>
        <line num="21" count="16" type="stmt"/>
        <line num="22" count="16" type="stmt"/>
        <line num="24" count="16" type="stmt"/>
        <line num="25" count="8" type="cond" truecount="2" falsecount="0"/>
        <line num="26" count="7" type="cond" truecount="2" falsecount="0"/>
        <line num="27" count="2" type="cond" truecount="1" falsecount="1"/>
        <line num="29" count="5" type="stmt"/>
        <line num="30" count="5" type="stmt"/>
        <line num="34" count="16" type="stmt"/>
        <line num="35" count="15" type="cond" truecount="2" falsecount="0"/>
        <line num="36" count="8" type="stmt"/>
        <line num="37" count="7" type="cond" truecount="1" falsecount="1"/>
        <line num="38" count="7" type="stmt"/>
        <line num="39" count="7" type="stmt"/>
        <line num="40" count="7" type="cond" truecount="3" falsecount="1"/>
        <line num="41" count="0" type="cond" truecount="0" falsecount="4"/>
        <line num="42" count="0" type="stmt"/>
        <line num="45" count="16" type="stmt"/>
        <line num="51" count="31" type="stmt"/>
        <line num="55" count="8" type="stmt"/>
        <line num="77" count="30" type="stmt"/>
        <line num="86" count="58" type="stmt"/>
      </file>
    </package>
    <package name="i18n">
      <metrics statements="1" coveredstatements="1" conditionals="0" coveredconditionals="0" methods="0" coveredmethods="0"/>
      <file name="index.ts" path="/Users/Kalibek_Turgumbayev/projects/test/league/league-ui/src/i18n/index.ts">
        <metrics statements="1" coveredstatements="1" conditionals="0" coveredconditionals="0" methods="0" coveredmethods="0"/>
        <line num="9" count="15" type="stmt"/>
      </file>
    </package>
    <package name="i18n.locales">
      <metrics statements="75" coveredstatements="75" conditionals="0" coveredconditionals="0" methods="0" coveredmethods="0"/>
      <file name="en.json" path="/Users/Kalibek_Turgumbayev/projects/test/league/league-ui/src/i18n/locales/en.json">
        <metrics statements="25" coveredstatements="25" conditionals="0" coveredconditionals="0" methods="0" coveredmethods="0"/>
        <line num="1" count="15" type="stmt"/>
        <line num="2" count="15" type="stmt"/>
        <line num="3" count="15" type="stmt"/>
        <line num="4" count="15" type="stmt"/>
        <line num="5" count="15" type="stmt"/>
        <line num="6" count="15" type="stmt"/>
        <line num="7" count="15" type="stmt"/>
        <line num="8" count="15" type="stmt"/>
        <line num="9" count="15" type="stmt"/>
        <line num="10" count="15" type="stmt"/>
        <line num="11" count="15" type="stmt"/>
        <line num="12" count="15" type="stmt"/>
        <line num="13" count="15" type="stmt"/>
        <line num="14" count="15" type="stmt"/>
        <line num="15" count="15" type="stmt"/>
        <line num="16" count="15" type="stmt"/>
        <line num="17" count="15" type="stmt"/>
        <line num="18" count="15" type="stmt"/>
        <line num="19" count="15" type="stmt"/>
        <line num="20" count="15" type="stmt"/>
        <line num="21" count="15" type="stmt"/>
        <line num="22" count="15" type="stmt"/>
        <line num="23" count="15" type="stmt"/>
        <line num="24" count="15" type="stmt"/>
        <line num="25" count="15" type="stmt"/>
      </file>
      <file name="kk.json" path="/Users/Kalibek_Turgumbayev/projects/test/league/league-ui/src/i18n/locales/kk.json">
        <metrics statements="25" coveredstatements="25" conditionals="0" coveredconditionals="0" methods="0" coveredmethods="0"/>
        <line num="1" count="15" type="stmt"/>
        <line num="2" count="15" type="stmt"/>
        <line num="3" count="15" type="stmt"/>
        <line num="4" count="15" type="stmt"/>
        <line num="5" count="15" type="stmt"/>
        <line num="6" count="15" type="stmt"/>
        <line num="7" count="15" type="stmt"/>
        <line num="8" count="15" type="stmt"/>
        <line num="9" count="15" type="stmt"/>
        <line num="10" count="15" type="stmt"/>
        <line num="11" count="15" type="stmt"/>
        <line num="12" count="15" type="stmt"/>
        <line num="13" count="15" type="stmt"/>
        <line num="14" count="15" type="stmt"/>
        <line num="15" count="15" type="stmt"/>
        <line num="16" count="15" type="stmt"/>
        <line num="17" count="15" type="stmt"/>
        <line num="18" count="15" type="stmt"/>
        <line num="19" count="15" type="stmt"/>
        <line num="20" count="15" type="stmt"/>
        <line num="21" count="15" type="stmt"/>
        <line num="22" count="15" type="stmt"/>
        <line num="23" count="15" type="stmt"/>
        <line num="24" count="15" type="stmt"/>
        <line num="25" count="15" type="stmt"/>
      </file>
      <file name="ru.json" path="/Users/Kalibek_Turgumbayev/projects/test/league/league-ui/src/i18n/locales/ru.json">
        <metrics statements="25" coveredstatements="25" conditionals="0" coveredconditionals="0" methods="0" coveredmethods="0"/>
        <line num="1" count="15" type="stmt"/>
        <line num="2" count="15" type="stmt"/>
        <line num="3" count="15" type="stmt"/>
        <line num="4" count="15" type="stmt"/>
        <line num="5" count="15" type="stmt"/>
        <line num="6" count="15" type="stmt"/>
        <line num="7" count="15" type="stmt"/>
        <line num="8" count="15" type="stmt"/>
        <line num="9" count="15" type="stmt"/>
        <line num="10" count="15" type="stmt"/>
        <line num="11" count="15" type="stmt"/>
        <line num="12" count="15" type="stmt"/>
        <line num="13" count="15" type="stmt"/>
        <line num="14" count="15" type="stmt"/>
        <line num="15" count="15" type="stmt"/>
        <line num="16" count="15" type="stmt"/>
        <line num="17" count="15" type="stmt"/>
        <line num="18" count="15" type="stmt"/>
        <line num="19" count="15" type="stmt"/>
        <line num="20" count="15" type="stmt"/>
        <line num="21" count="15" type="stmt"/>
        <line num="22" count="15" type="stmt"/>
        <line num="23" count="15" type="stmt"/>
        <line num="24" count="15" type="stmt"/>
        <line num="25" count="15" type="stmt"/>
      </file>
    </package>
    <package name="types">
      <metrics statements="5" coveredstatements="5" conditionals="6" coveredconditionals="6" methods="3" coveredmethods="3"/>
      <file name="index.ts" path="/Users/Kalibek_Turgumbayev/projects/test/league/league-ui/src/types/index.ts">
        <metrics statements="5" coveredstatements="5" conditionals="6" coveredconditionals="6" methods="3" coveredmethods="3"/>
        <line num="207" count="22" type="stmt"/>
        <line num="208" count="7" type="cond" truecount="2" falsecount="0"/>
        <line num="210" count="22" type="cond" truecount="2" falsecount="0"/>
        <line num="211" count="7" type="stmt"/>
        <line num="212" count="7" type="cond" truecount="2" falsecount="0"/>
      </file>
    </package>
  </project>
</coverage>
