{"/Users/Kalibek_Turgumbayev/projects/test/league/league-ui/src/components/Badge/Badge.tsx": {"path":"/Users/Kalibek_Turgumbayev/projects/test/league/league-ui/src/components/Badge/Badge.tsx","statementMap":{"0":{"start":{"line":10,"column":65},"end":{"line":15,"column":null}},"1":{"start":{"line":17,"column":50},"end":{"line":22,"column":null}},"2":{"start":{"line":25,"column":10},"end":{"line":25,"column":32}},"3":{"start":{"line":26,"column":2},"end":{"line":41,"column":null}}},"fnMap":{"0":{"name":"Badge","decl":{"start":{"line":24,"column":16},"end":{"line":24,"column":22}},"loc":{"start":{"line":24,"column":54},"end":{"line":41,"column":null}},"line":24}},"branchMap":{"0":{"loc":{"start":{"line":40,"column":7},"end":{"line":40,"column":null}},"type":"binary-expr","locations":[{"start":{"line":40,"column":7},"end":{"line":40,"column":16}},{"start":{"line":40,"column":16},"end":{"line":40,"column":null}}],"line":40}},"s":{"0":3,"1":3,"2":16,"3":16},"f":{"0":16},"b":{"0":[16,15]},"meta":{"lastBranch":1,"lastFunction":1,"lastStatement":4,"seen":{"s:10:65:15:Infinity":0,"s:17:50:22:Infinity":1,"f:24:16:24:22":0,"s:25:10:25:32":2,"s:26:2:41:Infinity":3,"b:40:7:40:16:40:16:40:Infinity":0}}}
,"/Users/Kalibek_Turgumbayev/projects/test/league/league-ui/src/components/Button/Button.tsx": {"path":"/Users/Kalibek_Turgumbayev/projects/test/league/league-ui/src/components/Button/Button.tsx","statementMap":{"0":{"start":{"line":9,"column":59},"end":{"line":25,"column":null}},"1":{"start":{"line":27,"column":50},"end":{"line":31,"column":null}},"2":{"start":{"line":42,"column":2},"end":{"line":62,"column":null}}},"fnMap":{"0":{"name":"Button","decl":{"start":{"line":33,"column":16},"end":{"line":33,"column":23}},"loc":{"start":{"line":41,"column":16},"end":{"line":62,"column":null}},"line":41}},"branchMap":{"0":{"loc":{"start":{"line":34,"column":2},"end":{"line":34,"column":null}},"type":"default-arg","locations":[{"start":{"line":34,"column":12},"end":{"line":34,"column":null}}],"line":34},"1":{"loc":{"start":{"line":35,"column":2},"end":{"line":35,"column":null}},"type":"default-arg","locations":[{"start":{"line":35,"column":12},"end":{"line":35,"column":null}}],"line":35},"2":{"loc":{"start":{"line":36,"column":2},"end":{"line":36,"column":null}},"type":"default-arg","locations":[{"start":{"line":36,"column":13},"end":{"line":36,"column":null}}],"line":36},"3":{"loc":{"start":{"line":38,"column":2},"end":{"line":38,"column":null}},"type":"default-arg","locations":[{"start":{"line":38,"column":14},"end":{"line":38,"column":null}}],"line":38},"4":{"loc":{"start":{"line":45,"column":16},"end":{"line":45,"column":null}},"type":"binary-expr","locations":[{"start":{"line":45,"column":16},"end":{"line":45,"column":28}},{"start":{"line":45,"column":28},"end":{"line":45,"column":null}}],"line":45},"5":{"loc":{"start":{"line":49,"column":7},"end":{"line":62,"column":null}},"type":"binary-expr","locations":[{"start":{"line":49,"column":7},"end":{"line":49,"column":null}},{"start":{"line":50,"column":8},"end":{"line":62,"column":null}}],"line":49}},"s":{"0":5,"1":5,"2":48},"f":{"0":48},"b":{"0":[48],"1":[48],"2":[48],"3":[48],"4":[48,44],"5":[48,2]},"meta":{"lastBranch":6,"lastFunction":1,"lastStatement":3,"seen":{"s:9:59:25:Infinity":0,"s:27:50:31:Infinity":1,"f:33:16:33:23":0,"b:34:12:34:Infinity":0,"b:35:12:35:Infinity":1,"b:36:13:36:Infinity":2,"b:38:14:38:Infinity":3,"s:42:2:62:Infinity":2,"b:45:16:45:28:45:28:45:Infinity":4,"b:49:7:49:Infinity:50:8:62:Infinity":5}}}
,"/Users/Kalibek_Turgumbayev/projects/test/league/league-ui/src/components/CSVImport/CSVImport.tsx": {"path":"/Users/Kalibek_Turgumbayev/projects/test/league/league-ui/src/components/CSVImport/CSVImport.tsx","statementMap":{"0":{"start":{"line":17,"column":10},"end":{"line":17,"column":32}},"1":{"start":{"line":18,"column":15},"end":{"line":18,"column":53}},"2":{"start":{"line":19,"column":18},"end":{"line":19,"column":56}},"3":{"start":{"line":20,"column":17},"end":{"line":20,"column":65}},"4":{"start":{"line":21,"column":19},"end":{"line":21,"column":49}},"5":{"start":{"line":22,"column":8},"end":{"line":22,"column":49}},"6":{"start":{"line":24,"column":8},"end":{"line":35,"column":null}},"7":{"start":{"line":25,"column":19},"end":{"line":25,"column":35}},"8":{"start":{"line":26,"column":4},"end":{"line":33,"column":null}},"9":{"start":{"line":27,"column":19},"end":{"line":27,"column":null}},"10":{"start":{"line":28,"column":19},"end":{"line":32,"column":51}},"11":{"start":{"line":31,"column":22},"end":{"line":31,"column":63}},"12":{"start":{"line":31,"column":51},"end":{"line":31,"column":62}},"13":{"start":{"line":32,"column":25},"end":{"line":32,"column":50}},"14":{"start":{"line":32,"column":41},"end":{"line":32,"column":50}},"15":{"start":{"line":33,"column":6},"end":{"line":33,"column":null}},"16":{"start":{"line":35,"column":4},"end":{"line":35,"column":null}},"17":{"start":{"line":38,"column":8},"end":{"line":41,"column":null}},"18":{"start":{"line":39,"column":4},"end":{"line":39,"column":null}},"19":{"start":{"line":40,"column":4},"end":{"line":40,"column":null}},"20":{"start":{"line":41,"column":4},"end":{"line":41,"column":null}},"21":{"start":{"line":44,"column":8},"end":{"line":48,"column":null}},"22":{"start":{"line":45,"column":4},"end":{"line":45,"column":null}},"23":{"start":{"line":46,"column":4},"end":{"line":46,"column":null}},"24":{"start":{"line":47,"column":14},"end":{"line":47,"column":null}},"25":{"start":{"line":48,"column":4},"end":{"line":48,"column":null}},"26":{"start":{"line":48,"column":38},"end":{"line":48,"column":null}},"27":{"start":{"line":51,"column":23},"end":{"line":54,"column":null}},"28":{"start":{"line":52,"column":4},"end":{"line":52,"column":null}},"29":{"start":{"line":52,"column":15},"end":{"line":52,"column":null}},"30":{"start":{"line":53,"column":14},"end":{"line":53,"column":34}},"31":{"start":{"line":54,"column":4},"end":{"line":54,"column":null}},"32":{"start":{"line":57,"column":2},"end":{"line":140,"column":null}},"33":{"start":{"line":61,"column":29},"end":{"line":61,"column":49}},"34":{"start":{"line":61,"column":49},"end":{"line":61,"column":null}},"35":{"start":{"line":62,"column":27},"end":{"line":62,"column":45}},"36":{"start":{"line":64,"column":23},"end":{"line":64,"column":48}},"37":{"start":{"line":75,"column":22},"end":{"line":75,"column":null}},"38":{"start":{"line":76,"column":12},"end":{"line":76,"column":null}},"39":{"start":{"line":76,"column":19},"end":{"line":76,"column":null}},"40":{"start":{"line":98,"column":18},"end":{"line":100,"column":null}},"41":{"start":{"line":106,"column":16},"end":{"line":112,"column":null}},"42":{"start":{"line":108,"column":20},"end":{"line":110,"column":null}},"43":{"start":{"line":138,"column":16},"end":{"line":138,"column":null}}},"fnMap":{"0":{"name":"CSVImport","decl":{"start":{"line":16,"column":16},"end":{"line":16,"column":26}},"loc":{"start":{"line":16,"column":73},"end":{"line":140,"column":null}},"line":16},"1":{"name":"(anonymous_1)","decl":{"start":{"line":24,"column":8},"end":{"line":24,"column":19}},"loc":{"start":{"line":24,"column":31},"end":{"line":35,"column":null}},"line":24},"2":{"name":"(anonymous_2)","decl":{"start":{"line":26,"column":11},"end":{"line":26,"column":21}},"loc":{"start":{"line":26,"column":27},"end":{"line":33,"column":null}},"line":26},"3":{"name":"(anonymous_3)","decl":{"start":{"line":31,"column":9},"end":{"line":31,"column":14}},"loc":{"start":{"line":31,"column":22},"end":{"line":31,"column":63}},"line":31},"4":{"name":"(anonymous_4)","decl":{"start":{"line":31,"column":37},"end":{"line":31,"column":42}},"loc":{"start":{"line":31,"column":51},"end":{"line":31,"column":62}},"line":31},"5":{"name":"(anonymous_5)","decl":{"start":{"line":32,"column":9},"end":{"line":32,"column":17}},"loc":{"start":{"line":32,"column":25},"end":{"line":32,"column":50}},"line":32},"6":{"name":"(anonymous_6)","decl":{"start":{"line":32,"column":29},"end":{"line":32,"column":35}},"loc":{"start":{"line":32,"column":41},"end":{"line":32,"column":50}},"line":32},"7":{"name":"(anonymous_7)","decl":{"start":{"line":38,"column":8},"end":{"line":38,"column":22}},"loc":{"start":{"line":38,"column":34},"end":{"line":41,"column":null}},"line":38},"8":{"name":"(anonymous_8)","decl":{"start":{"line":44,"column":8},"end":{"line":44,"column":22}},"loc":{"start":{"line":44,"column":45},"end":{"line":48,"column":null}},"line":44},"9":{"name":"(anonymous_9)","decl":{"start":{"line":51,"column":23},"end":{"line":51,"column":35}},"loc":{"start":{"line":51,"column":35},"end":{"line":54,"column":null}},"line":51},"10":{"name":"(anonymous_10)","decl":{"start":{"line":61,"column":8},"end":{"line":61,"column":21}},"loc":{"start":{"line":61,"column":27},"end":{"line":61,"column":null}},"line":61},"11":{"name":"(anonymous_11)","decl":{"start":{"line":62,"column":8},"end":{"line":62,"column":27}},"loc":{"start":{"line":62,"column":27},"end":{"line":62,"column":45}},"line":62},"12":{"name":"(anonymous_12)","decl":{"start":{"line":64,"column":8},"end":{"line":64,"column":23}},"loc":{"start":{"line":64,"column":23},"end":{"line":64,"column":48}},"line":64},"13":{"name":"(anonymous_13)","decl":{"start":{"line":74,"column":10},"end":{"line":74,"column":21}},"loc":{"start":{"line":74,"column":27},"end":{"line":76,"column":null}},"line":74},"14":{"name":"(anonymous_14)","decl":{"start":{"line":97,"column":28},"end":{"line":97,"column":33}},"loc":{"start":{"line":98,"column":18},"end":{"line":100,"column":null}},"line":98},"15":{"name":"(anonymous_15)","decl":{"start":{"line":105,"column":32},"end":{"line":105,"column":37}},"loc":{"start":{"line":106,"column":16},"end":{"line":112,"column":null}},"line":106},"16":{"name":"(anonymous_16)","decl":{"start":{"line":107,"column":23},"end":{"line":107,"column":28}},"loc":{"start":{"line":108,"column":20},"end":{"line":110,"column":null}},"line":108},"17":{"name":"(anonymous_17)","decl":{"start":{"line":137,"column":29},"end":{"line":137,"column":34}},"loc":{"start":{"line":138,"column":16},"end":{"line":138,"column":null}},"line":138}},"branchMap":{"0":{"loc":{"start":{"line":16,"column":38},"end":{"line":16,"column":73}},"type":"default-arg","locations":[{"start":{"line":16,"column":48},"end":{"line":16,"column":73}}],"line":16},"1":{"loc":{"start":{"line":48,"column":4},"end":{"line":48,"column":null}},"type":"if","locations":[{"start":{"line":48,"column":4},"end":{"line":48,"column":null}},{"start":{},"end":{}}],"line":48},"2":{"loc":{"start":{"line":48,"column":8},"end":{"line":48,"column":36}},"type":"binary-expr","locations":[{"start":{"line":48,"column":8},"end":{"line":48,"column":13}},{"start":{"line":48,"column":13},"end":{"line":48,"column":36}}],"line":48},"3":{"loc":{"start":{"line":52,"column":4},"end":{"line":52,"column":null}},"type":"if","locations":[{"start":{"line":52,"column":4},"end":{"line":52,"column":null}},{"start":{},"end":{}}],"line":52},"4":{"loc":{"start":{"line":66,"column":10},"end":{"line":66,"column":null}},"type":"cond-expr","locations":[{"start":{"line":66,"column":21},"end":{"line":66,"column":52}},{"start":{"line":66,"column":52},"end":{"line":66,"column":null}}],"line":66},"5":{"loc":{"start":{"line":76,"column":12},"end":{"line":76,"column":null}},"type":"if","locations":[{"start":{"line":76,"column":12},"end":{"line":76,"column":null}},{"start":{},"end":{}}],"line":76},"6":{"loc":{"start":{"line":79,"column":9},"end":{"line":87,"column":null}},"type":"cond-expr","locations":[{"start":{"line":80,"column":10},"end":{"line":82,"column":null}},{"start":{"line":82,"column":10},"end":{"line":87,"column":null}}],"line":79},"7":{"loc":{"start":{"line":92,"column":7},"end":{"line":116,"column":null}},"type":"binary-expr","locations":[{"start":{"line":92,"column":7},"end":{"line":92,"column":null}},{"start":{"line":93,"column":8},"end":{"line":116,"column":null}}],"line":92},"8":{"loc":{"start":{"line":120,"column":7},"end":{"line":123,"column":null}},"type":"binary-expr","locations":[{"start":{"line":120,"column":7},"end":{"line":120,"column":null}},{"start":{"line":121,"column":8},"end":{"line":123,"column":null}}],"line":120},"9":{"loc":{"start":{"line":127,"column":7},"end":{"line":140,"column":null}},"type":"binary-expr","locations":[{"start":{"line":127,"column":7},"end":{"line":127,"column":null}},{"start":{"line":128,"column":8},"end":{"line":140,"column":null}}],"line":127},"10":{"loc":{"start":{"line":130,"column":99},"end":{"line":132,"column":null}},"type":"binary-expr","locations":[{"start":{"line":130,"column":99},"end":{"line":131,"column":null}},{"start":{"line":132,"column":14},"end":{"line":132,"column":null}}],"line":130},"11":{"loc":{"start":{"line":131,"column":14},"end":{"line":131,"column":33}},"type":"binary-expr","locations":[{"start":{"line":131,"column":14},"end":{"line":131,"column":31}},{"start":{"line":131,"column":31},"end":{"line":131,"column":33}}],"line":131},"12":{"loc":{"start":{"line":135,"column":12},"end":{"line":140,"column":null}},"type":"binary-expr","locations":[{"start":{"line":135,"column":12},"end":{"line":135,"column":null}},{"start":{"line":136,"column":12},"end":{"line":140,"column":null}}],"line":135},"13":{"loc":{"start":{"line":135,"column":12},"end":{"line":135,"column":31}},"type":"binary-expr","locations":[{"start":{"line":135,"column":12},"end":{"line":135,"column":29}},{"start":{"line":135,"column":29},"end":{"line":135,"column":31}}],"line":135}},"s":{"0":9,"1":9,"2":9,"3":9,"4":9,"5":9,"6":9,"7":3,"8":3,"9":3,"10":3,"11":4,"12":12,"13":4,"14":4,"15":3,"16":3,"17":9,"18":3,"19":3,"20":3,"21":9,"22":0,"23":0,"24":0,"25":0,"26":0,"27":9,"28":1,"29":0,"30":1,"31":1,"32":9,"33":0,"34":0,"35":0,"36":6,"37":3,"38":3,"39":3,"40":6,"41":0,"42":0,"43":0},"f":{"0":9,"1":3,"2":3,"3":4,"4":12,"5":4,"6":4,"7":3,"8":0,"9":1,"10":0,"11":0,"12":6,"13":3,"14":6,"15":0,"16":0,"17":0},"b":{"0":[9],"1":[0,0],"2":[0,0],"3":[0,1],"4":[0,9],"5":[3,0],"6":[5,4],"7":[9,2],"8":[9,5],"9":[9,1],"10":[1,0],"11":[1,0],"12":[1,0],"13":[1,0]},"meta":{"lastBranch":14,"lastFunction":18,"lastStatement":44,"seen":{"f:16:16:16:26":0,"b:16:48:16:73":0,"s:17:10:17:32":0,"s:18:15:18:53":1,"s:19:18:19:56":2,"s:20:17:20:65":3,"s:21:19:21:49":4,"s:22:8:22:49":5,"s:24:8:35:Infinity":6,"f:24:8:24:19":1,"s:25:19:25:35":7,"s:26:4:33:Infinity":8,"f:26:11:26:21":2,"s:27:19:27:Infinity":9,"s:28:19:32:51":10,"f:31:9:31:14":3,"s:31:22:31:63":11,"f:31:37:31:42":4,"s:31:51:31:62":12,"f:32:9:32:17":5,"s:32:25:32:50":13,"f:32:29:32:35":6,"s:32:41:32:50":14,"s:33:6:33:Infinity":15,"s:35:4:35:Infinity":16,"s:38:8:41:Infinity":17,"f:38:8:38:22":7,"s:39:4:39:Infinity":18,"s:40:4:40:Infinity":19,"s:41:4:41:Infinity":20,"s:44:8:48:Infinity":21,"f:44:8:44:22":8,"s:45:4:45:Infinity":22,"s:46:4:46:Infinity":23,"s:47:14:47:Infinity":24,"b:48:4:48:Infinity:undefined:undefined:undefined:undefined":1,"s:48:4:48:Infinity":25,"b:48:8:48:13:48:13:48:36":2,"s:48:38:48:Infinity":26,"s:51:23:54:Infinity":27,"f:51:23:51:35":9,"b:52:4:52:Infinity:undefined:undefined:undefined:undefined":3,"s:52:4:52:Infinity":28,"s:52:15:52:Infinity":29,"s:53:14:53:34":30,"s:54:4:54:Infinity":31,"s:57:2:140:Infinity":32,"f:61:8:61:21":10,"s:61:29:61:49":33,"s:61:49:61:Infinity":34,"f:62:8:62:27":11,"s:62:27:62:45":35,"f:64:8:64:23":12,"s:64:23:64:48":36,"b:66:21:66:52:66:52:66:Infinity":4,"f:74:10:74:21":13,"s:75:22:75:Infinity":37,"b:76:12:76:Infinity:undefined:undefined:undefined:undefined":5,"s:76:12:76:Infinity":38,"s:76:19:76:Infinity":39,"b:80:10:82:Infinity:82:10:87:Infinity":6,"b:92:7:92:Infinity:93:8:116:Infinity":7,"f:97:28:97:33":14,"s:98:18:100:Infinity":40,"f:105:32:105:37":15,"s:106:16:112:Infinity":41,"f:107:23:107:28":16,"s:108:20:110:Infinity":42,"b:120:7:120:Infinity:121:8:123:Infinity":8,"b:127:7:127:Infinity:128:8:140:Infinity":9,"b:130:99:131:Infinity:132:14:132:Infinity":10,"b:131:14:131:31:131:31:131:33":11,"b:135:12:135:Infinity:136:12:140:Infinity":12,"b:135:12:135:29:135:29:135:31":13,"f:137:29:137:34":17,"s:138:16:138:Infinity":43}}}
,"/Users/Kalibek_Turgumbayev/projects/test/league/league-ui/src/components/GroupCard/GroupCard.tsx": {"path":"/Users/Kalibek_Turgumbayev/projects/test/league/league-ui/src/components/GroupCard/GroupCard.tsx","statementMap":{"0":{"start":{"line":25,"column":10},"end":{"line":25,"column":32}},"1":{"start":{"line":26,"column":21},"end":{"line":26,"column":62}},"2":{"start":{"line":27,"column":20},"end":{"line":27,"column":62}},"3":{"start":{"line":29,"column":2},"end":{"line":31,"column":null}},"4":{"start":{"line":30,"column":4},"end":{"line":30,"column":null}},"5":{"start":{"line":31,"column":4},"end":{"line":31,"column":null}},"6":{"start":{"line":31,"column":28},"end":{"line":31,"column":null}},"7":{"start":{"line":34,"column":16},"end":{"line":34,"column":116}},"8":{"start":{"line":36,"column":2},"end":{"line":64,"column":null}},"9":{"start":{"line":46,"column":37},"end":{"line":46,"column":60}},"10":{"start":{"line":46,"column":57},"end":{"line":46,"column":60}}},"fnMap":{"0":{"name":"GroupCard","decl":{"start":{"line":16,"column":16},"end":{"line":16,"column":26}},"loc":{"start":{"line":24,"column":19},"end":{"line":64,"column":null}},"line":24},"1":{"name":"(anonymous_1)","decl":{"start":{"line":46,"column":17},"end":{"line":46,"column":37}},"loc":{"start":{"line":46,"column":37},"end":{"line":46,"column":60}},"line":46},"2":{"name":"(anonymous_2)","decl":{"start":{"line":46,"column":37},"end":{"line":46,"column":51}},"loc":{"start":{"line":46,"column":57},"end":{"line":46,"column":60}},"line":46}},"branchMap":{"0":{"loc":{"start":{"line":21,"column":2},"end":{"line":21,"column":null}},"type":"default-arg","locations":[{"start":{"line":21,"column":16},"end":{"line":21,"column":null}}],"line":21},"1":{"loc":{"start":{"line":22,"column":2},"end":{"line":22,"column":null}},"type":"default-arg","locations":[{"start":{"line":22,"column":21},"end":{"line":22,"column":null}}],"line":22},"2":{"loc":{"start":{"line":23,"column":2},"end":{"line":23,"column":null}},"type":"default-arg","locations":[{"start":{"line":23,"column":19},"end":{"line":23,"column":null}}],"line":23},"3":{"loc":{"start":{"line":29,"column":2},"end":{"line":31,"column":null}},"type":"if","locations":[{"start":{"line":29,"column":2},"end":{"line":31,"column":null}},{"start":{},"end":{}}],"line":29},"4":{"loc":{"start":{"line":29,"column":6},"end":{"line":29,"column":52}},"type":"binary-expr","locations":[{"start":{"line":29,"column":6},"end":{"line":29,"column":21}},{"start":{"line":29,"column":21},"end":{"line":29,"column":52}}],"line":29},"5":{"loc":{"start":{"line":31,"column":4},"end":{"line":31,"column":null}},"type":"if","locations":[{"start":{"line":31,"column":4},"end":{"line":31,"column":null}},{"start":{},"end":{}}],"line":31},"6":{"loc":{"start":{"line":34,"column":16},"end":{"line":34,"column":116}},"type":"cond-expr","locations":[{"start":{"line":34,"column":45},"end":{"line":34,"column":61}},{"start":{"line":34,"column":61},"end":{"line":34,"column":116}}],"line":34},"7":{"loc":{"start":{"line":42,"column":24},"end":{"line":42,"column":null}},"type":"cond-expr","locations":[{"start":{"line":42,"column":36},"end":{"line":42,"column":45}},{"start":{"line":42,"column":45},"end":{"line":42,"column":null}}],"line":42},"8":{"loc":{"start":{"line":43,"column":18},"end":{"line":43,"column":null}},"type":"cond-expr","locations":[{"start":{"line":43,"column":32},"end":{"line":43,"column":44}},{"start":{"line":43,"column":44},"end":{"line":43,"column":null}}],"line":43},"9":{"loc":{"start":{"line":46,"column":17},"end":{"line":46,"column":null}},"type":"cond-expr","locations":[{"start":{"line":46,"column":17},"end":{"line":46,"column":60}},{"start":{"line":46,"column":63},"end":{"line":46,"column":null}}],"line":46},"10":{"loc":{"start":{"line":48,"column":9},"end":{"line":59,"column":null}},"type":"binary-expr","locations":[{"start":{"line":48,"column":9},"end":{"line":48,"column":null}},{"start":{"line":49,"column":10},"end":{"line":59,"column":null}}],"line":48},"11":{"loc":{"start":{"line":54,"column":23},"end":{"line":54,"column":null}},"type":"cond-expr","locations":[{"start":{"line":54,"column":35},"end":{"line":54,"column":54}},{"start":{"line":54,"column":54},"end":{"line":54,"column":null}}],"line":54},"12":{"loc":{"start":{"line":64,"column":7},"end":{"line":64,"column":null}},"type":"binary-expr","locations":[{"start":{"line":64,"column":7},"end":{"line":64,"column":21}},{"start":{"line":64,"column":21},"end":{"line":64,"column":null}}],"line":64}},"s":{"0":10,"1":10,"2":10,"3":10,"4":1,"5":1,"6":1,"7":10,"8":10,"9":1,"10":1},"f":{"0":10,"1":1,"2":1},"b":{"0":[10],"1":[10],"2":[10],"3":[1,9],"4":[10,6],"5":[1,0],"6":[1,9],"7":[3,7],"8":[6,4],"9":[1,4],"10":[10,6],"11":[3,3],"12":[10,7]},"meta":{"lastBranch":13,"lastFunction":3,"lastStatement":11,"seen":{"f:16:16:16:26":0,"b:21:16:21:Infinity":0,"b:22:21:22:Infinity":1,"b:23:19:23:Infinity":2,"s:25:10:25:32":0,"s:26:21:26:62":1,"s:27:20:27:62":2,"b:29:2:31:Infinity:undefined:undefined:undefined:undefined":3,"s:29:2:31:Infinity":3,"b:29:6:29:21:29:21:29:52":4,"s:30:4:30:Infinity":4,"b:31:4:31:Infinity:undefined:undefined:undefined:undefined":5,"s:31:4:31:Infinity":5,"s:31:28:31:Infinity":6,"s:34:16:34:116":7,"b:34:45:34:61:34:61:34:116":6,"s:36:2:64:Infinity":8,"b:42:36:42:45:42:45:42:Infinity":7,"b:43:32:43:44:43:44:43:Infinity":8,"b:46:17:46:60:46:63:46:Infinity":9,"f:46:17:46:37":1,"s:46:37:46:60":9,"f:46:37:46:51":2,"s:46:57:46:60":10,"b:48:9:48:Infinity:49:10:59:Infinity":10,"b:54:35:54:54:54:54:54:Infinity":11,"b:64:7:64:21:64:21:64:Infinity":12}}}
,"/Users/Kalibek_Turgumbayev/projects/test/league/league-ui/src/components/GroupStandings/GroupStandings.tsx": {"path":"/Users/Kalibek_Turgumbayev/projects/test/league/league-ui/src/components/GroupStandings/GroupStandings.tsx","statementMap":{"0":{"start":{"line":17,"column":22},"end":{"line":17,"column":63}},"1":{"start":{"line":17,"column":44},"end":{"line":17,"column":63}},"2":{"start":{"line":18,"column":19},"end":{"line":18,"column":51}},"3":{"start":{"line":19,"column":2},"end":{"line":22,"column":null}},"4":{"start":{"line":20,"column":18},"end":{"line":20,"column":46}},"5":{"start":{"line":21,"column":4},"end":{"line":21,"column":null}},"6":{"start":{"line":22,"column":4},"end":{"line":22,"column":null}},"7":{"start":{"line":24,"column":17},"end":{"line":24,"column":49}},"8":{"start":{"line":25,"column":2},"end":{"line":27,"column":null}},"9":{"start":{"line":26,"column":4},"end":{"line":27,"column":null}},"10":{"start":{"line":27,"column":6},"end":{"line":27,"column":null}},"11":{"start":{"line":30,"column":2},"end":{"line":30,"column":null}},"12":{"start":{"line":34,"column":10},"end":{"line":34,"column":32}},"13":{"start":{"line":35,"column":17},"end":{"line":35,"column":61}},"14":{"start":{"line":35,"column":45},"end":{"line":35,"column":61}},"15":{"start":{"line":36,"column":22},"end":{"line":36,"column":54}},"16":{"start":{"line":38,"column":8},"end":{"line":39,"column":null}},"17":{"start":{"line":39,"column":6},"end":{"line":39,"column":null}},"18":{"start":{"line":42,"column":22},"end":{"line":42,"column":46}},"19":{"start":{"line":43,"column":2},"end":{"line":46,"column":null}},"20":{"start":{"line":44,"column":4},"end":{"line":46,"column":null}},"21":{"start":{"line":45,"column":18},"end":{"line":45,"column":null}},"22":{"start":{"line":46,"column":6},"end":{"line":46,"column":null}},"23":{"start":{"line":50,"column":8},"end":{"line":53,"column":null}},"24":{"start":{"line":51,"column":17},"end":{"line":51,"column":null}},"25":{"start":{"line":52,"column":17},"end":{"line":52,"column":null}},"26":{"start":{"line":53,"column":4},"end":{"line":53,"column":null}},"27":{"start":{"line":56,"column":8},"end":{"line":68,"column":null}},"28":{"start":{"line":57,"column":14},"end":{"line":57,"column":44}},"29":{"start":{"line":58,"column":4},"end":{"line":58,"column":null}},"30":{"start":{"line":58,"column":12},"end":{"line":58,"column":null}},"31":{"start":{"line":59,"column":4},"end":{"line":59,"column":null}},"32":{"start":{"line":59,"column":48},"end":{"line":59,"column":null}},"33":{"start":{"line":62,"column":17},"end":{"line":62,"column":null}},"34":{"start":{"line":63,"column":15},"end":{"line":63,"column":null}},"35":{"start":{"line":64,"column":15},"end":{"line":64,"column":null}},"36":{"start":{"line":66,"column":24},"end":{"line":66,"column":null}},"37":{"start":{"line":67,"column":4},"end":{"line":67,"column":null}},"38":{"start":{"line":67,"column":36},"end":{"line":67,"column":null}},"39":{"start":{"line":68,"column":4},"end":{"line":68,"column":null}},"40":{"start":{"line":71,"column":8},"end":{"line":78,"column":null}},"41":{"start":{"line":72,"column":14},"end":{"line":72,"column":44}},"42":{"start":{"line":73,"column":4},"end":{"line":73,"column":null}},"43":{"start":{"line":73,"column":12},"end":{"line":73,"column":null}},"44":{"start":{"line":74,"column":4},"end":{"line":74,"column":null}},"45":{"start":{"line":74,"column":48},"end":{"line":74,"column":null}},"46":{"start":{"line":75,"column":4},"end":{"line":78,"column":null}},"47":{"start":{"line":81,"column":8},"end":{"line":89,"column":null}},"48":{"start":{"line":82,"column":4},"end":{"line":89,"column":null}},"49":{"start":{"line":84,"column":8},"end":{"line":88,"column":null}},"50":{"start":{"line":91,"column":8},"end":{"line":99,"column":null}},"51":{"start":{"line":92,"column":4},"end":{"line":99,"column":null}},"52":{"start":{"line":94,"column":8},"end":{"line":98,"column":null}},"53":{"start":{"line":100,"column":39},"end":{"line":103,"column":null}},"54":{"start":{"line":104,"column":39},"end":{"line":113,"column":null}},"55":{"start":{"line":115,"column":2},"end":{"line":258,"column":null}},"56":{"start":{"line":128,"column":16},"end":{"line":134,"column":null}},"57":{"start":{"line":140,"column":18},"end":{"line":140,"column":55}},"58":{"start":{"line":141,"column":25},"end":{"line":141,"column":38}},"59":{"start":{"line":143,"column":12},"end":{"line":253,"column":null}},"60":{"start":{"line":174,"column":39},"end":{"line":174,"column":64}},"61":{"start":{"line":209,"column":18},"end":{"line":216,"column":null}},"62":{"start":{"line":210,"column":20},"end":{"line":216,"column":null}},"63":{"start":{"line":219,"column":34},"end":{"line":219,"column":59}},"64":{"start":{"line":220,"column":36},"end":{"line":220,"column":null}},"65":{"start":{"line":224,"column":28},"end":{"line":224,"column":50}},"66":{"start":{"line":226,"column":18},"end":{"line":250,"column":null}},"67":{"start":{"line":241,"column":41},"end":{"line":241,"column":61}}},"fnMap":{"0":{"name":"buildTiebreakDisplayMap","decl":{"start":{"line":16,"column":9},"end":{"line":16,"column":33}},"loc":{"start":{"line":16,"column":85},"end":{"line":30,"column":null}},"line":16},"1":{"name":"(anonymous_1)","decl":{"start":{"line":17,"column":30},"end":{"line":17,"column":38}},"loc":{"start":{"line":17,"column":44},"end":{"line":17,"column":63}},"line":17},"2":{"name":"GroupStandings","decl":{"start":{"line":33,"column":16},"end":{"line":33,"column":31}},"loc":{"start":{"line":33,"column":98},"end":{"line":258,"column":null}},"line":33},"3":{"name":"(anonymous_3)","decl":{"start":{"line":35,"column":30},"end":{"line":35,"column":36}},"loc":{"start":{"line":35,"column":45},"end":{"line":35,"column":61}},"line":35},"4":{"name":"(anonymous_4)","decl":{"start":{"line":38,"column":8},"end":{"line":38,"column":22}},"loc":{"start":{"line":39,"column":6},"end":{"line":39,"column":null}},"line":39},"5":{"name":"(anonymous_5)","decl":{"start":{"line":50,"column":8},"end":{"line":50,"column":20}},"loc":{"start":{"line":50,"column":90},"end":{"line":53,"column":null}},"line":50},"6":{"name":"(anonymous_6)","decl":{"start":{"line":56,"column":8},"end":{"line":56,"column":23}},"loc":{"start":{"line":56,"column":74},"end":{"line":68,"column":null}},"line":56},"7":{"name":"(anonymous_7)","decl":{"start":{"line":71,"column":8},"end":{"line":71,"column":18}},"loc":{"start":{"line":71,"column":69},"end":{"line":78,"column":null}},"line":71},"8":{"name":"(anonymous_8)","decl":{"start":{"line":81,"column":8},"end":{"line":81,"column":16}},"loc":{"start":{"line":82,"column":4},"end":{"line":89,"column":null}},"line":82},"9":{"name":"(anonymous_9)","decl":{"start":{"line":82,"column":12},"end":{"line":82,"column":null}},"loc":{"start":{"line":84,"column":8},"end":{"line":88,"column":null}},"line":84},"10":{"name":"(anonymous_10)","decl":{"start":{"line":91,"column":8},"end":{"line":91,"column":18}},"loc":{"start":{"line":92,"column":4},"end":{"line":99,"column":null}},"line":92},"11":{"name":"(anonymous_11)","decl":{"start":{"line":92,"column":12},"end":{"line":92,"column":null}},"loc":{"start":{"line":94,"column":8},"end":{"line":98,"column":null}},"line":94},"12":{"name":"(anonymous_12)","decl":{"start":{"line":127,"column":20},"end":{"line":127,"column":25}},"loc":{"start":{"line":128,"column":16},"end":{"line":134,"column":null}},"line":128},"13":{"name":"(anonymous_13)","decl":{"start":{"line":139,"column":18},"end":{"line":139,"column":23}},"loc":{"start":{"line":139,"column":32},"end":{"line":255,"column":null}},"line":139},"14":{"name":"(anonymous_14)","decl":{"start":{"line":174,"column":24},"end":{"line":174,"column":39}},"loc":{"start":{"line":174,"column":39},"end":{"line":174,"column":64}},"line":174},"15":{"name":"(anonymous_15)","decl":{"start":{"line":208,"column":24},"end":{"line":208,"column":29}},"loc":{"start":{"line":208,"column":43},"end":{"line":250,"column":null}},"line":208},"16":{"name":"(anonymous_16)","decl":{"start":{"line":241,"column":26},"end":{"line":241,"column":41}},"loc":{"start":{"line":241,"column":41},"end":{"line":241,"column":61}},"line":241}},"branchMap":{"0":{"loc":{"start":{"line":20,"column":18},"end":{"line":20,"column":46}},"type":"binary-expr","locations":[{"start":{"line":20,"column":18},"end":{"line":20,"column":40}},{"start":{"line":20,"column":44},"end":{"line":20,"column":46}}],"line":20},"1":{"loc":{"start":{"line":27,"column":34},"end":{"line":27,"column":78}},"type":"cond-expr","locations":[{"start":{"line":27,"column":54},"end":{"line":27,"column":73}},{"start":{"line":27,"column":73},"end":{"line":27,"column":78}}],"line":27},"2":{"loc":{"start":{"line":39,"column":6},"end":{"line":39,"column":null}},"type":"cond-expr","locations":[{"start":{"line":39,"column":15},"end":{"line":39,"column":96}},{"start":{"line":39,"column":96},"end":{"line":39,"column":null}}],"line":39},"3":{"loc":{"start":{"line":44,"column":4},"end":{"line":46,"column":null}},"type":"if","locations":[{"start":{"line":44,"column":4},"end":{"line":46,"column":null}},{"start":{},"end":{}}],"line":44},"4":{"loc":{"start":{"line":44,"column":8},"end":{"line":44,"column":64}},"type":"binary-expr","locations":[{"start":{"line":44,"column":8},"end":{"line":44,"column":37}},{"start":{"line":44,"column":37},"end":{"line":44,"column":64}}],"line":44},"5":{"loc":{"start":{"line":53,"column":11},"end":{"line":53,"column":57}},"type":"binary-expr","locations":[{"start":{"line":53,"column":11},"end":{"line":53,"column":32}},{"start":{"line":53,"column":36},"end":{"line":53,"column":57}}],"line":53},"6":{"loc":{"start":{"line":58,"column":4},"end":{"line":58,"column":null}},"type":"if","locations":[{"start":{"line":58,"column":4},"end":{"line":58,"column":null}},{"start":{},"end":{}}],"line":58},"7":{"loc":{"start":{"line":59,"column":4},"end":{"line":59,"column":null}},"type":"if","locations":[{"start":{"line":59,"column":4},"end":{"line":59,"column":null}},{"start":{},"end":{}}],"line":59},"8":{"loc":{"start":{"line":59,"column":8},"end":{"line":59,"column":48}},"type":"binary-expr","locations":[{"start":{"line":59,"column":8},"end":{"line":59,"column":29}},{"start":{"line":59,"column":29},"end":{"line":59,"column":48}}],"line":59},"9":{"loc":{"start":{"line":63,"column":15},"end":{"line":63,"column":null}},"type":"cond-expr","locations":[{"start":{"line":63,"column":22},"end":{"line":63,"column":33}},{"start":{"line":63,"column":33},"end":{"line":63,"column":null}}],"line":63},"10":{"loc":{"start":{"line":64,"column":15},"end":{"line":64,"column":null}},"type":"cond-expr","locations":[{"start":{"line":64,"column":22},"end":{"line":64,"column":33}},{"start":{"line":64,"column":33},"end":{"line":64,"column":null}}],"line":64},"11":{"loc":{"start":{"line":66,"column":24},"end":{"line":66,"column":null}},"type":"cond-expr","locations":[{"start":{"line":66,"column":31},"end":{"line":66,"column":45}},{"start":{"line":66,"column":45},"end":{"line":66,"column":null}}],"line":66},"12":{"loc":{"start":{"line":67,"column":4},"end":{"line":67,"column":null}},"type":"if","locations":[{"start":{"line":67,"column":4},"end":{"line":67,"column":null}},{"start":{},"end":{}}],"line":67},"13":{"loc":{"start":{"line":67,"column":8},"end":{"line":67,"column":36}},"type":"binary-expr","locations":[{"start":{"line":67,"column":8},"end":{"line":67,"column":23}},{"start":{"line":67,"column":23},"end":{"line":67,"column":36}}],"line":67},"14":{"loc":{"start":{"line":67,"column":43},"end":{"line":67,"column":null}},"type":"cond-expr","locations":[{"start":{"line":67,"column":57},"end":{"line":67,"column":65}},{"start":{"line":67,"column":65},"end":{"line":67,"column":null}}],"line":67},"15":{"loc":{"start":{"line":73,"column":4},"end":{"line":73,"column":null}},"type":"if","locations":[{"start":{"line":73,"column":4},"end":{"line":73,"column":null}},{"start":{},"end":{}}],"line":73},"16":{"loc":{"start":{"line":74,"column":4},"end":{"line":74,"column":null}},"type":"if","locations":[{"start":{"line":74,"column":4},"end":{"line":74,"column":null}},{"start":{},"end":{}}],"line":74},"17":{"loc":{"start":{"line":74,"column":8},"end":{"line":74,"column":48}},"type":"binary-expr","locations":[{"start":{"line":74,"column":8},"end":{"line":74,"column":29}},{"start":{"line":74,"column":29},"end":{"line":74,"column":48}}],"line":74},"18":{"loc":{"start":{"line":75,"column":12},"end":{"line":78,"column":null}},"type":"binary-expr","locations":[{"start":{"line":75,"column":12},"end":{"line":75,"column":null}},{"start":{"line":76,"column":4},"end":{"line":76,"column":null}},{"start":{"line":77,"column":9},"end":{"line":77,"column":null}},{"start":{"line":78,"column":4},"end":{"line":78,"column":null}}],"line":75},"19":{"loc":{"start":{"line":84,"column":8},"end":{"line":88,"column":null}},"type":"binary-expr","locations":[{"start":{"line":84,"column":8},"end":{"line":84,"column":null}},{"start":{"line":85,"column":8},"end":{"line":85,"column":null}},{"start":{"line":86,"column":8},"end":{"line":86,"column":null}},{"start":{"line":87,"column":10},"end":{"line":87,"column":50}},{"start":{"line":87,"column":50},"end":{"line":87,"column":71}},{"start":{"line":87,"column":71},"end":{"line":87,"column":92}},{"start":{"line":87,"column":92},"end":{"line":87,"column":null}},{"start":{"line":88,"column":11},"end":{"line":88,"column":51}},{"start":{"line":88,"column":51},"end":{"line":88,"column":72}},{"start":{"line":88,"column":72},"end":{"line":88,"column":93}},{"start":{"line":88,"column":93},"end":{"line":88,"column":null}}],"line":84},"20":{"loc":{"start":{"line":94,"column":8},"end":{"line":98,"column":null}},"type":"binary-expr","locations":[{"start":{"line":94,"column":8},"end":{"line":94,"column":null}},{"start":{"line":95,"column":8},"end":{"line":95,"column":null}},{"start":{"line":96,"column":8},"end":{"line":96,"column":null}},{"start":{"line":97,"column":10},"end":{"line":97,"column":50}},{"start":{"line":97,"column":50},"end":{"line":97,"column":71}},{"start":{"line":97,"column":71},"end":{"line":97,"column":92}},{"start":{"line":97,"column":92},"end":{"line":97,"column":null}},{"start":{"line":98,"column":11},"end":{"line":98,"column":51}},{"start":{"line":98,"column":51},"end":{"line":98,"column":72}},{"start":{"line":98,"column":72},"end":{"line":98,"column":93}},{"start":{"line":98,"column":93},"end":{"line":98,"column":null}}],"line":94},"21":{"loc":{"start":{"line":147,"column":35},"end":{"line":147,"column":null}},"type":"cond-expr","locations":[{"start":{"line":147,"column":49},"end":{"line":147,"column":58}},{"start":{"line":147,"column":58},"end":{"line":147,"column":null}}],"line":147},"22":{"loc":{"start":{"line":149,"column":27},"end":{"line":149,"column":null}},"type":"cond-expr","locations":[{"start":{"line":149,"column":33},"end":{"line":149,"column":39}},{"start":{"line":149,"column":39},"end":{"line":149,"column":null}}],"line":149},"23":{"loc":{"start":{"line":161,"column":31},"end":{"line":161,"column":null}},"type":"cond-expr","locations":[{"start":{"line":161,"column":51},"end":{"line":161,"column":63}},{"start":{"line":161,"column":63},"end":{"line":161,"column":null}}],"line":161},"24":{"loc":{"start":{"line":162,"column":35},"end":{"line":162,"column":null}},"type":"cond-expr","locations":[{"start":{"line":162,"column":55},"end":{"line":162,"column":66}},{"start":{"line":162,"column":66},"end":{"line":162,"column":null}}],"line":162},"25":{"loc":{"start":{"line":163,"column":40},"end":{"line":163,"column":null}},"type":"cond-expr","locations":[{"start":{"line":163,"column":46},"end":{"line":163,"column":63}},{"start":{"line":163,"column":63},"end":{"line":163,"column":null}}],"line":163},"26":{"loc":{"start":{"line":168,"column":21},"end":{"line":169,"column":null}},"type":"binary-expr","locations":[{"start":{"line":168,"column":21},"end":{"line":168,"column":null}},{"start":{"line":169,"column":22},"end":{"line":169,"column":null}}],"line":168},"27":{"loc":{"start":{"line":171,"column":21},"end":{"line":171,"column":null}},"type":"binary-expr","locations":[{"start":{"line":171,"column":21},"end":{"line":171,"column":28}},{"start":{"line":171,"column":28},"end":{"line":171,"column":null}}],"line":171},"28":{"loc":{"start":{"line":172,"column":21},"end":{"line":181,"column":null}},"type":"binary-expr","locations":[{"start":{"line":172,"column":21},"end":{"line":172,"column":33}},{"start":{"line":172,"column":33},"end":{"line":172,"column":null}},{"start":{"line":173,"column":22},"end":{"line":181,"column":null}}],"line":172},"29":{"loc":{"start":{"line":187,"column":19},"end":{"line":187,"column":null}},"type":"cond-expr","locations":[{"start":{"line":187,"column":39},"end":{"line":187,"column":45}},{"start":{"line":187,"column":45},"end":{"line":187,"column":null}}],"line":187},"30":{"loc":{"start":{"line":187,"column":45},"end":{"line":187,"column":null}},"type":"cond-expr","locations":[{"start":{"line":187,"column":59},"end":{"line":187,"column":69}},{"start":{"line":187,"column":69},"end":{"line":187,"column":null}}],"line":187},"31":{"loc":{"start":{"line":190,"column":19},"end":{"line":190,"column":54}},"type":"cond-expr","locations":[{"start":{"line":190,"column":39},"end":{"line":190,"column":45}},{"start":{"line":190,"column":45},"end":{"line":190,"column":54}}],"line":190},"32":{"loc":{"start":{"line":192,"column":54},"end":{"line":192,"column":95}},"type":"cond-expr","locations":[{"start":{"line":192,"column":74},"end":{"line":192,"column":80}},{"start":{"line":192,"column":80},"end":{"line":192,"column":95}}],"line":192},"33":{"loc":{"start":{"line":194,"column":54},"end":{"line":194,"column":97}},"type":"cond-expr","locations":[{"start":{"line":194,"column":74},"end":{"line":194,"column":80}},{"start":{"line":194,"column":80},"end":{"line":194,"column":97}}],"line":194},"34":{"loc":{"start":{"line":198,"column":19},"end":{"line":198,"column":null}},"type":"cond-expr","locations":[{"start":{"line":198,"column":39},"end":{"line":198,"column":46}},{"start":{"line":198,"column":46},"end":{"line":198,"column":null}}],"line":198},"35":{"loc":{"start":{"line":198,"column":46},"end":{"line":198,"column":null}},"type":"binary-expr","locations":[{"start":{"line":198,"column":46},"end":{"line":198,"column":78}},{"start":{"line":198,"column":82},"end":{"line":198,"column":null}}],"line":198},"36":{"loc":{"start":{"line":201,"column":19},"end":{"line":204,"column":21}},"type":"binary-expr","locations":[{"start":{"line":201,"column":19},"end":{"line":201,"column":33}},{"start":{"line":201,"column":33},"end":{"line":201,"column":null}},{"start":{"line":202,"column":20},"end":{"line":204,"column":21}}],"line":201},"37":{"loc":{"start":{"line":204,"column":19},"end":{"line":205,"column":null}},"type":"binary-expr","locations":[{"start":{"line":204,"column":19},"end":{"line":204,"column":32}},{"start":{"line":204,"column":32},"end":{"line":204,"column":null}},{"start":{"line":205,"column":20},"end":{"line":205,"column":null}}],"line":204},"38":{"loc":{"start":{"line":209,"column":18},"end":{"line":216,"column":null}},"type":"if","locations":[{"start":{"line":209,"column":18},"end":{"line":216,"column":null}},{"start":{},"end":{}}],"line":209},"39":{"loc":{"start":{"line":232,"column":26},"end":{"line":236,"column":null}},"type":"cond-expr","locations":[{"start":{"line":233,"column":30},"end":{"line":233,"column":null}},{"start":{"line":234,"column":30},"end":{"line":236,"column":null}}],"line":232},"40":{"loc":{"start":{"line":234,"column":30},"end":{"line":236,"column":null}},"type":"cond-expr","locations":[{"start":{"line":235,"column":32},"end":{"line":235,"column":null}},{"start":{"line":236,"column":32},"end":{"line":236,"column":null}}],"line":234},"41":{"loc":{"start":{"line":239,"column":23},"end":{"line":247,"column":null}},"type":"cond-expr","locations":[{"start":{"line":240,"column":24},"end":{"line":247,"column":25}},{"start":{"line":247,"column":24},"end":{"line":247,"column":null}}],"line":239},"42":{"loc":{"start":{"line":239,"column":23},"end":{"line":239,"column":null}},"type":"binary-expr","locations":[{"start":{"line":239,"column":23},"end":{"line":239,"column":36}},{"start":{"line":239,"column":36},"end":{"line":239,"column":null}}],"line":239},"43":{"loc":{"start":{"line":241,"column":41},"end":{"line":241,"column":61}},"type":"binary-expr","locations":[{"start":{"line":241,"column":41},"end":{"line":241,"column":46}},{"start":{"line":241,"column":46},"end":{"line":241,"column":61}}],"line":241}},"s":{"0":12,"1":22,"2":12,"3":12,"4":21,"5":21,"6":21,"7":12,"8":12,"9":14,"10":21,"11":12,"12":12,"13":12,"14":10,"15":12,"16":12,"17":48,"18":12,"19":12,"20":4,"21":4,"22":4,"23":12,"24":60,"25":60,"26":60,"27":12,"28":28,"29":28,"30":22,"31":6,"32":2,"33":4,"34":4,"35":28,"36":28,"37":28,"38":2,"39":2,"40":12,"41":4,"42":4,"43":0,"44":4,"45":0,"46":4,"47":12,"48":21,"49":7,"50":12,"51":21,"52":7,"53":12,"54":12,"55":12,"56":22,"57":22,"58":22,"59":22,"60":1,"61":50,"62":22,"63":28,"64":28,"65":28,"66":28,"67":1},"f":{"0":12,"1":22,"2":12,"3":10,"4":48,"5":60,"6":28,"7":4,"8":21,"9":7,"10":21,"11":7,"12":22,"13":22,"14":1,"15":50,"16":1},"b":{"0":[21,14],"1":[14,7],"2":[48,0],"3":[4,0],"4":[4,4],"5":[60,52],"6":[22,6],"7":[2,4],"8":[6,4],"9":[2,2],"10":[2,2],"11":[2,2],"12":[2,26],"13":[28,4],"14":[1,1],"15":[0,4],"16":[0,4],"17":[4,4],"18":[4,2,2,2],"19":[7,5,4,2,1,1,1,1,1,1,1],"20":[7,5,4,2,1,1,1,2,1,1,1],"21":[14,8],"22":[2,20],"23":[1,21],"24":[1,21],"25":[2,20],"26":[22,1],"27":[22,2],"28":[22,1,1],"29":[1,21],"30":[21,0],"31":[1,21],"32":[1,21],"33":[1,21],"34":[1,21],"35":[21,7],"36":[22,1,1],"37":[22,1,1],"38":[22,28],"39":[24,4],"40":[2,2],"41":[2,26],"42":[50,2],"43":[1,1]},"meta":{"lastBranch":44,"lastFunction":17,"lastStatement":68,"seen":{"f:16:9:16:33":0,"s:17:22:17:63":0,"f:17:30:17:38":1,"s:17:44:17:63":1,"s:18:19:18:51":2,"s:19:2:22:Infinity":3,"s:20:18:20:46":4,"b:20:18:20:40:20:44:20:46":0,"s:21:4:21:Infinity":5,"s:22:4:22:Infinity":6,"s:24:17:24:49":7,"s:25:2:27:Infinity":8,"s:26:4:27:Infinity":9,"s:27:6:27:Infinity":10,"b:27:54:27:73:27:73:27:78":1,"s:30:2:30:Infinity":11,"f:33:16:33:31":2,"s:34:10:34:32":12,"s:35:17:35:61":13,"f:35:30:35:36":3,"s:35:45:35:61":14,"s:36:22:36:54":15,"s:38:8:39:Infinity":16,"f:38:8:38:22":4,"s:39:6:39:Infinity":17,"b:39:15:39:96:39:96:39:Infinity":2,"s:42:22:42:46":18,"s:43:2:46:Infinity":19,"b:44:4:46:Infinity:undefined:undefined:undefined:undefined":3,"s:44:4:46:Infinity":20,"b:44:8:44:37:44:37:44:64":4,"s:45:18:45:Infinity":21,"s:46:6:46:Infinity":22,"s:50:8:53:Infinity":23,"f:50:8:50:20":5,"s:51:17:51:Infinity":24,"s:52:17:52:Infinity":25,"s:53:4:53:Infinity":26,"b:53:11:53:32:53:36:53:57":5,"s:56:8:68:Infinity":27,"f:56:8:56:23":6,"s:57:14:57:44":28,"b:58:4:58:Infinity:undefined:undefined:undefined:undefined":6,"s:58:4:58:Infinity":29,"s:58:12:58:Infinity":30,"b:59:4:59:Infinity:undefined:undefined:undefined:undefined":7,"s:59:4:59:Infinity":31,"b:59:8:59:29:59:29:59:48":8,"s:59:48:59:Infinity":32,"s:62:17:62:Infinity":33,"s:63:15:63:Infinity":34,"b:63:22:63:33:63:33:63:Infinity":9,"s:64:15:64:Infinity":35,"b:64:22:64:33:64:33:64:Infinity":10,"s:66:24:66:Infinity":36,"b:66:31:66:45:66:45:66:Infinity":11,"b:67:4:67:Infinity:undefined:undefined:undefined:undefined":12,"s:67:4:67:Infinity":37,"b:67:8:67:23:67:23:67:36":13,"s:67:36:67:Infinity":38,"b:67:57:67:65:67:65:67:Infinity":14,"s:68:4:68:Infinity":39,"s:71:8:78:Infinity":40,"f:71:8:71:18":7,"s:72:14:72:44":41,"b:73:4:73:Infinity:undefined:undefined:undefined:undefined":15,"s:73:4:73:Infinity":42,"s:73:12:73:Infinity":43,"b:74:4:74:Infinity:undefined:undefined:undefined:undefined":16,"s:74:4:74:Infinity":44,"b:74:8:74:29:74:29:74:48":17,"s:74:48:74:Infinity":45,"s:75:4:78:Infinity":46,"b:75:12:75:Infinity:76:4:76:Infinity:77:9:77:Infinity:78:4:78:Infinity":18,"s:81:8:89:Infinity":47,"f:81:8:81:16":8,"s:82:4:89:Infinity":48,"f:82:12:82:Infinity":9,"s:84:8:88:Infinity":49,"b:84:8:84:Infinity:85:8:85:Infinity:86:8:86:Infinity:87:10:87:50:87:50:87:71:87:71:87:92:87:92:87:Infinity:88:11:88:51:88:51:88:72:88:72:88:93:88:93:88:Infinity":19,"s:91:8:99:Infinity":50,"f:91:8:91:18":10,"s:92:4:99:Infinity":51,"f:92:12:92:Infinity":11,"s:94:8:98:Infinity":52,"b:94:8:94:Infinity:95:8:95:Infinity:96:8:96:Infinity:97:10:97:50:97:50:97:71:97:71:97:92:97:92:97:Infinity:98:11:98:51:98:51:98:72:98:72:98:93:98:93:98:Infinity":20,"s:100:39:103:Infinity":53,"s:104:39:113:Infinity":54,"s:115:2:258:Infinity":55,"f:127:20:127:25":12,"s:128:16:134:Infinity":56,"f:139:18:139:23":13,"s:140:18:140:55":57,"s:141:25:141:38":58,"s:143:12:253:Infinity":59,"b:147:49:147:58:147:58:147:Infinity":21,"b:149:33:149:39:149:39:149:Infinity":22,"b:161:51:161:63:161:63:161:Infinity":23,"b:162:55:162:66:162:66:162:Infinity":24,"b:163:46:163:63:163:63:163:Infinity":25,"b:168:21:168:Infinity:169:22:169:Infinity":26,"b:171:21:171:28:171:28:171:Infinity":27,"b:172:21:172:33:172:33:172:Infinity:173:22:181:Infinity":28,"f:174:24:174:39":14,"s:174:39:174:64":60,"b:187:39:187:45:187:45:187:Infinity":29,"b:187:59:187:69:187:69:187:Infinity":30,"b:190:39:190:45:190:45:190:54":31,"b:192:74:192:80:192:80:192:95":32,"b:194:74:194:80:194:80:194:97":33,"b:198:39:198:46:198:46:198:Infinity":34,"b:198:46:198:78:198:82:198:Infinity":35,"b:201:19:201:33:201:33:201:Infinity:202:20:204:21":36,"b:204:19:204:32:204:32:204:Infinity:205:20:205:Infinity":37,"f:208:24:208:29":15,"b:209:18:216:Infinity:undefined:undefined:undefined:undefined":38,"s:209:18:216:Infinity":61,"s:210:20:216:Infinity":62,"s:219:34:219:59":63,"s:220:36:220:Infinity":64,"s:224:28:224:50":65,"s:226:18:250:Infinity":66,"b:233:30:233:Infinity:234:30:236:Infinity":39,"b:235:32:235:Infinity:236:32:236:Infinity":40,"b:240:24:247:25:247:24:247:Infinity":41,"b:239:23:239:36:239:36:239:Infinity":42,"f:241:26:241:41":16,"s:241:41:241:61":67,"b:241:41:241:46:241:46:241:61":43}}}
,"/Users/Kalibek_Turgumbayev/projects/test/league/league-ui/src/components/Input/Input.tsx": {"path":"/Users/Kalibek_Turgumbayev/projects/test/league/league-ui/src/components/Input/Input.tsx","statementMap":{"0":{"start":{"line":9,"column":18},"end":{"line":9,"column":65}},"1":{"start":{"line":10,"column":2},"end":{"line":33,"column":null}}},"fnMap":{"0":{"name":"Input","decl":{"start":{"line":8,"column":16},"end":{"line":8,"column":22}},"loc":{"start":{"line":8,"column":88},"end":{"line":33,"column":null}},"line":8}},"branchMap":{"0":{"loc":{"start":{"line":8,"column":42},"end":{"line":8,"column":58}},"type":"default-arg","locations":[{"start":{"line":8,"column":54},"end":{"line":8,"column":58}}],"line":8},"1":{"loc":{"start":{"line":9,"column":18},"end":{"line":9,"column":65}},"type":"binary-expr","locations":[{"start":{"line":9,"column":18},"end":{"line":9,"column":24}},{"start":{"line":9,"column":24},"end":{"line":9,"column":65}}],"line":9},"2":{"loc":{"start":{"line":12,"column":7},"end":{"line":15,"column":null}},"type":"binary-expr","locations":[{"start":{"line":12,"column":7},"end":{"line":12,"column":null}},{"start":{"line":13,"column":8},"end":{"line":15,"column":null}}],"line":12},"3":{"loc":{"start":{"line":21,"column":33},"end":{"line":21,"column":null}},"type":"cond-expr","locations":[{"start":{"line":21,"column":41},"end":{"line":21,"column":53}},{"start":{"line":21,"column":53},"end":{"line":21,"column":null}}],"line":21},"4":{"loc":{"start":{"line":33,"column":7},"end":{"line":33,"column":null}},"type":"binary-expr","locations":[{"start":{"line":33,"column":7},"end":{"line":33,"column":16}},{"start":{"line":33,"column":16},"end":{"line":33,"column":null}}],"line":33}},"s":{"0":23,"1":23},"f":{"0":23},"b":{"0":[23],"1":[23,23],"2":[23,23],"3":[1,22],"4":[23,1]},"meta":{"lastBranch":5,"lastFunction":1,"lastStatement":2,"seen":{"f:8:16:8:22":0,"b:8:54:8:58":0,"s:9:18:9:65":0,"b:9:18:9:24:9:24:9:65":1,"s:10:2:33:Infinity":1,"b:12:7:12:Infinity:13:8:15:Infinity":2,"b:21:41:21:53:21:53:21:Infinity":3,"b:33:7:33:16:33:16:33:Infinity":4}}}
,"/Users/Kalibek_Turgumbayev/projects/test/league/league-ui/src/components/LeagueConfigForm/LeagueConfigForm.tsx": {"path":"/Users/Kalibek_Turgumbayev/projects/test/league/league-ui/src/components/LeagueConfigForm/LeagueConfigForm.tsx","statementMap":{"0":{"start":{"line":16,"column":10},"end":{"line":16,"column":32}},"1":{"start":{"line":17,"column":17},"end":{"line":17,"column":61}},"2":{"start":{"line":19,"column":8},"end":{"line":22,"column":null}},"3":{"start":{"line":19,"column":15},"end":{"line":22,"column":null}},"4":{"start":{"line":20,"column":17},"end":{"line":20,"column":null}},"5":{"start":{"line":21,"column":4},"end":{"line":21,"column":null}},"6":{"start":{"line":22,"column":4},"end":{"line":22,"column":null}},"7":{"start":{"line":22,"column":18},"end":{"line":22,"column":null}},"8":{"start":{"line":25,"column":8},"end":{"line":27,"column":null}},"9":{"start":{"line":26,"column":4},"end":{"line":26,"column":null}},"10":{"start":{"line":27,"column":4},"end":{"line":27,"column":null}},"11":{"start":{"line":30,"column":18},"end":{"line":30,"column":null}},"12":{"start":{"line":31,"column":23},"end":{"line":31,"column":65}},"13":{"start":{"line":33,"column":2},"end":{"line":77,"column":null}}},"fnMap":{"0":{"name":"LeagueConfigForm","decl":{"start":{"line":15,"column":16},"end":{"line":15,"column":33}},"loc":{"start":{"line":15,"column":140},"end":{"line":77,"column":null}},"line":15},"1":{"name":"(anonymous_1)","decl":{"start":{"line":19,"column":8},"end":{"line":19,"column":15}},"loc":{"start":{"line":19,"column":15},"end":{"line":22,"column":null}},"line":19},"2":{"name":"(anonymous_2)","decl":{"start":{"line":19,"column":15},"end":{"line":19,"column":44}},"loc":{"start":{"line":19,"column":87},"end":{"line":22,"column":null}},"line":19},"3":{"name":"(anonymous_3)","decl":{"start":{"line":25,"column":8},"end":{"line":25,"column":24}},"loc":{"start":{"line":25,"column":47},"end":{"line":27,"column":null}},"line":25}},"branchMap":{"0":{"loc":{"start":{"line":15,"column":54},"end":{"line":15,"column":71}},"type":"default-arg","locations":[{"start":{"line":15,"column":64},"end":{"line":15,"column":71}}],"line":15},"1":{"loc":{"start":{"line":15,"column":71},"end":{"line":15,"column":97}},"type":"default-arg","locations":[{"start":{"line":15,"column":90},"end":{"line":15,"column":97}}],"line":15},"2":{"loc":{"start":{"line":15,"column":97},"end":{"line":15,"column":140}},"type":"default-arg","locations":[{"start":{"line":15,"column":108},"end":{"line":15,"column":140}}],"line":15},"3":{"loc":{"start":{"line":22,"column":4},"end":{"line":22,"column":null}},"type":"if","locations":[{"start":{"line":22,"column":4},"end":{"line":22,"column":null}},{"start":{},"end":{}}],"line":22},"4":{"loc":{"start":{"line":30,"column":18},"end":{"line":30,"column":null}},"type":"cond-expr","locations":[{"start":{"line":30,"column":29},"end":{"line":30,"column":37}},{"start":{"line":30,"column":37},"end":{"line":30,"column":null}}],"line":30},"5":{"loc":{"start":{"line":31,"column":23},"end":{"line":31,"column":65}},"type":"cond-expr","locations":[{"start":{"line":31,"column":34},"end":{"line":31,"column":36}},{"start":{"line":31,"column":39},"end":{"line":31,"column":65}}],"line":31},"6":{"loc":{"start":{"line":35,"column":7},"end":{"line":38,"column":null}},"type":"binary-expr","locations":[{"start":{"line":35,"column":7},"end":{"line":35,"column":null}},{"start":{"line":36,"column":8},"end":{"line":38,"column":null}}],"line":35},"7":{"loc":{"start":{"line":74,"column":7},"end":{"line":77,"column":null}},"type":"binary-expr","locations":[{"start":{"line":74,"column":7},"end":{"line":74,"column":null}},{"start":{"line":75,"column":8},"end":{"line":77,"column":null}}],"line":74}},"s":{"0":5,"1":5,"2":5,"3":20,"4":2,"5":2,"6":2,"7":0,"8":5,"9":1,"10":1,"11":5,"12":5,"13":5},"f":{"0":5,"1":20,"2":2,"3":1},"b":{"0":[5],"1":[5],"2":[5],"3":[0,2],"4":[0,5],"5":[0,5],"6":[5,1],"7":[5,5]},"meta":{"lastBranch":8,"lastFunction":4,"lastStatement":14,"seen":{"f:15:16:15:33":0,"b:15:64:15:71":0,"b:15:90:15:97":1,"b:15:108:15:140":2,"s:16:10:16:32":0,"s:17:17:17:61":1,"s:19:8:22:Infinity":2,"f:19:8:19:15":1,"s:19:15:22:Infinity":3,"f:19:15:19:44":2,"s:20:17:20:Infinity":4,"s:21:4:21:Infinity":5,"b:22:4:22:Infinity:undefined:undefined:undefined:undefined":3,"s:22:4:22:Infinity":6,"s:22:18:22:Infinity":7,"s:25:8:27:Infinity":8,"f:25:8:25:24":3,"s:26:4:26:Infinity":9,"s:27:4:27:Infinity":10,"s:30:18:30:Infinity":11,"b:30:29:30:37:30:37:30:Infinity":4,"s:31:23:31:65":12,"b:31:34:31:36:31:39:31:65":5,"s:33:2:77:Infinity":13,"b:35:7:35:Infinity:36:8:38:Infinity":6,"b:74:7:74:Infinity:75:8:77:Infinity":7}}}
,"/Users/Kalibek_Turgumbayev/projects/test/league/league-ui/src/components/MatchGrid/MatchGrid.tsx": {"path":"/Users/Kalibek_Turgumbayev/projects/test/league/league-ui/src/components/MatchGrid/MatchGrid.tsx","statementMap":{"0":{"start":{"line":20,"column":2},"end":{"line":20,"column":null}},"1":{"start":{"line":20,"column":27},"end":{"line":20,"column":null}},"2":{"start":{"line":21,"column":2},"end":{"line":21,"column":null}},"3":{"start":{"line":21,"column":34},"end":{"line":21,"column":null}},"4":{"start":{"line":22,"column":2},"end":{"line":22,"column":null}},"5":{"start":{"line":26,"column":16},"end":{"line":26,"column":37}},"6":{"start":{"line":27,"column":2},"end":{"line":27,"column":null}},"7":{"start":{"line":27,"column":27},"end":{"line":27,"column":null}},"8":{"start":{"line":28,"column":2},"end":{"line":30,"column":null}},"9":{"start":{"line":29,"column":4},"end":{"line":29,"column":null}},"10":{"start":{"line":29,"column":36},"end":{"line":29,"column":null}},"11":{"start":{"line":30,"column":4},"end":{"line":30,"column":null}},"12":{"start":{"line":32,"column":2},"end":{"line":32,"column":null}},"13":{"start":{"line":38,"column":10},"end":{"line":38,"column":32}},"14":{"start":{"line":39,"column":22},"end":{"line":39,"column":100}},"15":{"start":{"line":39,"column":48},"end":{"line":39,"column":67}},"16":{"start":{"line":39,"column":84},"end":{"line":39,"column":100}},"17":{"start":{"line":41,"column":22},"end":{"line":41,"column":46}},"18":{"start":{"line":42,"column":2},"end":{"line":44,"column":null}},"19":{"start":{"line":43,"column":4},"end":{"line":44,"column":null}},"20":{"start":{"line":44,"column":6},"end":{"line":44,"column":null}},"21":{"start":{"line":48,"column":8},"end":{"line":49,"column":72}},"22":{"start":{"line":49,"column":4},"end":{"line":49,"column":72}},"23":{"start":{"line":51,"column":8},"end":{"line":52,"column":51}},"24":{"start":{"line":52,"column":4},"end":{"line":52,"column":51}},"25":{"start":{"line":52,"column":28},"end":{"line":52,"column":51}},"26":{"start":{"line":54,"column":8},"end":{"line":55,"column":null}},"27":{"start":{"line":55,"column":4},"end":{"line":55,"column":null}},"28":{"start":{"line":57,"column":8},"end":{"line":75,"column":null}},"29":{"start":{"line":58,"column":12},"end":{"line":58,"column":null}},"30":{"start":{"line":59,"column":4},"end":{"line":59,"column":null}},"31":{"start":{"line":59,"column":15},"end":{"line":59,"column":null}},"32":{"start":{"line":60,"column":16},"end":{"line":60,"column":46}},"33":{"start":{"line":60,"column":30},"end":{"line":60,"column":46}},"34":{"start":{"line":61,"column":4},"end":{"line":61,"column":null}},"35":{"start":{"line":61,"column":23},"end":{"line":61,"column":39}},"36":{"start":{"line":61,"column":39},"end":{"line":61,"column":null}},"37":{"start":{"line":62,"column":28},"end":{"line":62,"column":30}},"38":{"start":{"line":63,"column":4},"end":{"line":73,"column":null}},"39":{"start":{"line":63,"column":17},"end":{"line":63,"column":20}},"40":{"start":{"line":64,"column":27},"end":{"line":64,"column":null}},"41":{"start":{"line":65,"column":6},"end":{"line":69,"column":null}},"42":{"start":{"line":65,"column":19},"end":{"line":65,"column":22}},"43":{"start":{"line":66,"column":18},"end":{"line":66,"column":28}},"44":{"start":{"line":66,"column":32},"end":{"line":66,"column":null}},"45":{"start":{"line":67,"column":8},"end":{"line":69,"column":null}},"46":{"start":{"line":68,"column":20},"end":{"line":68,"column":38}},"47":{"start":{"line":69,"column":10},"end":{"line":69,"column":null}},"48":{"start":{"line":69,"column":17},"end":{"line":69,"column":null}},"49":{"start":{"line":72,"column":6},"end":{"line":72,"column":null}},"50":{"start":{"line":73,"column":6},"end":{"line":73,"column":null}},"51":{"start":{"line":75,"column":4},"end":{"line":75,"column":null}},"52":{"start":{"line":78,"column":2},"end":{"line":79,"column":null}},"53":{"start":{"line":79,"column":4},"end":{"line":79,"column":null}},"54":{"start":{"line":82,"column":17},"end":{"line":82,"column":39}},"55":{"start":{"line":84,"column":2},"end":{"line":254,"column":null}},"56":{"start":{"line":90,"column":10},"end":{"line":250,"column":null}},"57":{"start":{"line":133,"column":29},"end":{"line":133,"column":60}},"58":{"start":{"line":134,"column":29},"end":{"line":134,"column":60}},"59":{"start":{"line":135,"column":18},"end":{"line":135,"column":null}},"60":{"start":{"line":135,"column":34},"end":{"line":135,"column":null}},"61":{"start":{"line":137,"column":32},"end":{"line":137,"column":53}},"62":{"start":{"line":138,"column":36},"end":{"line":138,"column":null}},"63":{"start":{"line":139,"column":32},"end":{"line":139,"column":53}},"64":{"start":{"line":142,"column":31},"end":{"line":142,"column":null}},"65":{"start":{"line":143,"column":34},"end":{"line":143,"column":null}},"66":{"start":{"line":144,"column":35},"end":{"line":144,"column":null}},"67":{"start":{"line":145,"column":35},"end":{"line":145,"column":null}},"68":{"start":{"line":147,"column":18},"end":{"line":156,"column":null}},"69":{"start":{"line":148,"column":20},"end":{"line":148,"column":null}},"70":{"start":{"line":149,"column":20},"end":{"line":149,"column":null}},"71":{"start":{"line":150,"column":20},"end":{"line":150,"column":null}},"72":{"start":{"line":151,"column":20},"end":{"line":151,"column":null}},"73":{"start":{"line":152,"column":29},"end":{"line":156,"column":null}},"74":{"start":{"line":153,"column":20},"end":{"line":153,"column":null}},"75":{"start":{"line":154,"column":20},"end":{"line":154,"column":null}},"76":{"start":{"line":155,"column":20},"end":{"line":155,"column":null}},"77":{"start":{"line":156,"column":20},"end":{"line":156,"column":null}},"78":{"start":{"line":159,"column":51},"end":{"line":175,"column":null}},"79":{"start":{"line":177,"column":55},"end":{"line":182,"column":null}},"80":{"start":{"line":184,"column":18},"end":{"line":245,"column":null}},"81":{"start":{"line":235,"column":43},"end":{"line":235,"column":58}}},"fnMap":{"0":{"name":"getRoundMatchState","decl":{"start":{"line":19,"column":9},"end":{"line":19,"column":28}},"loc":{"start":{"line":19,"column":71},"end":{"line":22,"column":null}},"line":19},"1":{"name":"getRoundScoreLabel","decl":{"start":{"line":25,"column":9},"end":{"line":25,"column":28}},"loc":{"start":{"line":25,"column":46},"end":{"line":32,"column":null}},"line":25},"2":{"name":"MatchGrid","decl":{"start":{"line":37,"column":16},"end":{"line":37,"column":26}},"loc":{"start":{"line":37,"column":78},"end":{"line":254,"column":null}},"line":37},"3":{"name":"(anonymous_3)","decl":{"start":{"line":39,"column":34},"end":{"line":39,"column":42}},"loc":{"start":{"line":39,"column":48},"end":{"line":39,"column":67}},"line":39},"4":{"name":"(anonymous_4)","decl":{"start":{"line":39,"column":69},"end":{"line":39,"column":75}},"loc":{"start":{"line":39,"column":84},"end":{"line":39,"column":100}},"line":39},"5":{"name":"(anonymous_5)","decl":{"start":{"line":48,"column":8},"end":{"line":48,"column":24}},"loc":{"start":{"line":49,"column":4},"end":{"line":49,"column":72}},"line":49},"6":{"name":"(anonymous_6)","decl":{"start":{"line":51,"column":8},"end":{"line":51,"column":25}},"loc":{"start":{"line":52,"column":4},"end":{"line":52,"column":51}},"line":52},"7":{"name":"(anonymous_7)","decl":{"start":{"line":52,"column":16},"end":{"line":52,"column":22}},"loc":{"start":{"line":52,"column":28},"end":{"line":52,"column":51}},"line":52},"8":{"name":"(anonymous_8)","decl":{"start":{"line":54,"column":8},"end":{"line":54,"column":22}},"loc":{"start":{"line":55,"column":4},"end":{"line":55,"column":null}},"line":55},"9":{"name":"(anonymous_9)","decl":{"start":{"line":57,"column":8},"end":{"line":57,"column":21}},"loc":{"start":{"line":57,"column":52},"end":{"line":75,"column":null}},"line":57},"10":{"name":"(anonymous_10)","decl":{"start":{"line":60,"column":19},"end":{"line":60,"column":24}},"loc":{"start":{"line":60,"column":30},"end":{"line":60,"column":46}},"line":60},"11":{"name":"(anonymous_11)","decl":{"start":{"line":89,"column":16},"end":{"line":89,"column":21}},"loc":{"start":{"line":90,"column":10},"end":{"line":250,"column":null}},"line":90},"12":{"name":"(anonymous_12)","decl":{"start":{"line":132,"column":27},"end":{"line":132,"column":32}},"loc":{"start":{"line":132,"column":43},"end":{"line":247,"column":null}},"line":132},"13":{"name":"(anonymous_13)","decl":{"start":{"line":235,"column":28},"end":{"line":235,"column":43}},"loc":{"start":{"line":235,"column":43},"end":{"line":235,"column":58}},"line":235}},"branchMap":{"0":{"loc":{"start":{"line":20,"column":2},"end":{"line":20,"column":null}},"type":"if","locations":[{"start":{"line":20,"column":2},"end":{"line":20,"column":null}},{"start":{},"end":{}}],"line":20},"1":{"loc":{"start":{"line":21,"column":2},"end":{"line":21,"column":null}},"type":"if","locations":[{"start":{"line":21,"column":2},"end":{"line":21,"column":null}},{"start":{},"end":{}}],"line":21},"2":{"loc":{"start":{"line":21,"column":6},"end":{"line":21,"column":34}},"type":"binary-expr","locations":[{"start":{"line":21,"column":6},"end":{"line":21,"column":21}},{"start":{"line":21,"column":21},"end":{"line":21,"column":34}}],"line":21},"3":{"loc":{"start":{"line":27,"column":2},"end":{"line":27,"column":null}},"type":"if","locations":[{"start":{"line":27,"column":2},"end":{"line":27,"column":null}},{"start":{},"end":{}}],"line":27},"4":{"loc":{"start":{"line":28,"column":2},"end":{"line":30,"column":null}},"type":"if","locations":[{"start":{"line":28,"column":2},"end":{"line":30,"column":null}},{"start":{},"end":{}}],"line":28},"5":{"loc":{"start":{"line":29,"column":4},"end":{"line":29,"column":null}},"type":"if","locations":[{"start":{"line":29,"column":4},"end":{"line":29,"column":null}},{"start":{},"end":{}}],"line":29},"6":{"loc":{"start":{"line":29,"column":8},"end":{"line":29,"column":36}},"type":"binary-expr","locations":[{"start":{"line":29,"column":8},"end":{"line":29,"column":23}},{"start":{"line":29,"column":23},"end":{"line":29,"column":36}}],"line":29},"7":{"loc":{"start":{"line":30,"column":11},"end":{"line":30,"column":null}},"type":"cond-expr","locations":[{"start":{"line":30,"column":25},"end":{"line":30,"column":33}},{"start":{"line":30,"column":33},"end":{"line":30,"column":null}}],"line":30},"8":{"loc":{"start":{"line":32,"column":9},"end":{"line":32,"column":null}},"type":"cond-expr","locations":[{"start":{"line":32,"column":50},"end":{"line":32,"column":80}},{"start":{"line":32,"column":80},"end":{"line":32,"column":null}}],"line":32},"9":{"loc":{"start":{"line":32,"column":9},"end":{"line":32,"column":50}},"type":"binary-expr","locations":[{"start":{"line":32,"column":9},"end":{"line":32,"column":30}},{"start":{"line":32,"column":30},"end":{"line":32,"column":50}}],"line":32},"10":{"loc":{"start":{"line":43,"column":4},"end":{"line":44,"column":null}},"type":"if","locations":[{"start":{"line":43,"column":4},"end":{"line":44,"column":null}},{"start":{},"end":{}}],"line":43},"11":{"loc":{"start":{"line":43,"column":8},"end":{"line":43,"column":64}},"type":"binary-expr","locations":[{"start":{"line":43,"column":8},"end":{"line":43,"column":37}},{"start":{"line":43,"column":37},"end":{"line":43,"column":64}}],"line":43},"12":{"loc":{"start":{"line":49,"column":4},"end":{"line":49,"column":72}},"type":"binary-expr","locations":[{"start":{"line":49,"column":4},"end":{"line":49,"column":36}},{"start":{"line":49,"column":40},"end":{"line":49,"column":72}}],"line":49},"13":{"loc":{"start":{"line":55,"column":4},"end":{"line":55,"column":null}},"type":"cond-expr","locations":[{"start":{"line":55,"column":13},"end":{"line":55,"column":56}},{"start":{"line":55,"column":56},"end":{"line":55,"column":null}}],"line":55},"14":{"loc":{"start":{"line":59,"column":4},"end":{"line":59,"column":null}},"type":"if","locations":[{"start":{"line":59,"column":4},"end":{"line":59,"column":null}},{"start":{},"end":{}}],"line":59},"15":{"loc":{"start":{"line":61,"column":4},"end":{"line":61,"column":null}},"type":"if","locations":[{"start":{"line":61,"column":4},"end":{"line":61,"column":null}},{"start":{},"end":{}}],"line":61},"16":{"loc":{"start":{"line":67,"column":8},"end":{"line":69,"column":null}},"type":"if","locations":[{"start":{"line":67,"column":8},"end":{"line":69,"column":null}},{"start":{},"end":{}}],"line":67},"17":{"loc":{"start":{"line":67,"column":12},"end":{"line":67,"column":34}},"type":"binary-expr","locations":[{"start":{"line":67,"column":12},"end":{"line":67,"column":24}},{"start":{"line":67,"column":24},"end":{"line":67,"column":34}}],"line":67},"18":{"loc":{"start":{"line":69,"column":10},"end":{"line":69,"column":null}},"type":"if","locations":[{"start":{"line":69,"column":10},"end":{"line":69,"column":null}},{"start":{},"end":{}}],"line":69},"19":{"loc":{"start":{"line":78,"column":2},"end":{"line":79,"column":null}},"type":"if","locations":[{"start":{"line":78,"column":2},"end":{"line":79,"column":null}},{"start":{},"end":{}}],"line":78},"20":{"loc":{"start":{"line":135,"column":18},"end":{"line":135,"column":null}},"type":"if","locations":[{"start":{"line":135,"column":18},"end":{"line":135,"column":null}},{"start":{},"end":{}}],"line":135},"21":{"loc":{"start":{"line":135,"column":22},"end":{"line":135,"column":34}},"type":"binary-expr","locations":[{"start":{"line":135,"column":22},"end":{"line":135,"column":29}},{"start":{"line":135,"column":29},"end":{"line":135,"column":34}}],"line":135},"22":{"loc":{"start":{"line":143,"column":34},"end":{"line":143,"column":null}},"type":"cond-expr","locations":[{"start":{"line":143,"column":46},"end":{"line":143,"column":58}},{"start":{"line":143,"column":58},"end":{"line":143,"column":null}}],"line":143},"23":{"loc":{"start":{"line":144,"column":51},"end":{"line":144,"column":null}},"type":"cond-expr","locations":[{"start":{"line":144,"column":63},"end":{"line":144,"column":75}},{"start":{"line":144,"column":75},"end":{"line":144,"column":null}}],"line":144},"24":{"loc":{"start":{"line":147,"column":18},"end":{"line":156,"column":null}},"type":"if","locations":[{"start":{"line":147,"column":18},"end":{"line":156,"column":null}},{"start":{"line":152,"column":29},"end":{"line":156,"column":null}}],"line":147},"25":{"loc":{"start":{"line":152,"column":29},"end":{"line":156,"column":null}},"type":"if","locations":[{"start":{"line":152,"column":29},"end":{"line":156,"column":null}},{"start":{},"end":{}}],"line":152},"26":{"loc":{"start":{"line":172,"column":28},"end":{"line":172,"column":null}},"type":"cond-expr","locations":[{"start":{"line":172,"column":40},"end":{"line":172,"column":52}},{"start":{"line":172,"column":52},"end":{"line":172,"column":null}}],"line":172},"27":{"loc":{"start":{"line":187,"column":42},"end":{"line":187,"column":84}},"type":"cond-expr","locations":[{"start":{"line":187,"column":54},"end":{"line":187,"column":63}},{"start":{"line":187,"column":63},"end":{"line":187,"column":84}}],"line":187},"28":{"loc":{"start":{"line":233,"column":25},"end":{"line":242,"column":null}},"type":"cond-expr","locations":[{"start":{"line":234,"column":26},"end":{"line":242,"column":27}},{"start":{"line":242,"column":26},"end":{"line":242,"column":null}}],"line":233},"29":{"loc":{"start":{"line":233,"column":25},"end":{"line":233,"column":null}},"type":"binary-expr","locations":[{"start":{"line":233,"column":25},"end":{"line":233,"column":38}},{"start":{"line":233,"column":38},"end":{"line":233,"column":null}}],"line":233}},"s":{"0":10,"1":4,"2":6,"3":0,"4":6,"5":5,"6":5,"7":2,"8":3,"9":0,"10":0,"11":0,"12":3,"13":6,"14":6,"15":12,"16":5,"17":6,"18":6,"19":5,"20":5,"21":6,"22":5,"23":6,"24":10,"25":15,"26":6,"27":12,"28":6,"29":6,"30":6,"31":1,"32":5,"33":10,"34":5,"35":0,"36":0,"37":5,"38":5,"39":5,"40":5,"41":5,"42":5,"43":5,"44":5,"45":5,"46":5,"47":5,"48":5,"49":5,"50":5,"51":5,"52":6,"53":0,"54":6,"55":6,"56":5,"57":5,"58":5,"59":5,"60":0,"61":5,"62":5,"63":5,"64":5,"65":5,"66":5,"67":5,"68":5,"69":3,"70":3,"71":3,"72":3,"73":2,"74":0,"75":0,"76":0,"77":0,"78":5,"79":5,"80":5,"81":1},"f":{"0":10,"1":5,"2":6,"3":12,"4":5,"5":5,"6":10,"7":15,"8":12,"9":6,"10":10,"11":5,"12":5,"13":1},"b":{"0":[4,6],"1":[0,6],"2":[6,6],"3":[2,3],"4":[0,3],"5":[0,0],"6":[0,0],"7":[0,0],"8":[3,0],"9":[3,3],"10":[5,0],"11":[5,5],"12":[5,0],"13":[12,0],"14":[1,5],"15":[0,5],"16":[5,0],"17":[5,5],"18":[5,0],"19":[0,6],"20":[0,5],"21":[5,5],"22":[1,4],"23":[1,4],"24":[3,2],"25":[0,2],"26":[1,4],"27":[5,0],"28":[1,4],"29":[5,1]},"meta":{"lastBranch":30,"lastFunction":14,"lastStatement":82,"seen":{"f:19:9:19:28":0,"b:20:2:20:Infinity:undefined:undefined:undefined:undefined":0,"s:20:2:20:Infinity":0,"s:20:27:20:Infinity":1,"b:21:2:21:Infinity:undefined:undefined:undefined:undefined":1,"s:21:2:21:Infinity":2,"b:21:6:21:21:21:21:21:34":2,"s:21:34:21:Infinity":3,"s:22:2:22:Infinity":4,"f:25:9:25:28":1,"s:26:16:26:37":5,"b:27:2:27:Infinity:undefined:undefined:undefined:undefined":3,"s:27:2:27:Infinity":6,"s:27:27:27:Infinity":7,"b:28:2:30:Infinity:undefined:undefined:undefined:undefined":4,"s:28:2:30:Infinity":8,"b:29:4:29:Infinity:undefined:undefined:undefined:undefined":5,"s:29:4:29:Infinity":9,"b:29:8:29:23:29:23:29:36":6,"s:29:36:29:Infinity":10,"s:30:4:30:Infinity":11,"b:30:25:30:33:30:33:30:Infinity":7,"s:32:2:32:Infinity":12,"b:32:50:32:80:32:80:32:Infinity":8,"b:32:9:32:30:32:30:32:50":9,"f:37:16:37:26":2,"s:38:10:38:32":13,"s:39:22:39:100":14,"f:39:34:39:42":3,"s:39:48:39:67":15,"f:39:69:39:75":4,"s:39:84:39:100":16,"s:41:22:41:46":17,"s:42:2:44:Infinity":18,"b:43:4:44:Infinity:undefined:undefined:undefined:undefined":10,"s:43:4:44:Infinity":19,"b:43:8:43:37:43:37:43:64":11,"s:44:6:44:Infinity":20,"s:48:8:49:72":21,"f:48:8:48:24":5,"s:49:4:49:72":22,"b:49:4:49:36:49:40:49:72":12,"s:51:8:52:51":23,"f:51:8:51:25":6,"s:52:4:52:51":24,"f:52:16:52:22":7,"s:52:28:52:51":25,"s:54:8:55:Infinity":26,"f:54:8:54:22":8,"s:55:4:55:Infinity":27,"b:55:13:55:56:55:56:55:Infinity":13,"s:57:8:75:Infinity":28,"f:57:8:57:21":9,"s:58:12:58:Infinity":29,"b:59:4:59:Infinity:undefined:undefined:undefined:undefined":14,"s:59:4:59:Infinity":30,"s:59:15:59:Infinity":31,"s:60:16:60:46":32,"f:60:19:60:24":10,"s:60:30:60:46":33,"b:61:4:61:Infinity:undefined:undefined:undefined:undefined":15,"s:61:4:61:Infinity":34,"s:61:23:61:39":35,"s:61:39:61:Infinity":36,"s:62:28:62:30":37,"s:63:4:73:Infinity":38,"s:63:17:63:20":39,"s:64:27:64:Infinity":40,"s:65:6:69:Infinity":41,"s:65:19:65:22":42,"s:66:18:66:28":43,"s:66:32:66:Infinity":44,"b:67:8:69:Infinity:undefined:undefined:undefined:undefined":16,"s:67:8:69:Infinity":45,"b:67:12:67:24:67:24:67:34":17,"s:68:20:68:38":46,"b:69:10:69:Infinity:undefined:undefined:undefined:undefined":18,"s:69:10:69:Infinity":47,"s:69:17:69:Infinity":48,"s:72:6:72:Infinity":49,"s:73:6:73:Infinity":50,"s:75:4:75:Infinity":51,"b:78:2:79:Infinity:undefined:undefined:undefined:undefined":19,"s:78:2:79:Infinity":52,"s:79:4:79:Infinity":53,"s:82:17:82:39":54,"s:84:2:254:Infinity":55,"f:89:16:89:21":11,"s:90:10:250:Infinity":56,"f:132:27:132:32":12,"s:133:29:133:60":57,"s:134:29:134:60":58,"b:135:18:135:Infinity:undefined:undefined:undefined:undefined":20,"s:135:18:135:Infinity":59,"b:135:22:135:29:135:29:135:34":21,"s:135:34:135:Infinity":60,"s:137:32:137:53":61,"s:138:36:138:Infinity":62,"s:139:32:139:53":63,"s:142:31:142:Infinity":64,"s:143:34:143:Infinity":65,"b:143:46:143:58:143:58:143:Infinity":22,"s:144:35:144:Infinity":66,"b:144:63:144:75:144:75:144:Infinity":23,"s:145:35:145:Infinity":67,"b:147:18:156:Infinity:152:29:156:Infinity":24,"s:147:18:156:Infinity":68,"s:148:20:148:Infinity":69,"s:149:20:149:Infinity":70,"s:150:20:150:Infinity":71,"s:151:20:151:Infinity":72,"b:152:29:156:Infinity:undefined:undefined:undefined:undefined":25,"s:152:29:156:Infinity":73,"s:153:20:153:Infinity":74,"s:154:20:154:Infinity":75,"s:155:20:155:Infinity":76,"s:156:20:156:Infinity":77,"s:159:51:175:Infinity":78,"b:172:40:172:52:172:52:172:Infinity":26,"s:177:55:182:Infinity":79,"s:184:18:245:Infinity":80,"b:187:54:187:63:187:63:187:84":27,"b:234:26:242:27:242:26:242:Infinity":28,"b:233:25:233:38:233:38:233:Infinity":29,"f:235:28:235:43":13,"s:235:43:235:58":81}}}
,"/Users/Kalibek_Turgumbayev/projects/test/league/league-ui/src/components/Modal/Modal.tsx": {"path":"/Users/Kalibek_Turgumbayev/projects/test/league/league-ui/src/components/Modal/Modal.tsx","statementMap":{"0":{"start":{"line":12,"column":2},"end":{"line":19,"column":null}},"1":{"start":{"line":13,"column":4},"end":{"line":13,"column":null}},"2":{"start":{"line":13,"column":15},"end":{"line":13,"column":null}},"3":{"start":{"line":14,"column":10},"end":{"line":15,"column":null}},"4":{"start":{"line":15,"column":6},"end":{"line":15,"column":null}},"5":{"start":{"line":15,"column":30},"end":{"line":15,"column":null}},"6":{"start":{"line":17,"column":4},"end":{"line":17,"column":null}},"7":{"start":{"line":18,"column":4},"end":{"line":18,"column":null}},"8":{"start":{"line":18,"column":17},"end":{"line":18,"column":67}},"9":{"start":{"line":21,"column":2},"end":{"line":21,"column":null}},"10":{"start":{"line":21,"column":13},"end":{"line":21,"column":null}},"11":{"start":{"line":23,"column":2},"end":{"line":57,"column":null}},"12":{"start":{"line":34,"column":24},"end":{"line":34,"column":43}}},"fnMap":{"0":{"name":"Modal","decl":{"start":{"line":11,"column":16},"end":{"line":11,"column":22}},"loc":{"start":{"line":11,"column":70},"end":{"line":57,"column":null}},"line":11},"1":{"name":"(anonymous_1)","decl":{"start":{"line":12,"column":2},"end":{"line":12,"column":18}},"loc":{"start":{"line":12,"column":18},"end":{"line":19,"column":6}},"line":12},"2":{"name":"(anonymous_2)","decl":{"start":{"line":14,"column":10},"end":{"line":14,"column":23}},"loc":{"start":{"line":14,"column":44},"end":{"line":15,"column":null}},"line":14},"3":{"name":"(anonymous_3)","decl":{"start":{"line":18,"column":4},"end":{"line":18,"column":17}},"loc":{"start":{"line":18,"column":17},"end":{"line":18,"column":67}},"line":18},"4":{"name":"(anonymous_4)","decl":{"start":{"line":34,"column":8},"end":{"line":34,"column":18}},"loc":{"start":{"line":34,"column":24},"end":{"line":34,"column":43}},"line":34}},"branchMap":{"0":{"loc":{"start":{"line":13,"column":4},"end":{"line":13,"column":null}},"type":"if","locations":[{"start":{"line":13,"column":4},"end":{"line":13,"column":null}},{"start":{},"end":{}}],"line":13},"1":{"loc":{"start":{"line":15,"column":6},"end":{"line":15,"column":null}},"type":"if","locations":[{"start":{"line":15,"column":6},"end":{"line":15,"column":null}},{"start":{},"end":{}}],"line":15},"2":{"loc":{"start":{"line":21,"column":2},"end":{"line":21,"column":null}},"type":"if","locations":[{"start":{"line":21,"column":2},"end":{"line":21,"column":null}},{"start":{},"end":{}}],"line":21},"3":{"loc":{"start":{"line":37,"column":11},"end":{"line":42,"column":11}},"type":"binary-expr","locations":[{"start":{"line":37,"column":11},"end":{"line":37,"column":null}},{"start":{"line":38,"column":12},"end":{"line":42,"column":11}}],"line":37}},"s":{"0":8,"1":8,"2":2,"3":6,"4":1,"5":1,"6":6,"7":6,"8":6,"9":8,"10":2,"11":6,"12":2},"f":{"0":8,"1":8,"2":1,"3":6,"4":2},"b":{"0":[2,6],"1":[1,0],"2":[2,6],"3":[6,1]},"meta":{"lastBranch":4,"lastFunction":5,"lastStatement":13,"seen":{"f:11:16:11:22":0,"s:12:2:19:Infinity":0,"f:12:2:12:18":1,"b:13:4:13:Infinity:undefined:undefined:undefined:undefined":0,"s:13:4:13:Infinity":1,"s:13:15:13:Infinity":2,"s:14:10:15:Infinity":3,"f:14:10:14:23":2,"b:15:6:15:Infinity:undefined:undefined:undefined:undefined":1,"s:15:6:15:Infinity":4,"s:15:30:15:Infinity":5,"s:17:4:17:Infinity":6,"s:18:4:18:Infinity":7,"f:18:4:18:17":3,"s:18:17:18:67":8,"b:21:2:21:Infinity:undefined:undefined:undefined:undefined":2,"s:21:2:21:Infinity":9,"s:21:13:21:Infinity":10,"s:23:2:57:Infinity":11,"f:34:8:34:18":4,"s:34:24:34:43":12,"b:37:11:37:Infinity:38:12:42:11":3}}}
[...]
"line":22,"column":18},"end":{"line":22,"column":56}},"2":{"start":{"line":24,"column":8},"end":{"line":30,"column":null}},"3":{"start":{"line":25,"column":4},"end":{"line":25,"column":null}},"4":{"start":{"line":25,"column":23},"end":{"line":25,"column":null}},"5":{"start":{"line":26,"column":4},"end":{"line":30,"column":null}},"6":{"start":{"line":27,"column":6},"end":{"line":27,"column":null}},"7":{"start":{"line":27,"column":25},"end":{"line":27,"column":55}},"8":{"start":{"line":29,"column":6},"end":{"line":29,"column":null}},"9":{"start":{"line":30,"column":6},"end":{"line":30,"column":null}},"10":{"start":{"line":34,"column":21},"end":{"line":43,"column":null}},"11":{"start":{"line":35,"column":4},"end":{"line":35,"column":null}},"12":{"start":{"line":35,"column":18},"end":{"line":35,"column":null}},"13":{"start":{"line":36,"column":16},"end":{"line":36,"column":54}},"14":{"start":{"line":36,"column":36},"end":{"line":36,"column":54}},"15":{"start":{"line":37,"column":4},"end":{"line":37,"column":null}},"16":{"start":{"line":37,"column":25},"end":{"line":37,"column":null}},"17":{"start":{"line":38,"column":15},"end":{"line":38,"column":31}},"18":{"start":{"line":39,"column":15},"end":{"line":39,"column":31}},"19":{"start":{"line":40,"column":4},"end":{"line":40,"column":null}},"20":{"start":{"line":40,"column":17},"end":{"line":40,"column":null}},"21":{"start":{"line":41,"column":4},"end":{"line":41,"column":null}},"22":{"start":{"line":41,"column":17},"end":{"line":41,"column":null}},"23":{"start":{"line":42,"column":4},"end":{"line":42,"column":null}},"24":{"start":{"line":45,"column":2},"end":{"line":95,"column":null}},"25":{"start":{"line":51,"column":14},"end":{"line":61,"column":null}},"26":{"start":{"line":55,"column":31},"end":{"line":55,"column":46}},"27":{"start":{"line":77,"column":14},"end":{"line":90,"column":null}},"28":{"start":{"line":86,"column":18},"end":{"line":88,"column":null}}},"fnMap":{"0":{"name":"Table","decl":{"start":{"line":20,"column":16},"end":{"line":20,"column":25}},"loc":{"start":{"line":20,"column":93},"end":{"line":95,"column":null}},"line":20},"1":{"name":"(anonymous_1)","decl":{"start":{"line":24,"column":8},"end":{"line":24,"column":22}},"loc":{"start":{"line":24,"column":41},"end":{"line":30,"column":null}},"line":24},"2":{"name":"(anonymous_2)","decl":{"start":{"line":27,"column":6},"end":{"line":27,"column":18}},"loc":{"start":{"line":27,"column":25},"end":{"line":27,"column":55}},"line":27},"3":{"name":"(anonymous_3)","decl":{"start":{"line":34,"column":31},"end":{"line":34,"column":37}},"loc":{"start":{"line":34,"column":46},"end":{"line":43,"column":null}},"line":34},"4":{"name":"(anonymous_4)","decl":{"start":{"line":36,"column":24},"end":{"line":36,"column":30}},"loc":{"start":{"line":36,"column":36},"end":{"line":36,"column":54}},"line":36},"5":{"name":"(anonymous_5)","decl":{"start":{"line":50,"column":21},"end":{"line":50,"column":26}},"loc":{"start":{"line":51,"column":14},"end":{"line":61,"column":null}},"line":51},"6":{"name":"(anonymous_6)","decl":{"start":{"line":55,"column":16},"end":{"line":55,"column":31}},"loc":{"start":{"line":55,"column":31},"end":{"line":55,"column":46}},"line":55},"7":{"name":"(anonymous_7)","decl":{"start":{"line":76,"column":23},"end":{"line":76,"column":28}},"loc":{"start":{"line":77,"column":14},"end":{"line":90,"column":null}},"line":77},"8":{"name":"(anonymous_8)","decl":{"start":{"line":85,"column":25},"end":{"line":85,"column":30}},"loc":{"start":{"line":86,"column":18},"end":{"line":88,"column":null}},"line":86}},"branchMap":{"0":{"loc":{"start":{"line":20,"column":50},"end":{"line":20,"column":93}},"type":"default-arg","locations":[{"start":{"line":20,"column":65},"end":{"line":20,"column":93}}],"line":20},"1":{"loc":{"start":{"line":25,"column":4},"end":{"line":25,"column":null}},"type":"if","locations":[{"start":{"line":25,"column":4},"end":{"line":25,"column":null}},{"start":{},"end":{}}],"line":25},"2":{"loc":{"start":{"line":26,"column":4},"end":{"line":30,"column":null}},"type":"if","locations":[{"start":{"line":26,"column":4},"end":{"line":30,"column":null}},{"start":{"line":28,"column":11},"end":{"line":30,"column":null}}],"line":26},"3":{"loc":{"start":{"line":27,"column":25},"end":{"line":27,"column":55}},"type":"cond-expr","locations":[{"start":{"line":27,"column":39},"end":{"line":27,"column":48}},{"start":{"line":27,"column":48},"end":{"line":27,"column":55}}],"line":27},"4":{"loc":{"start":{"line":35,"column":4},"end":{"line":35,"column":null}},"type":"if","locations":[{"start":{"line":35,"column":4},"end":{"line":35,"column":null}},{"start":{},"end":{}}],"line":35},"5":{"loc":{"start":{"line":37,"column":4},"end":{"line":37,"column":null}},"type":"if","locations":[{"start":{"line":37,"column":4},"end":{"line":37,"column":null}},{"start":{},"end":{}}],"line":37},"6":{"loc":{"start":{"line":40,"column":4},"end":{"line":40,"column":null}},"type":"if","locations":[{"start":{"line":40,"column":4},"end":{"line":40,"column":null}},{"start":{},"end":{}}],"line":40},"7":{"loc":{"start":{"line":40,"column":24},"end":{"line":40,"column":null}},"type":"cond-expr","locations":[{"start":{"line":40,"column":44},"end":{"line":40,"column":49}},{"start":{"line":40,"column":49},"end":{"line":40,"column":null}}],"line":40},"8":{"loc":{"start":{"line":41,"column":4},"end":{"line":41,"column":null}},"type":"if","locations":[{"start":{"line":41,"column":4},"end":{"line":41,"column":null}},{"start":{},"end":{}}],"line":41},"9":{"loc":{"start":{"line":41,"column":24},"end":{"line":41,"column":null}},"type":"cond-expr","locations":[{"start":{"line":41,"column":44},"end":{"line":41,"column":48}},{"start":{"line":41,"column":48},"end":{"line":41,"column":null}}],"line":41},"10":{"loc":{"start":{"line":54,"column":27},"end":{"line":54,"column":null}},"type":"cond-expr","locations":[{"start":{"line":54,"column":42},"end":{"line":54,"column":90}},{"start":{"line":54,"column":90},"end":{"line":54,"column":null}}],"line":54},"11":{"loc":{"start":{"line":58,"column":17},"end":{"line":59,"column":null}},"type":"binary-expr","locations":[{"start":{"line":58,"column":17},"end":{"line":58,"column":33}},{"start":{"line":58,"column":33},"end":{"line":58,"column":null}},{"start":{"line":59,"column":18},"end":{"line":59,"column":null}}],"line":58},"12":{"loc":{"start":{"line":59,"column":57},"end":{"line":59,"column":94}},"type":"cond-expr","locations":[{"start":{"line":59,"column":77},"end":{"line":59,"column":83}},{"start":{"line":59,"column":83},"end":{"line":59,"column":94}}],"line":59},"13":{"loc":{"start":{"line":66,"column":11},"end":{"line":90,"column":null}},"type":"cond-expr","locations":[{"start":{"line":67,"column":12},"end":{"line":76,"column":23}},{"start":{"line":76,"column":12},"end":{"line":90,"column":null}}],"line":66},"14":{"loc":{"start":{"line":80,"column":35},"end":{"line":80,"column":null}},"type":"cond-expr","locations":[{"start":{"line":80,"column":49},"end":{"line":80,"column":58}},{"start":{"line":80,"column":58},"end":{"line":80,"column":null}}],"line":80}},"s":{"0":16,"1":16,"2":16,"3":8,"4":1,"5":7,"6":2,"7":2,"8":5,"9":5,"10":16,"11":15,"12":8,"13":7,"14":8,"15":7,"16":0,"17":7,"18":7,"19":7,"20":7,"21":0,"22":0,"23":0,"24":16,"25":31,"26":8,"27":30,"28":58},"f":{"0":16,"1":8,"2":2,"3":15,"4":8,"5":31,"6":8,"7":30,"8":58},"b":{"0":[16],"1":[1,7],"2":[2,5],"3":[2,0],"4":[8,7],"5":[0,7],"6":[7,0],"7":[5,2],"8":[0,0],"9":[0,0],"10":[30,1],"11":[31,30,7],"12":[5,2],"13":[1,15],"14":[15,15]},"meta":{"lastBranch":15,"lastFunction":9,"lastStatement":29,"seen":{"f:20:16:20:25":0,"b:20:65:20:93":0,"s:21:18:21:61":0,"s:22:18:22:56":1,"s:24:8:30:Infinity":2,"f:24:8:24:22":1,"b:25:4:25:Infinity:undefined:undefined:undefined:undefined":1,"s:25:4:25:Infinity":3,"s:25:23:25:Infinity":4,"b:26:4:30:Infinity:28:11:30:Infinity":2,"s:26:4:30:Infinity":5,"s:27:6:27:Infinity":6,"f:27:6:27:18":2,"s:27:25:27:55":7,"b:27:39:27:48:27:48:27:55":3,"s:29:6:29:Infinity":8,"s:30:6:30:Infinity":9,"s:34:21:43:Infinity":10,"f:34:31:34:37":3,"b:35:4:35:Infinity:undefined:undefined:undefined:undefined":4,"s:35:4:35:Infinity":11,"s:35:18:35:Infinity":12,"s:36:16:36:54":13,"f:36:24:36:30":4,"s:36:36:36:54":14,"b:37:4:37:Infinity:undefined:undefined:undefined:undefined":5,"s:37:4:37:Infinity":15,"s:37:25:37:Infinity":16,"s:38:15:38:31":17,"s:39:15:39:31":18,"b:40:4:40:Infinity:undefined:undefined:undefined:undefined":6,"s:40:4:40:Infinity":19,"s:40:17:40:Infinity":20,"b:40:44:40:49:40:49:40:Infinity":7,"b:41:4:41:Infinity:undefined:undefined:undefined:undefined":8,"s:41:4:41:Infinity":21,"s:41:17:41:Infinity":22,"b:41:44:41:48:41:48:41:Infinity":9,"s:42:4:42:Infinity":23,"s:45:2:95:Infinity":24,"f:50:21:50:26":5,"s:51:14:61:Infinity":25,"b:54:42:54:90:54:90:54:Infinity":10,"f:55:16:55:31":6,"s:55:31:55:46":26,"b:58:17:58:33:58:33:58:Infinity:59:18:59:Infinity":11,"b:59:77:59:83:59:83:59:94":12,"b:67:12:76:23:76:12:90:Infinity":13,"f:76:23:76:28":7,"s:77:14:90:Infinity":27,"b:80:49:80:58:80:58:80:Infinity":14,"f:85:25:85:30":8,"s:86:18:88:Infinity":28}}}
,"/Users/Kalibek_Turgumbayev/projects/test/league/league-ui/src/i18n/index.ts": {"path":"/Users/Kalibek_Turgumbayev/projects/test/league/league-ui/src/i18n/index.ts","statementMap":{"0":{"start":{"line":9,"column":0},"end":{"line":28,"column":null}}},"fnMap":{},"branchMap":{},"s":{"0":15},"f":{},"b":{},"meta":{"lastBranch":0,"lastFunction":0,"lastStatement":1,"seen":{"s:9:0:28:Infinity":0}}}
,"/Users/Kalibek_Turgumbayev/projects/test/league/league-ui/src/i18n/locales/en.json": {"path":"/Users/Kalibek_Turgumbayev/projects/test/league/league-ui/src/i18n/locales/en.json","statementMap":{"0":{"start":{"line":1,"column":19},"end":{"line":1,"column":126}},"1":{"start":{"line":2,"column":29},"end":{"line":2,"column":165}},"2":{"start":{"line":3,"column":20},"end":{"line":3,"column":319}},"3":{"start":{"line":4,"column":21},"end":{"line":4,"column":704}},"4":{"start":{"line":5,"column":23},"end":{"line":5,"column":475}},"5":{"start":{"line":6,"column":29},"end":{"line":6,"column":590}},"6":{"start":{"line":7,"column":23},"end":{"line":7,"column":271}},"7":{"start":{"line":8,"column":22},"end":{"line":8,"column":525}},"8":{"start":{"line":9,"column":28},"end":{"line":9,"column":571}},"9":{"start":{"line":10,"column":28},"end":{"line":10,"column":228}},"10":{"start":{"line":11,"column":24},"end":{"line":11,"column":492}},"11":{"start":{"line":12,"column":26},"end":{"line":12,"column":852}},"12":{"start":{"line":13,"column":27},"end":{"line":13,"column":750}},"13":{"start":{"line":14,"column":28},"end":{"line":14,"column":199}},"14":{"start":{"line":15,"column":28},"end":{"line":15,"column":444}},"15":{"start":{"line":16,"column":21},"end":{"line":16,"column":92}},"16":{"start":{"line":17,"column":21},"end":{"line":17,"column":41}},"17":{"start":{"line":18,"column":30},"end":{"line":18,"column":208}},"18":{"start":{"line":19,"column":25},"end":{"line":19,"column":112}},"19":{"start":{"line":20,"column":26},"end":{"line":20,"column":112}},"20":{"start":{"line":21,"column":33},"end":{"line":21,"column":213}},"21":{"start":{"line":22,"column":25},"end":{"line":22,"column":307}},"22":{"start":{"line":23,"column":25},"end":{"line":23,"column":81}},"23":{"start":{"line":24,"column":22},"end":{"line":24,"column":60}},"24":{"start":{"line":25,"column":24},"end":{"line":25,"column":70}}},"fnMap":{},"branchMap":{},"s":{"0":15,"1":15,"2":15,"3":15,"4":15,"5":15,"6":15,"7":15,"8":15,"9":15,"10":15,"11":15,"12":15,"13":15,"14":15,"15":15,"16":15,"17":15,"18":15,"19":15,"20":15,"21":15,"22":15,"23":15,"24":15},"f":{},"b":{},"meta":{"lastBranch":0,"lastFunction":0,"lastStatement":25,"seen":{"s:1:19:1:126":0,"s:2:29:2:165":1,"s:3:20:3:319":2,"s:4:21:4:704":3,"s:5:23:5:475":4,"s:6:29:6:590":5,"s:7:23:7:271":6,"s:8:22:8:525":7,"s:9:28:9:571":8,"s:10:28:10:228":9,"s:11:24:11:492":10,"s:12:26:12:852":11,"s:13:27:13:750":12,"s:14:28:14:199":13,"s:15:28:15:444":14,"s:16:21:16:92":15,"s:17:21:17:41":16,"s:18:30:18:208":17,"s:19:25:19:112":18,"s:20:26:20:112":19,"s:21:33:21:213":20,"s:22:25:22:307":21,"s:23:25:23:81":22,"s:24:22:24:60":23,"s:25:24:25:70":24}}}
,"/Users/Kalibek_Turgumbayev/projects/test/league/league-ui/src/i18n/locales/kk.json": {"path":"/Users/Kalibek_Turgumbayev/projects/test/league/league-ui/src/i18n/locales/kk.json","statementMap":{"0":{"start":{"line":1,"column":19},"end":{"line":1,"column":124}},"1":{"start":{"line":2,"column":29},"end":{"line":2,"column":169}},"2":{"start":{"line":3,"column":20},"end":{"line":3,"column":324}},"3":{"start":{"line":4,"column":21},"end":{"line":4,"column":687}},"4":{"start":{"line":5,"column":23},"end":{"line":5,"column":502}},"5":{"start":{"line":6,"column":29},"end":{"line":6,"column":629}},"6":{"start":{"line":7,"column":23},"end":{"line":7,"column":271}},"7":{"start":{"line":8,"column":22},"end":{"line":8,"column":542}},"8":{"start":{"line":9,"column":28},"end":{"line":9,"column":582}},"9":{"start":{"line":10,"column":28},"end":{"line":10,"column":226}},"10":{"start":{"line":11,"column":24},"end":{"line":11,"column":493}},"11":{"start":{"line":12,"column":26},"end":{"line":12,"column":861}},"12":{"start":{"line":13,"column":27},"end":{"line":13,"column":753}},"13":{"start":{"line":14,"column":28},"end":{"line":14,"column":192}},"14":{"start":{"line":15,"column":28},"end":{"line":15,"column":496}},"15":{"start":{"line":16,"column":21},"end":{"line":16,"column":95}},"16":{"start":{"line":17,"column":21},"end":{"line":17,"column":46}},"17":{"start":{"line":18,"column":30},"end":{"line":18,"column":217}},"18":{"start":{"line":19,"column":25},"end":{"line":19,"column":113}},"19":{"start":{"line":20,"column":26},"end":{"line":20,"column":119}},"20":{"start":{"line":21,"column":33},"end":{"line":21,"column":214}},"21":{"start":{"line":22,"column":25},"end":{"line":22,"column":337}},"22":{"start":{"line":23,"column":25},"end":{"line":23,"column":80}},"23":{"start":{"line":24,"column":22},"end":{"line":24,"column":61}},"24":{"start":{"line":25,"column":24},"end":{"line":25,"column":70}}},"fnMap":{},"branchMap":{},"s":{"0":15,"1":15,"2":15,"3":15,"4":15,"5":15,"6":15,"7":15,"8":15,"9":15,"10":15,"11":15,"12":15,"13":15,"14":15,"15":15,"16":15,"17":15,"18":15,"19":15,"20":15,"21":15,"22":15,"23":15,"24":15},"f":{},"b":{},"meta":{"lastBranch":0,"lastFunction":0,"lastStatement":25,"seen":{"s:1:19:1:124":0,"s:2:29:2:169":1,"s:3:20:3:324":2,"s:4:21:4:687":3,"s:5:23:5:502":4,"s:6:29:6:629":5,"s:7:23:7:271":6,"s:8:22:8:542":7,"s:9:28:9:582":8,"s:10:28:10:226":9,"s:11:24:11:493":10,"s:12:26:12:861":11,"s:13:27:13:753":12,"s:14:28:14:192":13,"s:15:28:15:496":14,"s:16:21:16:95":15,"s:17:21:17:46":16,"s:18:30:18:217":17,"s:19:25:19:113":18,"s:20:26:20:119":19,"s:21:33:21:214":20,"s:22:25:22:337":21,"s:23:25:23:80":22,"s:24:22:24:61":23,"s:25:24:25:70":24}}}
,"/Users/Kalibek_Turgumbayev/projects/test/league/league-ui/src/i18n/locales/ru.json": {"path":"/Users/Kalibek_Turgumbayev/projects/test/league/league-ui/src/i18n/locales/ru.json","statementMap":{"0":{"start":{"line":1,"column":19},"end":{"line":1,"column":124}},"1":{"start":{"line":2,"column":29},"end":{"line":2,"column":161}},"2":{"start":{"line":3,"column":20},"end":{"line":3,"column":320}},"3":{"start":{"line":4,"column":21},"end":{"line":4,"column":698}},"4":{"start":{"line":5,"column":23},"end":{"line":5,"column":502}},"5":{"start":{"line":6,"column":29},"end":{"line":6,"column":618}},"6":{"start":{"line":7,"column":23},"end":{"line":7,"column":262}},"7":{"start":{"line":8,"column":22},"end":{"line":8,"column":562}},"8":{"start":{"line":9,"column":28},"end":{"line":9,"column":612}},"9":{"start":{"line":10,"column":28},"end":{"line":10,"column":226}},"10":{"start":{"line":11,"column":24},"end":{"line":11,"column":538}},"11":{"start":{"line":12,"column":26},"end":{"line":12,"column":883}},"12":{"start":{"line":13,"column":27},"end":{"line":13,"column":800}},"13":{"start":{"line":14,"column":28},"end":{"line":14,"column":190}},"14":{"start":{"line":15,"column":28},"end":{"line":15,"column":452}},"15":{"start":{"line":16,"column":21},"end":{"line":16,"column":99}},"16":{"start":{"line":17,"column":21},"end":{"line":17,"column":44}},"17":{"start":{"line":18,"column":30},"end":{"line":18,"column":216}},"18":{"start":{"line":19,"column":25},"end":{"line":19,"column":111}},"19":{"start":{"line":20,"column":26},"end":{"line":20,"column":121}},"20":{"start":{"line":21,"column":33},"end":{"line":21,"column":213}},"21":{"start":{"line":22,"column":25},"end":{"line":22,"column":323}},"22":{"start":{"line":23,"column":25},"end":{"line":23,"column":82}},"23":{"start":{"line":24,"column":22},"end":{"line":24,"column":62}},"24":{"start":{"line":25,"column":24},"end":{"line":25,"column":70}}},"fnMap":{},"branchMap":{},"s":{"0":15,"1":15,"2":15,"3":15,"4":15,"5":15,"6":15,"7":15,"8":15,"9":15,"10":15,"11":15,"12":15,"13":15,"14":15,"15":15,"16":15,"17":15,"18":15,"19":15,"20":15,"21":15,"22":15,"23":15,"24":15},"f":{},"b":{},"meta":{"lastBranch":0,"lastFunction":0,"lastStatement":25,"seen":{"s:1:19:1:124":0,"s:2:29:2:161":1,"s:3:20:3:320":2,"s:4:21:4:698":3,"s:5:23:5:502":4,"s:6:29:6:618":5,"s:7:23:7:262":6,"s:8:22:8:562":7,"s:9:28:9:612":8,"s:10:28:10:226":9,"s:11:24:11:538":10,"s:12:26:12:883":11,"s:13:27:13:800":12,"s:14:28:14:190":13,"s:15:28:15:452":14,"s:16:21:16:99":15,"s:17:21:17:44":16,"s:18:30:18:216":17,"s:19:25:19:111":18,"s:20:26:20:121":19,"s:21:33:21:213":20,"s:22:25:22:323":21,"s:23:25:23:82":22,"s:24:22:24:62":23,"s:25:24:25:70":24}}}
,"/Users/Kalibek_Turgumbayev/projects/test/league/league-ui/src/types/index.ts": {"path":"/Users/Kalibek_Turgumbayev/projects/test/league/league-ui/src/types/index.ts","statementMap":{"0":{"start":{"line":207,"column":24},"end":{"line":208,"column":null}},"1":{"start":{"line":208,"column":11},"end":{"line":208,"column":null}},"2":{"start":{"line":210,"column":2},"end":{"line":210,"column":null}},"3":{"start":{"line":210,"column":34},"end":{"line":210,"column":null}},"4":{"start":{"line":211,"column":2},"end":{"line":213,"column":null}},"5":{"start":{"line":212,"column":4},"end":{"line":212,"column":null}}},"fnMap":{"0":{"name":"isDns","decl":{"start":{"line":206,"column":16},"end":{"line":206,"column":22}},"loc":{"start":{"line":206,"column":72},"end":{"line":213,"column":null}},"line":206},"1":{"name":"(anonymous_1)","decl":{"start":{"line":207,"column":32},"end":{"line":207,"column":null}},"loc":{"start":{"line":208,"column":11},"end":{"line":208,"column":null}},"line":208},"2":{"name":"(anonymous_2)","decl":{"start":{"line":211,"column":23},"end":{"line":211,"column":30}},"loc":{"start":{"line":212,"column":4},"end":{"line":212,"column":null}},"line":212}},"branchMap":{"0":{"loc":{"start":{"line":208,"column":11},"end":{"line":208,"column":null}},"type":"binary-expr","locations":[{"start":{"line":208,"column":11},"end":{"line":208,"column":49}},{"start":{"line":208,"column":49},"end":{"line":208,"column":null}}],"line":208},"1":{"loc":{"start":{"line":210,"column":2},"end":{"line":210,"column":null}},"type":"if","locations":[{"start":{"line":210,"column":2},"end":{"line":210,"column":null}},{"start":{},"end":{}}],"line":210},"2":{"loc":{"start":{"line":212,"column":4},"end":{"line":212,"column":null}},"type":"cond-expr","locations":[{"start":{"line":212,"column":41},"end":{"line":212,"column":55}},{"start":{"line":212,"column":55},"end":{"line":212,"column":null}}],"line":212}},"s":{"0":22,"1":7,"2":22,"3":15,"4":7,"5":7},"f":{"0":22,"1":7,"2":7},"b":{"0":[7,3],"1":[15,7],"2":[4,3]},"meta":{"lastBranch":3,"lastFunction":3,"lastStatement":6,"seen":{"f:206:16:206:22":0,"s:207:24:208:Infinity":0,"f:207:32:207:Infinity":1,"s:208:11:208:Infinity":1,"b:208:11:208:49:208:49:208:Infinity":0,"b:210:2:210:Infinity:undefined:undefined:undefined:undefined":1,"s:210:2:210:Infinity":2,"s:210:34:210:Infinity":3,"s:211:2:213:Infinity":4,"f:211:23:211:30":2,"s:212:4:212:Infinity":5,"b:212:41:212:55:212:55:212:Infinity":2}}}
}
