TN:
SF:src/components/Badge/Badge.tsx
FN:24,Badge
FNF:1
FNH:1
FNDA:16,Badge
DA:10,3
DA:17,3
DA:25,16
DA:26,16
LF:4
LH:4
BRDA:40,0,0,16
BRDA:40,0,1,15
BRF:2
BRH:2
end_of_record
TN:
SF:src/components/Button/Button.tsx
FN:33,Button
FNF:1
FNH:1
FNDA:48,Button
DA:9,5
DA:27,5
DA:42,48
LF:3
LH:3
BRDA:34,0,0,48
BRDA:35,1,0,48
BRDA:36,2,0,48
BRDA:38,3,0,48
BRDA:45,4,0,48
BRDA:45,4,1,44
BRDA:49,5,0,48
BRDA:49,5,1,2
BRF:8
BRH:8
end_of_record
TN:
SF:src/components/CSVImport/CSVImport.tsx
FN:16,CSVImport
FN:24,(anonymous_1)
FN:26,(anonymous_2)
FN:31,(anonymous_3)
FN:31,(anonymous_4)
FN:32,(anonymous_5)
FN:32,(anonymous_6)
FN:38,(anonymous_7)
FN:44,(anonymous_8)
FN:51,(anonymous_9)
FN:61,(anonymous_10)
FN:62,(anonymous_11)
FN:64,(anonymous_12)
FN:74,(anonymous_13)
FN:97,(anonymous_14)
FN:105,(anonymous_15)
FN:107,(anonymous_16)
FN:137,(anonymous_17)
FNF:18
FNH:12
FNDA:9,CSVImport
FNDA:3,(anonymous_1)
FNDA:3,(anonymous_2)
FNDA:4,(anonymous_3)
FNDA:12,(anonymous_4)
FNDA:4,(anonymous_5)
FNDA:4,(anonymous_6)
FNDA:3,(anonymous_7)
FNDA:0,(anonymous_8)
FNDA:1,(anonymous_9)
FNDA:0,(anonymous_10)
FNDA:0,(anonymous_11)
FNDA:6,(anonymous_12)
FNDA:3,(anonymous_13)
FNDA:6,(anonymous_14)
FNDA:0,(anonymous_15)
FNDA:0,(anonymous_16)
FNDA:0,(anonymous_17)
DA:17,9
DA:18,9
DA:19,9
DA:20,9
DA:21,9
DA:22,9
DA:24,9
DA:25,3
DA:26,3
DA:27,3
DA:28,3
DA:31,12
DA:32,4
DA:33,3
DA:35,3
DA:38,9
DA:39,3
DA:40,3
DA:41,3
DA:44,9
DA:45,0
DA:46,0
DA:47,0
DA:48,0
DA:51,9
DA:52,1
DA:53,1
DA:54,1
DA:57,9
DA:61,0
DA:62,0
DA:64,6
DA:75,3
DA:76,3
DA:98,6
DA:106,0
DA:108,0
DA:138,0
LF:38
LH:29
BRDA:16,0,0,9
BRDA:48,1,0,0
BRDA:48,1,1,0
BRDA:48,2,0,0
BRDA:48,2,1,0
BRDA:52,3,0,0
BRDA:52,3,1,1
BRDA:66,4,0,0
BRDA:66,4,1,9
BRDA:76,5,0,3
BRDA:76,5,1,0
BRDA:79,6,0,5
BRDA:79,6,1,4
BRDA:92,7,0,9
BRDA:92,7,1,2
BRDA:120,8,0,9
BRDA:120,8,1,5
BRDA:127,9,0,9
BRDA:127,9,1,1
BRDA:130,10,0,1
BRDA:130,10,1,0
BRDA:131,11,0,1
BRDA:131,11,1,0
BRDA:135,12,0,1
BRDA:135,12,1,0
BRDA:135,13,0,1
BRDA:135,13,1,0
BRF:27
BRH:16
end_of_record
TN:
SF:src/components/GroupCard/GroupCard.tsx
FN:16,GroupCard
FN:46,(anonymous_1)
FN:46,(anonymous_2)
FNF:3
FNH:3
FNDA:10,GroupCard
FNDA:1,(anonymous_1)
FNDA:1,(anonymous_2)
DA:25,10
DA:26,10
DA:27,10
DA:29,10
DA:30,1
DA:31,1
DA:34,10
DA:36,10
DA:46,1
LF:9
LH:9
BRDA:21,0,0,10
BRDA:22,1,0,10
BRDA:23,2,0,10
BRDA:29,3,0,1
BRDA:29,3,1,9
BRDA:29,4,0,10
BRDA:29,4,1,6
BRDA:31,5,0,1
BRDA:31,5,1,0
BRDA:34,6,0,1
BRDA:34,6,1,9
BRDA:42,7,0,3
BRDA:42,7,1,7
BRDA:43,8,0,6
BRDA:43,8,1,4
BRDA:46,9,0,1
BRDA:46,9,1,4
BRDA:48,10,0,10
BRDA:48,10,1,6
BRDA:54,11,0,3
BRDA:54,11,1,3
BRDA:64,12,0,10
BRDA:64,12,1,7
BRF:23
BRH:22
end_of_record
TN:
SF:src/components/GroupStandings/GroupStandings.tsx
FN:16,buildTiebreakDisplayMap
FN:17,(anonymous_1)
FN:33,GroupStandings
FN:35,(anonymous_3)
FN:38,(anonymous_4)
FN:50,(anonymous_5)
FN:56,(anonymous_6)
FN:71,(anonymous_7)
FN:81,(anonymous_8)
FN:82,(anonymous_9)
FN:91,(anonymous_10)
FN:92,(anonymous_11)
FN:127,(anonymous_12)
FN:139,(anonymous_13)
FN:174,(anonymous_14)
FN:208,(anonymous_15)
FN:241,(anonymous_16)
FNF:17
FNH:17
FNDA:12,buildTiebreakDisplayMap
FNDA:22,(anonymous_1)
FNDA:12,GroupStandings
FNDA:10,(anonymous_3)
FNDA:48,(anonymous_4)
FNDA:60,(anonymous_5)
FNDA:28,(anonymous_6)
FNDA:4,(anonymous_7)
FNDA:21,(anonymous_8)
FNDA:7,(anonymous_9)
FNDA:21,(anonymous_10)
FNDA:7,(anonymous_11)
FNDA:22,(anonymous_12)
FNDA:22,(anonymous_13)
FNDA:1,(anonymous_14)
FNDA:50,(anonymous_15)
FNDA:1,(anonymous_16)
DA:17,22
DA:18,12
DA:19,12
DA:20,21
DA:21,21
DA:22,21
DA:24,12
DA:25,12
DA:26,14
DA:27,21
DA:30,12
DA:34,12
DA:35,12
DA:36,12
DA:38,12
DA:39,48
DA:42,12
DA:43,12
DA:44,4
DA:45,4
DA:46,4
DA:50,12
DA:51,60
DA:52,60
DA:53,60
DA:56,12
DA:57,28
DA:58,28
DA:59,6
DA:62,4
DA:63,4
DA:64,28
DA:66,28
DA:67,28
DA:68,2
DA:71,12
DA:72,4
DA:73,4
DA:74,4
DA:75,4
DA:81,12
DA:82,21
DA:84,7
DA:91,12
DA:92,21
DA:94,7
DA:100,12
DA:104,12
DA:115,12
DA:128,22
DA:140,22
DA:141,22
DA:143,22
DA:174,1
DA:209,50
DA:210,22
DA:219,28
DA:220,28
DA:224,28
DA:226,28
DA:241,1
LF:61
LH:61
BRDA:20,0,0,21
BRDA:20,0,1,14
BRDA:27,1,0,14
BRDA:27,1,1,7
BRDA:39,2,0,48
BRDA:39,2,1,0
BRDA:44,3,0,4
BRDA:44,3,1,0
BRDA:44,4,0,4
BRDA:44,4,1,4
BRDA:53,5,0,60
BRDA:53,5,1,52
BRDA:58,6,0,22
BRDA:58,6,1,6
BRDA:59,7,0,2
BRDA:59,7,1,4
BRDA:59,8,0,6
BRDA:59,8,1,4
BRDA:63,9,0,2
BRDA:63,9,1,2
BRDA:64,10,0,2
BRDA:64,10,1,2
BRDA:66,11,0,2
BRDA:66,11,1,2
BRDA:67,12,0,2
BRDA:67,12,1,26
BRDA:67,13,0,28
BRDA:67,13,1,4
BRDA:67,14,0,1
BRDA:67,14,1,1
BRDA:73,15,0,0
BRDA:73,15,1,4
BRDA:74,16,0,0
BRDA:74,16,1,4
BRDA:74,17,0,4
BRDA:74,17,1,4
BRDA:75,18,0,4
BRDA:75,18,1,2
BRDA:75,18,2,2
BRDA:75,18,3,2
BRDA:84,19,0,7
BRDA:84,19,1,5
BRDA:84,19,2,4
BRDA:84,19,3,2
BRDA:84,19,4,1
BRDA:84,19,5,1
BRDA:84,19,6,1
BRDA:84,19,7,1
BRDA:84,19,8,1
BRDA:84,19,9,1
BRDA:84,19,10,1
BRDA:94,20,0,7
BRDA:94,20,1,5
BRDA:94,20,2,4
BRDA:94,20,3,2
BRDA:94,20,4,1
BRDA:94,20,5,1
BRDA:94,20,6,1
BRDA:94,20,7,2
BRDA:94,20,8,1
BRDA:94,20,9,1
BRDA:94,20,10,1
BRDA:147,21,0,14
BRDA:147,21,1,8
BRDA:149,22,0,2
BRDA:149,22,1,20
BRDA:161,23,0,1
BRDA:161,23,1,21
BRDA:162,24,0,1
BRDA:162,24,1,21
BRDA:163,25,0,2
BRDA:163,25,1,20
BRDA:168,26,0,22
BRDA:168,26,1,1
BRDA:171,27,0,22
BRDA:171,27,1,2
BRDA:172,28,0,22
BRDA:172,28,1,1
BRDA:172,28,2,1
BRDA:187,29,0,1
BRDA:187,29,1,21
BRDA:187,30,0,21
BRDA:187,30,1,0
BRDA:190,31,0,1
BRDA:190,31,1,21
BRDA:192,32,0,1
BRDA:192,32,1,21
BRDA:194,33,0,1
BRDA:194,33,1,21
BRDA:198,34,0,1
BRDA:198,34,1,21
BRDA:198,35,0,21
BRDA:198,35,1,7
BRDA:201,36,0,22
BRDA:201,36,1,1
BRDA:201,36,2,1
BRDA:204,37,0,22
BRDA:204,37,1,1
BRDA:204,37,2,1
BRDA:209,38,0,22
BRDA:209,38,1,28
BRDA:232,39,0,24
BRDA:232,39,1,4
BRDA:234,40,0,2
BRDA:234,40,1,2
BRDA:239,41,0,2
BRDA:239,41,1,26
BRDA:239,42,0,50
BRDA:239,42,1,2
BRDA:241,43,0,1
BRDA:241,43,1,1
BRF:111
BRH:106
end_of_record
TN:
SF:src/components/Input/Input.tsx
FN:8,Input
FNF:1
FNH:1
FNDA:23,Input
DA:9,23
DA:10,23
LF:2
LH:2
BRDA:8,0,0,23
BRDA:9,1,0,23
BRDA:9,1,1,23
BRDA:12,2,0,23
BRDA:12,2,1,23
BRDA:21,3,0,1
BRDA:21,3,1,22
BRDA:33,4,0,23
BRDA:33,4,1,1
BRF:9
BRH:9
end_of_record
TN:
SF:src/components/LeagueConfigForm/LeagueConfigForm.tsx
FN:15,LeagueConfigForm
FN:19,(anonymous_1)
FN:19,(anonymous_2)
FN:25,(anonymous_3)
FNF:4
FNH:4
FNDA:5,LeagueConfigForm
FNDA:20,(anonymous_1)
FNDA:2,(anonymous_2)
FNDA:1,(anonymous_3)
DA:16,5
DA:17,5
DA:19,20
DA:20,2
DA:21,2
DA:22,2
DA:25,5
DA:26,1
DA:27,1
DA:30,5
DA:31,5
DA:33,5
LF:12
LH:12
BRDA:15,0,0,5
BRDA:15,1,0,5
BRDA:15,2,0,5
BRDA:22,3,0,0
BRDA:22,3,1,2
BRDA:30,4,0,0
BRDA:30,4,1,5
BRDA:31,5,0,0
BRDA:31,5,1,5
BRDA:35,6,0,5
BRDA:35,6,1,1
BRDA:74,7,0,5
BRDA:74,7,1,5
BRF:13
BRH:10
end_of_record
TN:
SF:src/components/MatchGrid/MatchGrid.tsx
FN:19,getRoundMatchState
FN:25,getRoundScoreLabel
FN:37,MatchGrid
FN:39,(anonymous_3)
FN:39,(anonymous_4)
FN:48,(anonymous_5)
FN:51,(anonymous_6)
FN:52,(anonymous_7)
FN:54,(anonymous_8)
FN:57,(anonymous_9)
FN:60,(anonymous_10)
FN:89,(anonymous_11)
FN:132,(anonymous_12)
FN:235,(anonymous_13)
FNF:14
FNH:14
FNDA:10,getRoundMatchState
FNDA:5,getRoundScoreLabel
FNDA:6,MatchGrid
FNDA:12,(anonymous_3)
FNDA:5,(anonymous_4)
FNDA:5,(anonymous_5)
FNDA:10,(anonymous_6)
FNDA:15,(anonymous_7)
FNDA:12,(anonymous_8)
FNDA:6,(anonymous_9)
FNDA:10,(anonymous_10)
FNDA:5,(anonymous_11)
FNDA:5,(anonymous_12)
FNDA:1,(anonymous_13)
DA:20,10
DA:21,6
DA:22,6
DA:26,5
DA:27,5
DA:28,3
DA:29,0
DA:30,0
DA:32,3
DA:38,6
DA:39,12
DA:41,6
DA:42,6
DA:43,5
DA:44,5
DA:48,6
DA:49,5
DA:51,6
DA:52,15
DA:54,6
DA:55,12
DA:57,6
DA:58,6
DA:59,6
DA:60,10
DA:61,5
DA:62,5
DA:63,5
DA:64,5
DA:65,5
DA:66,5
DA:67,5
DA:68,5
DA:69,5
DA:72,5
DA:73,5
DA:75,5
DA:78,6
DA:79,0
DA:82,6
DA:84,6
DA:90,5
DA:133,5
DA:134,5
DA:135,5
DA:137,5
DA:138,5
DA:139,5
DA:142,5
DA:143,5
DA:144,5
DA:145,5
DA:147,5
DA:148,3
DA:149,3
DA:150,3
DA:151,3
DA:152,2
DA:153,0
DA:154,0
DA:155,0
DA:156,0
DA:159,5
DA:177,5
DA:184,5
DA:235,1
LF:66
LH:59
BRDA:20,0,0,4
BRDA:20,0,1,6
BRDA:21,1,0,0
BRDA:21,1,1,6
BRDA:21,2,0,6
BRDA:21,2,1,6
BRDA:27,3,0,2
BRDA:27,3,1,3
BRDA:28,4,0,0
BRDA:28,4,1,3
BRDA:29,5,0,0
BRDA:29,5,1,0
BRDA:29,6,0,0
BRDA:29,6,1,0
BRDA:30,7,0,0
BRDA:30,7,1,0
BRDA:32,8,0,3
BRDA:32,8,1,0
BRDA:32,9,0,3
BRDA:32,9,1,3
BRDA:43,10,0,5
BRDA:43,10,1,0
BRDA:43,11,0,5
BRDA:43,11,1,5
BRDA:49,12,0,5
BRDA:49,12,1,0
BRDA:55,13,0,12
BRDA:55,13,1,0
BRDA:59,14,0,1
BRDA:59,14,1,5
BRDA:61,15,0,0
BRDA:61,15,1,5
BRDA:67,16,0,5
BRDA:67,16,1,0
BRDA:67,17,0,5
BRDA:67,17,1,5
BRDA:69,18,0,5
BRDA:69,18,1,0
BRDA:78,19,0,0
BRDA:78,19,1,6
BRDA:135,20,0,0
BRDA:135,20,1,5
BRDA:135,21,0,5
BRDA:135,21,1,5
BRDA:143,22,0,1
BRDA:143,22,1,4
BRDA:144,23,0,1
BRDA:144,23,1,4
BRDA:147,24,0,3
BRDA:147,24,1,2
BRDA:152,25,0,0
BRDA:152,25,1,2
BRDA:172,26,0,1
BRDA:172,26,1,4
BRDA:187,27,0,5
BRDA:187,27,1,0
BRDA:233,28,0,1
BRDA:233,28,1,4
BRDA:233,29,0,5
BRDA:233,29,1,1
BRF:60
BRH:41
end_of_record
TN:
SF:src/components/Modal/Modal.tsx
FN:11,Modal
FN:12,(anonymous_1)
FN:14,(anonymous_2)
FN:18,(anonymous_3)
FN:34,(anonymous_4)
FNF:5
FNH:5
FNDA:8,Modal
FNDA:8,(anonymous_1)
FNDA:1,(anonymous_2)
FNDA:6,(anonymous_3)
FNDA:2,(anonymous_4)
DA:12,8
DA:13,8
DA:14,6
DA:15,1
DA:17,6
DA:18,6
DA:21,8
DA:23,6
DA:34,2
LF:9
LH:9
BRDA:13,0,0,2
BRDA:13,0,1,6
BRDA:15,1,0,1
BRDA:15,1,1,0
BRDA:21,2,0,2
BRDA:21,2,1,6
BRDA:37,3,0,6
BRDA:37,3,1,1
BRF:8
BRH:7
end_of_record
TN:
SF:src/components/PlacementOverride/PlacementOverride.tsx
FN:13,PlacementOverride
FN:18,(anonymous_1)
FN:21,(anonymous_2)
FN:26,(anonymous_3)
FN:37,(anonymous_4)
FN:42,(anonymous_5)
FN:49,(anonymous_6)
FN:56,(anonymous_7)
FN:57,(anonymous_8)
FN:66,(anonymous_9)
FN:70,(anonymous_10)
FN:71,(anonymous_11)
FN:86,(anonymous_12)
FN:94,(anonymous_13)
FNF:14
FNH:9
FNDA:11,PlacementOverride
FNDA:19,(anonymous_1)
FNDA:0,(anonymous_2)
FNDA:0,(anonymous_3)
FNDA:0,(anonymous_4)
FNDA:1,(anonymous_5)
FNDA:1,(anonymous_6)
FNDA:3,(anonymous_7)
FNDA:6,(anonymous_8)
FNDA:19,(anonymous_9)
FNDA:0,(anonymous_10)
FNDA:0,(anonymous_11)
FNDA:1,(anonymous_12)
FNDA:1,(anonymous_13)
DA:14,11
DA:15,11
DA:16,11
DA:18,11
DA:19,19
DA:21,11
DA:22,0
DA:23,0
DA:26,11
DA:27,0
DA:28,0
DA:30,0
DA:31,0
DA:32,0
DA:33,0
DA:34,0
DA:37,11
DA:38,0
DA:39,0
DA:42,11
DA:43,1
DA:44,1
DA:45,1
DA:46,1
DA:49,11
DA:50,1
DA:51,1
DA:52,1
DA:53,1
DA:56,11
DA:57,6
DA:60,11
DA:67,19
DA:70,0
DA:71,0
DA:86,1
DA:94,1
LF:37
LH:24
BRDA:13,0,0,11
BRDA:19,1,0,19
BRDA:19,1,1,0
BRDA:28,2,0,0
BRDA:28,2,1,0
BRDA:28,3,0,0
BRDA:28,3,1,0
BRDA:43,4,0,0
BRDA:43,4,1,1
BRDA:50,5,0,0
BRDA:50,5,1,1
BRDA:74,6,0,0
BRDA:74,6,1,19
BRF:13
BRH:5
end_of_record
TN:
SF:src/components/PlayerCard/PlayerCard.tsx
FN:7,PlayerCard
FNF:1
FNH:1
FNDA:3,PlayerCard
DA:8,3
LF:1
LH:1
BRF:0
BRH:0
end_of_record
TN:
SF:src/components/RatingDelta/RatingDelta.tsx
FN:5,RatingDelta
FNF:1
FNH:1
FNDA:6,RatingDelta
DA:6,6
DA:7,2
DA:9,4
DA:10,4
LF:4
LH:4
BRDA:6,0,0,2
BRDA:6,0,1,4
BRDA:15,1,0,2
BRDA:15,1,1,2
BRDA:16,2,0,2
BRDA:16,2,1,2
BRDA:21,3,0,2
BRDA:21,3,1,2
BRF:8
BRH:8
end_of_record
TN:
SF:src/components/ScoreEntryForm/ScoreEntryForm.tsx
FN:19,ScoreEntryForm
FN:43,(anonymous_1)
FN:46,(anonymous_2)
FN:60,(anonymous_3)
FN:63,(anonymous_4)
FN:81,(anonymous_5)
FN:88,(anonymous_6)
FNF:7
FNH:7
FNDA:10,ScoreEntryForm
FNDA:30,(anonymous_1)
FNDA:1,(anonymous_2)
FNDA:30,(anonymous_3)
FNDA:1,(anonymous_4)
FNDA:1,(anonymous_5)
FNDA:1,(anonymous_6)
DA:27,10
DA:28,10
DA:29,10
DA:30,10
DA:31,30
DA:32,30
DA:35,10
DA:44,30
DA:46,1
DA:61,30
DA:63,1
DA:81,1
DA:88,1
LF:13
LH:13
BRDA:21,0,0,10
BRDA:22,1,0,10
BRDA:25,2,0,10
BRF:3
BRH:3
end_of_record
TN:
SF:src/components/Select/Select.tsx
FN:14,Select
FN:47,(anonymous_1)
FNF:2
FNH:2
FNDA:3,Select
FNDA:6,(anonymous_1)
DA:15,3
DA:16,3
DA:48,6
LF:3
LH:3
BRDA:14,0,0,3
BRDA:15,1,0,3
BRDA:15,1,1,3
BRDA:18,2,0,3
BRDA:18,2,1,1
BRDA:30,3,0,1
BRDA:30,3,1,2
BRDA:53,4,0,3
BRDA:53,4,1,1
BRF:9
BRH:9
end_of_record
TN:
SF:src/components/Table/Table.tsx
FN:20,Table
FN:24,(anonymous_1)
FN:27,(anonymous_2)
FN:34,(anonymous_3)
FN:36,(anonymous_4)
FN:50,(anonymous_5)
FN:55,(anonymous_6)
FN:76,(anonymous_7)
FN:85,(anonymous_8)
FNF:9
FNH:9
FNDA:16,Table
FNDA:8,(anonymous_1)
FNDA:2,(anonymous_2)
FNDA:15,(anonymous_3)
FNDA:8,(anonymous_4)
FNDA:31,(anonymous_5)
FNDA:8,(anonymous_6)
FNDA:30,(anonymous_7)
FNDA:58,(anonymous_8)
DA:21,16
DA:22,16
DA:24,16
DA:25,8
DA:26,7
DA:27,2
DA:29,5
DA:30,5
DA:34,16
DA:35,15
DA:36,8
DA:37,7
DA:38,7
DA:39,7
DA:40,7
DA:41,0
DA:42,0
DA:45,16
DA:51,31
DA:55,8
DA:77,30
DA:86,58
LF:22
LH:20
BRDA:20,0,0,16
BRDA:25,1,0,1
BRDA:25,1,1,7
BRDA:26,2,0,2
BRDA:26,2,1,5
BRDA:27,3,0,2
BRDA:27,3,1,0
BRDA:35,4,0,8
BRDA:35,4,1,7
BRDA:37,5,0,0
BRDA:37,5,1,7
BRDA:40,6,0,7
BRDA:40,6,1,0
BRDA:40,7,0,5
BRDA:40,7,1,2
BRDA:41,8,0,0
BRDA:41,8,1,0
BRDA:41,9,0,0
BRDA:41,9,1,0
BRDA:54,10,0,30
BRDA:54,10,1,1
BRDA:58,11,0,31
BRDA:58,11,1,30
BRDA:58,11,2,7
BRDA:59,12,0,5
BRDA:59,12,1,2
BRDA:66,13,0,1
BRDA:66,13,1,15
BRDA:80,14,0,15
BRDA:80,14,1,15
BRF:30
BRH:23
end_of_record
TN:
SF:src/i18n/index.ts
FNF:0
FNH:0
DA:9,15
LF:1
LH:1
BRF:0
BRH:0
end_of_record
TN:
SF:src/i18n/locales/en.json
FNF:0
FNH:0
DA:1,15
DA:2,15
DA:3,15
DA:4,15
DA:5,15
DA:6,15
DA:7,15
DA:8,15
DA:9,15
DA:10,15
DA:11,15
DA:12,15
DA:13,15
DA:14,15
DA:15,15
DA:16,15
DA:17,15
DA:18,15
DA:19,15
DA:20,15
DA:21,15
DA:22,15
DA:23,15
DA:24,15
DA:25,15
LF:25
LH:25
BRF:0
BRH:0
end_of_record
TN:
SF:src/i18n/locales/kk.json
FNF:0
FNH:0
DA:1,15
DA:2,15
DA:3,15
DA:4,15
DA:5,15
DA:6,15
DA:7,15
DA:8,15
DA:9,15
DA:10,15
DA:11,15
DA:12,15
DA:13,15
DA:14,15
DA:15,15
DA:16,15
DA:17,15
DA:18,15
DA:19,15
DA:20,15
DA:21,15
DA:22,15
DA:23,15
DA:24,15
DA:25,15
LF:25
LH:25
BRF:0
BRH:0
end_of_record
TN:
SF:src/i18n/locales/ru.json
FNF:0
FNH:0
DA:1,15
DA:2,15
DA:3,15
DA:4,15
DA:5,15
DA:6,15
DA:7,15
DA:8,15
DA:9,15
DA:10,15
DA:11,15
DA:12,15
DA:13,15
DA:14,15
DA:15,15
DA:16,15
DA:17,15
DA:18,15
DA:19,15
DA:20,15
DA:21,15
DA:22,15
DA:23,15
DA:24,15
DA:25,15
LF:25
LH:25
BRF:0
BRH:0
end_of_record
TN:
SF:src/types/index.ts
FN:206,isDns
FN:207,(anonymous_1)
FN:211,(anonymous_2)
FNF:3
FNH:3
FNDA:22,isDns
FNDA:7,(anonymous_1)
FNDA:7,(anonymous_2)
DA:207,22
DA:208,7
DA:210,22
DA:211,7
DA:212,7
LF:5
LH:5
BRDA:208,0,0,7
BRDA:208,0,1,3
BRDA:210,1,0,15
BRDA:210,1,1,7
BRDA:212,2,0,4
BRDA:212,2,1,3
BRF:6
BRH:6
end_of_record
