mode: set
league-api/pkg/glicko2/glicko2.go:31.61,37.23 4 1
league-api/pkg/glicko2/glicko2.go:37.23,45.3 2 1
league-api/pkg/glicko2/glicko2.go:48.2,54.30 3 1
league-api/pkg/glicko2/glicko2.go:54.30,60.3 5 1
league-api/pkg/glicko2/glicko2.go:63.2,64.26 2 1
league-api/pkg/glicko2/glicko2.go:64.26,66.3 1 1
league-api/pkg/glicko2/glicko2.go:67.2,71.26 3 1
league-api/pkg/glicko2/glicko2.go:71.26,73.3 1 1
league-api/pkg/glicko2/glicko2.go:74.2,93.3 6 1
league-api/pkg/glicko2/glicko2.go:97.33,99.2 1 1
league-api/pkg/glicko2/glicko2.go:102.43,104.2 1 1
league-api/pkg/glicko2/glicko2.go:107.58,111.31 3 1
league-api/pkg/glicko2/glicko2.go:111.31,117.3 5 1
league-api/pkg/glicko2/glicko2.go:120.2,122.26 3 1
league-api/pkg/glicko2/glicko2.go:122.26,124.3 1 1
league-api/pkg/glicko2/glicko2.go:124.8,126.22 2 1
league-api/pkg/glicko2/glicko2.go:126.22,128.4 1 0
league-api/pkg/glicko2/glicko2.go:129.3,129.16 1 1
league-api/pkg/glicko2/glicko2.go:132.2,135.30 3 1
league-api/pkg/glicko2/glicko2.go:135.30,138.17 3 1
league-api/pkg/glicko2/glicko2.go:138.17,141.4 2 1
league-api/pkg/glicko2/glicko2.go:141.9,143.4 1 1
league-api/pkg/glicko2/glicko2.go:144.3,145.10 2 1
league-api/pkg/glicko2/glicko2.go:148.2,148.24 1 1
league-api/internal/config/config.go:20.20,35.2 1 0
league-api/internal/config/config.go:37.42,38.34 1 0
league-api/internal/config/config.go:38.34,40.3 1 0
league-api/internal/config/config.go:41.2,41.17 1 0
league-api/internal/db/db.go:13.44,15.16 2 0
league-api/internal/db/db.go:15.16,17.3 1 0
league-api/internal/db/db.go:18.2,18.16 1 0
league-api/internal/db/db.go:21.54,23.16 2 0
league-api/internal/db/db.go:23.16,25.3 1 0
league-api/internal/db/db.go:26.2,26.61 1 0
league-api/internal/db/db.go:26.61,28.3 1 0
league-api/internal/db/db.go:29.2,29.12 1 0
league-api/cmd/server/main.go:17.13,21.16 3 0
league-api/cmd/server/main.go:21.16,23.3 1 0
league-api/cmd/server/main.go:24.2,26.72 2 0
league-api/cmd/server/main.go:26.72,28.3 1 0
league-api/cmd/server/main.go:31.2,74.2 33 0
league-api/cmd/server/main.go:74.2,81.3 6 0
league-api/cmd/server/main.go:84.2,85.2 2 0
league-api/cmd/server/main.go:85.2,102.3 13 0
league-api/cmd/server/main.go:105.2,106.2 2 0
league-api/cmd/server/main.go:106.2,137.3 26 0
league-api/cmd/server/main.go:140.2,141.2 2 0
league-api/cmd/server/main.go:141.2,143.3 1 0
league-api/cmd/server/main.go:146.2,149.46 3 0
league-api/cmd/server/main.go:149.46,151.3 1 0
league-api/internal/model/league.go:18.52,20.25 2 0
league-api/internal/model/league.go:21.14,22.11 1 0
league-api/internal/model/league.go:23.14,24.19 1 0
league-api/internal/model/league.go:25.10,26.67 1 0
league-api/internal/model/league.go:28.2,28.32 1 0
league-api/internal/model/league.go:32.53,34.16 2 0
league-api/internal/model/league.go:34.16,36.3 1 0
league-api/internal/model/league.go:37.2,37.23 1 0
league-api/internal/middleware/auth.go:23.96,24.30 1 0
league-api/internal/middleware/auth.go:24.30,26.18 2 0
league-api/internal/middleware/auth.go:26.18,29.4 2 0
league-api/internal/middleware/auth.go:31.3,32.17 2 0
league-api/internal/middleware/auth.go:32.17,35.4 2 0
league-api/internal/middleware/auth.go:38.3,42.73 3 0
league-api/internal/middleware/auth.go:42.73,44.4 1 0
league-api/internal/middleware/auth.go:46.3,49.11 4 0
league-api/internal/middleware/auth.go:54.63,55.30 1 0
league-api/internal/middleware/auth.go:55.30,57.18 2 0
league-api/internal/middleware/auth.go:57.18,60.4 2 0
league-api/internal/middleware/auth.go:61.3,62.17 2 0
league-api/internal/middleware/auth.go:62.17,65.4 2 0
league-api/internal/middleware/auth.go:66.3,67.11 2 0
league-api/internal/middleware/auth.go:73.37,74.30 1 0
league-api/internal/middleware/auth.go:74.30,75.18 1 0
league-api/internal/middleware/auth.go:75.18,78.4 2 0
league-api/internal/middleware/auth.go:79.3,79.11 1 0
league-api/internal/middleware/auth.go:84.35,88.2 3 0
league-api/internal/middleware/auth.go:92.56,93.30 1 0
league-api/internal/middleware/auth.go:93.30,94.42 1 0
league-api/internal/middleware/auth.go:94.42,97.4 2 0
league-api/internal/middleware/auth.go:98.3,98.11 1 0
league-api/internal/middleware/auth.go:103.52,104.30 1 0
league-api/internal/middleware/auth.go:104.30,105.77 1 0
league-api/internal/middleware/auth.go:105.77,108.4 2 0
league-api/internal/middleware/auth.go:109.3,109.11 1 0
league-api/internal/middleware/auth.go:114.46,116.9 2 0
league-api/internal/middleware/auth.go:116.9,118.3 1 0
league-api/internal/middleware/auth.go:119.2,120.15 2 0
league-api/internal/middleware/auth.go:124.50,126.14 2 0
league-api/internal/middleware/auth.go:126.14,128.3 1 0
league-api/internal/middleware/auth.go:129.2,130.14 2 0
league-api/internal/middleware/auth.go:135.42,137.40 2 0
league-api/internal/middleware/auth.go:137.40,139.3 1 0
league-api/internal/middleware/auth.go:140.2,140.52 1 0
league-api/internal/middleware/auth.go:140.52,142.3 1 0
league-api/internal/middleware/auth.go:143.2,143.11 1 0
league-api/internal/middleware/auth.go:146.64,148.36 2 0
league-api/internal/middleware/auth.go:148.36,149.16 1 0
league-api/internal/middleware/auth.go:149.16,151.4 1 0
league-api/internal/middleware/auth.go:153.2,153.14 1 0
league-api/internal/middleware/auth.go:158.114,160.16 2 0
league-api/internal/middleware/auth.go:160.16,162.3 1 0
league-api/internal/middleware/auth.go:163.2,164.25 2 0
league-api/internal/middleware/auth.go:164.25,167.3 2 0
league-api/internal/middleware/auth.go:168.2,168.15 1 0
league-api/internal/middleware/auth.go:171.34,172.12 1 0
league-api/internal/middleware/auth.go:173.9,174.18 1 0
league-api/internal/middleware/auth.go:175.9,176.18 1 0
league-api/internal/middleware/auth.go:177.9,178.22 1 0
league-api/internal/middleware/auth.go:179.10,180.19 1 0
league-api/internal/middleware/cors.go:10.47,11.30 1 0
league-api/internal/middleware/cors.go:11.30,17.45 5 0
league-api/internal/middleware/cors.go:17.45,20.4 2 0
league-api/internal/middleware/cors.go:21.3,21.11 1 0
league-api/internal/ws/hub.go:60.20,68.2 1 0
league-api/internal/ws/hub.go:71.21,72.6 1 0
league-api/internal/ws/hub.go:72.6,73.10 1 0
league-api/internal/ws/hub.go:74.26,75.33 1 0
league-api/internal/ws/hub.go:75.33,77.5 1 0
league-api/internal/ws/hub.go:78.4,78.32 1 0
league-api/internal/ws/hub.go:80.28,81.42 1 0
league-api/internal/ws/hub.go:81.42,82.16 1 0
league-api/internal/ws/hub.go:82.16,85.6 2 0
league-api/internal/ws/hub.go:86.5,86.23 1 0
league-api/internal/ws/hub.go:86.23,88.6 1 0
league-api/internal/ws/hub.go:91.29,97.11 3 0
league-api/internal/ws/hub.go:97.11,98.13 1 0
league-api/internal/ws/hub.go:100.4,100.24 1 0
league-api/internal/ws/hub.go:100.24,101.12 1 0
league-api/internal/ws/hub.go:102.29,102.29 0 0
league-api/internal/ws/hub.go:103.13,106.19 2 0
league-api/internal/ws/hub.go:114.71,123.62 6 0
league-api/internal/ws/hub.go:123.62,125.3 1 0
league-api/internal/ws/hub.go:126.2,129.32 2 0
league-api/internal/ws/hub.go:129.32,131.3 1 0
league-api/internal/ws/hub.go:133.2,134.26 2 0
league-api/internal/ws/hub.go:139.70,144.19 4 0
league-api/internal/ws/hub.go:144.19,146.3 1 0
league-api/internal/ws/hub.go:148.2,149.24 2 0
league-api/internal/ws/hub.go:149.24,150.31 1 0
league-api/internal/ws/hub.go:150.31,152.4 1 0
league-api/internal/ws/hub.go:154.2,154.12 1 0
league-api/internal/ws/hub.go:159.60,160.28 1 0
league-api/internal/ws/hub.go:160.28,162.3 1 0
league-api/internal/ws/hub.go:163.2,164.16 2 0
league-api/internal/ws/hub.go:164.16,167.3 2 0
league-api/internal/ws/hub.go:168.2,168.85 1 0
league-api/internal/ws/hub.go:172.35,174.2 1 0
league-api/internal/ws/hub.go:177.37,179.2 1 0
league-api/internal/ws/hub.go:182.61,188.2 1 0
league-api/internal/ws/hub.go:193.30,195.26 2 0
league-api/internal/ws/hub.go:195.26,196.79 1 0
league-api/internal/ws/hub.go:196.79,198.4 1 0
league-api/internal/ws/hub.go:199.3,199.73 1 0
league-api/internal/ws/hub.go:199.73,201.4 1 0
league-api/internal/ws/hub.go:206.53,207.15 1 0
league-api/internal/ws/hub.go:207.15,210.3 2 0
league-api/internal/ws/hub.go:211.2,211.6 1 0
league-api/internal/ws/hub.go:211.6,213.17 2 0
league-api/internal/ws/hub.go:213.17,215.4 1 0
league-api/internal/repository/postgres/event_repo.go:17.59,19.2 1 0
league-api/internal/repository/postgres/event_repo.go:21.88,24.16 3 0
league-api/internal/repository/postgres/event_repo.go:24.16,26.3 1 0
league-api/internal/repository/postgres/event_repo.go:27.2,27.16 1 0
league-api/internal/repository/postgres/event_repo.go:30.100,36.16 3 0
league-api/internal/repository/postgres/event_repo.go:36.16,38.3 1 0
league-api/internal/repository/postgres/event_repo.go:39.2,39.20 1 0
league-api/internal/repository/postgres/event_repo.go:42.86,51.16 4 0
league-api/internal/repository/postgres/event_repo.go:51.16,53.3 1 0
league-api/internal/repository/postgres/event_repo.go:54.2,54.16 1 0
league-api/internal/repository/postgres/event_repo.go:57.97,60.16 3 0
league-api/internal/repository/postgres/event_repo.go:60.16,62.3 1 0
league-api/internal/repository/postgres/event_repo.go:63.2,63.12 1 0
league-api/internal/repository/postgres/event_repo.go:66.80,71.16 3 0
league-api/internal/repository/postgres/event_repo.go:71.16,73.3 1 0
league-api/internal/repository/postgres/event_repo.go:74.2,74.20 1 0
league-api/internal/repository/postgres/event_repo.go:77.129,85.16 3 0
league-api/internal/repository/postgres/event_repo.go:85.16,87.3 1 0
league-api/internal/repository/postgres/event_repo.go:89.2,98.16 3 0
league-api/internal/repository/postgres/event_repo.go:98.16,100.3 1 0
league-api/internal/repository/postgres/event_repo.go:101.2,101.27 1 0
league-api/internal/repository/postgres/group_repo.go:17.59,19.2 1 0
league-api/internal/repository/postgres/group_repo.go:21.82,24.16 3 0
league-api/internal/repository/postgres/group_repo.go:24.16,26.3 1 0
league-api/internal/repository/postgres/group_repo.go:27.2,27.16 1 0
league-api/internal/repository/postgres/group_repo.go:30.92,36.16 3 0
league-api/internal/repository/postgres/group_repo.go:36.16,38.3 1 0
league-api/internal/repository/postgres/group_repo.go:39.2,39.20 1 0
league-api/internal/repository/postgres/group_repo.go:42.80,51.16 4 0
league-api/internal/repository/postgres/group_repo.go:51.16,53.3 1 0
league-api/internal/repository/postgres/group_repo.go:54.2,54.16 1 0
league-api/internal/repository/postgres/group_repo.go:57.97,60.16 3 0
league-api/internal/repository/postgres/group_repo.go:60.16,62.3 1 0
league-api/internal/repository/postgres/group_repo.go:63.2,63.12 1 0
league-api/internal/repository/postgres/group_repo.go:66.97,72.16 3 0
league-api/internal/repository/postgres/group_repo.go:72.16,74.3 1 0
league-api/internal/repository/postgres/group_repo.go:75.2,75.21 1 0
league-api/internal/repository/postgres/group_repo.go:78.121,80.18 2 0
league-api/internal/repository/postgres/group_repo.go:81.20,83.8 2 0
league-api/internal/repository/postgres/group_repo.go:84.22,86.8 2 0
league-api/internal/repository/postgres/group_repo.go:87.22,88.116 1 0
league-api/internal/repository/postgres/group_repo.go:91.2,96.16 3 0
league-api/internal/repository/postgres/group_repo.go:96.16,98.3 1 0
league-api/internal/repository/postgres/group_repo.go:99.2,99.21 1 0
league-api/internal/repository/postgres/group_repo.go:102.90,111.16 4 0
league-api/internal/repository/postgres/group_repo.go:111.16,113.3 1 0
league-api/internal/repository/postgres/group_repo.go:114.2,114.16 1 0
league-api/internal/repository/postgres/group_repo.go:117.82,119.16 2 0
league-api/internal/repository/postgres/group_repo.go:119.16,121.3 1 0
league-api/internal/repository/postgres/group_repo.go:122.2,122.12 1 0
league-api/internal/repository/postgres/group_repo.go:125.81,132.16 3 0
league-api/internal/repository/postgres/group_repo.go:132.16,134.3 1 0
league-api/internal/repository/postgres/group_repo.go:135.2,135.12 1 0
league-api/internal/repository/postgres/group_repo.go:138.118,146.16 3 0
league-api/internal/repository/postgres/group_repo.go:146.16,148.3 1 0
league-api/internal/repository/postgres/group_repo.go:149.2,149.21 1 0
league-api/internal/repository/postgres/group_repo.go:152.84,161.16 3 0
league-api/internal/repository/postgres/group_repo.go:161.16,163.3 1 0
league-api/internal/repository/postgres/group_repo.go:164.2,164.12 1 0
league-api/internal/repository/postgres/group_repo.go:167.104,170.16 2 0
league-api/internal/repository/postgres/group_repo.go:170.16,172.3 1 0
league-api/internal/repository/postgres/group_repo.go:173.2,176.68 3 0
league-api/internal/repository/postgres/group_repo.go:176.68,178.3 1 0
league-api/internal/repository/postgres/group_repo.go:179.2,179.19 1 0
league-api/internal/repository/postgres/league_repo.go:17.61,19.2 1 0
league-api/internal/repository/postgres/league_repo.go:21.84,24.16 3 0
league-api/internal/repository/postgres/league_repo.go:24.16,26.3 1 0
league-api/internal/repository/postgres/league_repo.go:27.2,27.16 1 0
league-api/internal/repository/postgres/league_repo.go:30.72,32.105 2 0
league-api/internal/repository/postgres/league_repo.go:32.105,34.3 1 0
league-api/internal/repository/postgres/league_repo.go:35.2,35.21 1 0
league-api/internal/repository/postgres/league_repo.go:38.90,49.57 3 0
league-api/internal/repository/postgres/league_repo.go:49.57,51.3 1 0
league-api/internal/repository/postgres/league_repo.go:52.2,52.17 1 0
league-api/internal/repository/postgres/league_repo.go:55.120,64.74 3 0
league-api/internal/repository/postgres/league_repo.go:64.74,66.3 1 0
league-api/internal/repository/postgres/league_repo.go:67.2,67.17 1 0
league-api/internal/repository/postgres/league_repo.go:70.82,77.16 4 0
league-api/internal/repository/postgres/league_repo.go:77.16,79.3 1 0
league-api/internal/repository/postgres/league_repo.go:80.2,80.16 1 0
league-api/internal/repository/postgres/league_repo.go:83.99,86.16 3 0
league-api/internal/repository/postgres/league_repo.go:86.16,88.3 1 0
league-api/internal/repository/postgres/league_repo.go:89.2,89.12 1 0
league-api/internal/repository/postgres/league_repo.go:92.79,98.16 3 0
league-api/internal/repository/postgres/league_repo.go:98.16,100.3 1 0
league-api/internal/repository/postgres/league_repo.go:101.2,101.12 1 0
league-api/internal/repository/postgres/league_repo.go:104.96,107.16 3 0
league-api/internal/repository/postgres/league_repo.go:107.16,109.3 1 0
league-api/internal/repository/postgres/league_repo.go:110.2,110.12 1 0
league-api/internal/repository/postgres/league_repo.go:113.106,119.16 3 0
league-api/internal/repository/postgres/league_repo.go:119.16,121.3 1 0
league-api/internal/repository/postgres/league_repo.go:122.2,122.19 1 0
league-api/internal/repository/postgres/league_repo.go:125.99,131.16 3 0
league-api/internal/repository/postgres/league_repo.go:131.16,133.3 1 0
league-api/internal/repository/postgres/league_repo.go:134.2,134.19 1 0
league-api/internal/repository/postgres/league_repo.go:137.101,143.16 3 0
league-api/internal/repository/postgres/league_repo.go:143.16,145.3 1 0
league-api/internal/repository/postgres/league_repo.go:146.2,146.19 1 0
league-api/internal/repository/postgres/match_repo.go:17.59,19.2 1 0
league-api/internal/repository/postgres/match_repo.go:21.82,24.16 3 0
league-api/internal/repository/postgres/match_repo.go:24.16,26.3 1 0
league-api/internal/repository/postgres/match_repo.go:27.2,27.16 1 0
league-api/internal/repository/postgres/match_repo.go:30.92,36.16 3 0
league-api/internal/repository/postgres/match_repo.go:36.16,38.3 1 0
league-api/internal/repository/postgres/match_repo.go:39.2,39.21 1 0
league-api/internal/repository/postgres/match_repo.go:42.80,51.16 4 0
league-api/internal/repository/postgres/match_repo.go:51.16,53.3 1 0
league-api/internal/repository/postgres/match_repo.go:54.2,54.16 1 0
league-api/internal/repository/postgres/match_repo.go:57.119,64.16 3 0
league-api/internal/repository/postgres/match_repo.go:64.16,66.3 1 0
league-api/internal/repository/postgres/match_repo.go:67.2,67.12 1 0
league-api/internal/repository/postgres/match_repo.go:70.97,73.16 3 0
league-api/internal/repository/postgres/match_repo.go:73.16,75.3 1 0
league-api/internal/repository/postgres/match_repo.go:76.2,76.12 1 0
league-api/internal/repository/postgres/match_repo.go:79.82,81.16 2 0
league-api/internal/repository/postgres/match_repo.go:81.16,83.3 1 0
league-api/internal/repository/postgres/match_repo.go:84.2,89.28 3 0
league-api/internal/repository/postgres/match_repo.go:89.28,90.108 1 0
league-api/internal/repository/postgres/match_repo.go:90.108,92.4 1 0
league-api/internal/repository/postgres/match_repo.go:94.2,94.36 1 0
league-api/internal/repository/postgres/match_repo.go:94.36,96.3 1 0
league-api/internal/repository/postgres/match_repo.go:97.2,97.12 1 0
league-api/internal/repository/postgres/match_repo.go:100.81,108.16 3 0
league-api/internal/repository/postgres/match_repo.go:108.16,110.3 1 0
league-api/internal/repository/postgres/match_repo.go:111.2,111.12 1 0
league-api/internal/repository/postgres/oauth_repo.go:17.66,19.2 1 0
league-api/internal/repository/postgres/oauth_repo.go:21.110,27.16 3 0
league-api/internal/repository/postgres/oauth_repo.go:27.16,29.3 1 0
league-api/internal/repository/postgres/oauth_repo.go:30.2,30.16 1 0
league-api/internal/repository/postgres/oauth_repo.go:33.78,38.16 3 0
league-api/internal/repository/postgres/oauth_repo.go:38.16,40.3 1 0
league-api/internal/repository/postgres/oauth_repo.go:41.2,41.12 1 0
league-api/internal/repository/postgres/oauth_repo.go:44.97,49.16 3 0
league-api/internal/repository/postgres/oauth_repo.go:49.16,51.3 1 0
league-api/internal/repository/postgres/oauth_repo.go:52.2,52.22 1 0
league-api/internal/repository/postgres/profile_repo.go:19.63,21.2 1 0
league-api/internal/repository/postgres/profile_repo.go:23.102,27.16 3 0
league-api/internal/repository/postgres/profile_repo.go:27.16,28.36 1 0
league-api/internal/repository/postgres/profile_repo.go:28.36,30.4 1 0
league-api/internal/repository/postgres/profile_repo.go:31.3,31.60 1 0
league-api/internal/repository/postgres/profile_repo.go:33.2,33.16 1 0
league-api/internal/repository/postgres/profile_repo.go:36.91,54.16 3 0
league-api/internal/repository/postgres/profile_repo.go:54.16,56.3 1 0
league-api/internal/repository/postgres/profile_repo.go:57.2,57.12 1 0
league-api/internal/repository/postgres/profile_repo.go:60.83,63.77 2 0
league-api/internal/repository/postgres/profile_repo.go:63.77,65.3 1 0
league-api/internal/repository/postgres/profile_repo.go:66.2,66.17 1 0
league-api/internal/repository/postgres/profile_repo.go:69.87,72.89 2 0
league-api/internal/repository/postgres/profile_repo.go:72.89,74.3 1 0
league-api/internal/repository/postgres/profile_repo.go:75.2,75.16 1 0
league-api/internal/repository/postgres/profile_repo.go:78.92,82.26 2 0
league-api/internal/repository/postgres/profile_repo.go:82.26,84.3 1 0
league-api/internal/repository/postgres/profile_repo.go:85.2,85.17 1 0
league-api/internal/repository/postgres/profile_repo.go:88.81,91.86 2 0
league-api/internal/repository/postgres/profile_repo.go:91.86,93.3 1 0
league-api/internal/repository/postgres/profile_repo.go:94.2,94.16 1 0
league-api/internal/repository/postgres/profile_repo.go:97.101,104.16 3 0
league-api/internal/repository/postgres/profile_repo.go:104.16,106.3 1 0
league-api/internal/repository/postgres/profile_repo.go:107.2,107.16 1 0
league-api/internal/repository/postgres/profile_repo.go:110.78,113.66 2 0
league-api/internal/repository/postgres/profile_repo.go:113.66,115.3 1 0
league-api/internal/repository/postgres/profile_repo.go:116.2,116.17 1 0
league-api/internal/repository/postgres/profile_repo.go:119.83,122.76 2 0
league-api/internal/repository/postgres/profile_repo.go:122.76,124.3 1 0
league-api/internal/repository/postgres/profile_repo.go:125.2,125.16 1 0
league-api/internal/repository/postgres/profile_repo.go:128.88,135.16 3 0
league-api/internal/repository/postgres/profile_repo.go:135.16,137.3 1 0
league-api/internal/repository/postgres/profile_repo.go:138.2,138.16 1 0
league-api/internal/repository/postgres/profile_repo.go:141.80,144.68 2 0
league-api/internal/repository/postgres/profile_repo.go:144.68,146.3 1 0
league-api/internal/repository/postgres/profile_repo.go:147.2,147.17 1 0
league-api/internal/repository/postgres/profile_repo.go:150.85,153.79 2 0
league-api/internal/repository/postgres/profile_repo.go:153.79,155.3 1 0
league-api/internal/repository/postgres/profile_repo.go:156.2,156.17 1 0
league-api/internal/repository/postgres/profile_repo.go:159.90,166.16 3 0
league-api/internal/repository/postgres/profile_repo.go:166.16,168.3 1 0
league-api/internal/repository/postgres/profile_repo.go:169.2,169.17 1 0
league-api/internal/repository/postgres/rating_repo.go:17.61,19.2 1 0
league-api/internal/repository/postgres/rating_repo.go:21.88,28.16 3 0
league-api/internal/repository/postgres/rating_repo.go:28.16,30.3 1 0
league-api/internal/repository/postgres/rating_repo.go:31.2,31.12 1 0
league-api/internal/repository/postgres/rating_repo.go:34.98,40.16 3 0
league-api/internal/repository/postgres/rating_repo.go:40.16,42.3 1 0
league-api/internal/repository/postgres/rating_repo.go:43.2,43.21 1 0
league-api/internal/repository/postgres/rating_repo.go:46.114,56.16 3 0
league-api/internal/repository/postgres/rating_repo.go:56.16,58.3 1 0
league-api/internal/repository/postgres/rating_repo.go:59.2,59.21 1 0
league-api/internal/repository/postgres/rating_repo.go:62.104,71.16 3 0
league-api/internal/repository/postgres/rating_repo.go:71.16,73.3 1 0
league-api/internal/repository/postgres/rating_repo.go:74.2,74.19 1 0
league-api/internal/repository/postgres/rating_repo.go:77.59,79.16 2 0
league-api/internal/repository/postgres/rating_repo.go:79.16,81.3 1 0
league-api/internal/repository/postgres/rating_repo.go:82.2,82.12 1 0
league-api/internal/repository/postgres/rating_repo.go:85.78,90.16 3 0
league-api/internal/repository/postgres/rating_repo.go:90.16,92.3 1 0
league-api/internal/repository/postgres/rating_repo.go:93.2,93.12 1 0
league-api/internal/repository/postgres/user_repo.go:17.57,19.2 1 0
league-api/internal/repository/postgres/user_repo.go:21.80,24.16 3 0
league-api/internal/repository/postgres/user_repo.go:24.16,26.3 1 0
league-api/internal/repository/postgres/user_repo.go:27.2,27.16 1 0
league-api/internal/repository/postgres/user_repo.go:30.87,33.16 3 0
league-api/internal/repository/postgres/user_repo.go:33.16,35.3 1 0
league-api/internal/repository/postgres/user_repo.go:36.2,36.16 1 0
league-api/internal/repository/postgres/user_repo.go:39.78,49.16 4 0
league-api/internal/repository/postgres/user_repo.go:49.16,51.3 1 0
league-api/internal/repository/postgres/user_repo.go:52.2,52.16 1 0
league-api/internal/repository/postgres/user_repo.go:55.102,58.16 2 0
league-api/internal/repository/postgres/user_repo.go:59.14,60.45 1 0
league-api/internal/repository/postgres/user_repo.go:61.16,62.35 1 0
league-api/internal/repository/postgres/user_repo.go:64.2,66.74 3 0
league-api/internal/repository/postgres/user_repo.go:66.74,68.3 1 0
league-api/internal/repository/postgres/user_repo.go:69.2,69.19 1 0
league-api/internal/repository/postgres/user_repo.go:72.114,74.16 2 0
league-api/internal/repository/postgres/user_repo.go:75.14,76.49 1 0
league-api/internal/repository/postgres/user_repo.go:77.16,78.37 1 0
league-api/internal/repository/postgres/user_repo.go:81.2,106.87 4 0
league-api/internal/repository/postgres/user_repo.go:106.87,108.3 1 0
league-api/internal/repository/postgres/user_repo.go:109.2,109.19 1 0
league-api/internal/repository/postgres/user_repo.go:112.113,118.16 3 0
league-api/internal/repository/postgres/user_repo.go:118.16,120.3 1 0
league-api/internal/repository/postgres/user_repo.go:121.2,121.12 1 0
league-api/internal/repository/postgres/user_repo.go:124.63,127.16 3 0
league-api/internal/repository/postgres/user_repo.go:127.16,129.3 1 0
league-api/internal/repository/postgres/user_repo.go:130.2,130.12 1 0
league-api/internal/repository/postgres/user_repo.go:133.90,136.16 3 0
league-api/internal/repository/postgres/user_repo.go:136.16,138.3 1 0
league-api/internal/repository/postgres/user_repo.go:139.2,139.12 1 0
league-api/internal/repository/postgres/user_repo.go:142.100,145.16 3 0
league-api/internal/repository/postgres/user_repo.go:145.16,147.3 1 0
league-api/internal/repository/postgres/user_repo.go:148.2,148.12 1 0
league-api/internal/handler/admin.go:15.69,17.2 1 0
league-api/internal/handler/admin.go:22.59,24.16 2 0
league-api/internal/handler/admin.go:24.16,27.3 2 0
league-api/internal/handler/admin.go:28.2,33.4 1 0
league-api/internal/handler/auth.go:17.83,19.2 1 0
league-api/internal/handler/auth.go:22.45,24.20 2 0
league-api/internal/handler/auth.go:24.20,26.3 1 0
league-api/internal/handler/auth.go:28.2,29.16 2 0
league-api/internal/handler/auth.go:29.16,32.3 2 0
league-api/internal/handler/auth.go:36.2,39.16 3 0
league-api/internal/handler/auth.go:39.16,42.3 2 0
league-api/internal/handler/auth.go:44.2,44.35 1 0
league-api/internal/handler/auth.go:48.48,55.40 5 0
league-api/internal/handler/auth.go:55.40,58.3 2 0
league-api/internal/handler/auth.go:59.2,62.16 3 0
league-api/internal/handler/auth.go:62.16,65.3 2 0
league-api/internal/handler/auth.go:68.2,69.45 2 0
league-api/internal/handler/auth.go:73.46,76.2 2 0
league-api/internal/handler/auth.go:79.48,86.48 2 0
league-api/internal/handler/auth.go:86.48,89.3 2 0
league-api/internal/handler/auth.go:91.2,92.16 2 0
league-api/internal/handler/auth.go:92.16,95.3 2 0
league-api/internal/handler/auth.go:97.2,98.34 2 0
league-api/internal/handler/auth.go:102.50,107.48 2 0
league-api/internal/handler/auth.go:107.48,110.3 2 0
league-api/internal/handler/auth.go:112.2,113.16 2 0
league-api/internal/handler/auth.go:113.16,116.3 2 0
league-api/internal/handler/auth.go:118.2,119.29 2 0
league-api/internal/handler/auth.go:123.42,125.9 2 0
league-api/internal/handler/auth.go:125.9,128.3 2 0
league-api/internal/handler/auth.go:129.2,138.37 4 0
league-api/internal/handler/auth.go:138.37,139.30 1 0
league-api/internal/handler/auth.go:139.30,145.4 1 0
league-api/internal/handler/auth.go:148.2,149.16 2 0
league-api/internal/handler/auth.go:149.16,152.3 2 0
league-api/internal/handler/auth.go:154.2,164.4 1 0
league-api/internal/handler/events.go:36.24,42.2 1 0
league-api/internal/handler/events.go:45.52,47.16 2 0
league-api/internal/handler/events.go:47.16,50.3 2 0
league-api/internal/handler/events.go:51.2,52.16 2 0
league-api/internal/handler/events.go:52.16,55.3 2 0
league-api/internal/handler/events.go:56.2,56.31 1 0
league-api/internal/handler/events.go:60.54,62.16 2 0
league-api/internal/handler/events.go:62.16,65.3 2 0
league-api/internal/handler/events.go:66.2,71.47 2 0
league-api/internal/handler/events.go:71.47,74.3 2 0
league-api/internal/handler/events.go:76.2,77.16 2 0
league-api/internal/handler/events.go:77.16,80.3 2 0
league-api/internal/handler/events.go:81.2,82.16 2 0
league-api/internal/handler/events.go:82.16,85.3 2 0
league-api/internal/handler/events.go:87.2,88.16 2 0
league-api/internal/handler/events.go:88.16,91.3 2 0
league-api/internal/handler/events.go:92.2,92.35 1 0
league-api/internal/handler/events.go:96.51,98.16 2 0
league-api/internal/handler/events.go:98.16,101.3 2 0
league-api/internal/handler/events.go:102.2,103.16 2 0
league-api/internal/handler/events.go:103.16,106.3 2 0
league-api/internal/handler/events.go:107.2,107.31 1 0
league-api/internal/handler/events.go:111.53,113.16 2 0
league-api/internal/handler/events.go:113.16,116.3 2 0
league-api/internal/handler/events.go:117.2,117.76 1 0
league-api/internal/handler/events.go:117.76,120.3 2 0
league-api/internal/handler/events.go:121.2,122.30 2 0
league-api/internal/handler/events.go:126.54,128.16 2 0
league-api/internal/handler/events.go:128.16,131.3 2 0
league-api/internal/handler/events.go:132.2,132.77 1 0
league-api/internal/handler/events.go:132.77,135.3 2 0
league-api/internal/handler/events.go:136.2,137.30 2 0
league-api/internal/handler/events.go:141.58,143.16 2 0
league-api/internal/handler/events.go:143.16,146.3 2 0
league-api/internal/handler/events.go:147.2,148.16 2 0
league-api/internal/handler/events.go:148.16,151.3 2 0
league-api/internal/handler/events.go:152.2,153.16 2 0
league-api/internal/handler/events.go:153.16,157.3 3 0
league-api/internal/handler/events.go:158.2,158.38 1 0
league-api/internal/handler/events.go:162.60,164.16 2 0
league-api/internal/handler/events.go:164.16,167.3 2 0
league-api/internal/handler/events.go:168.2,169.47 2 0
league-api/internal/handler/events.go:169.47,172.3 2 0
league-api/internal/handler/events.go:173.2,173.84 1 0
league-api/internal/handler/events.go:173.84,176.3 2 0
league-api/internal/handler/events.go:177.2,177.42 1 0
league-api/internal/handler/groups.go:29.18,37.2 1 0
league-api/internal/handler/groups.go:40.46,42.16 2 0
league-api/internal/handler/groups.go:42.16,45.3 2 0
league-api/internal/handler/groups.go:46.2,47.16 2 0
league-api/internal/handler/groups.go:47.16,50.3 2 0
league-api/internal/handler/groups.go:51.2,51.31 1 0
league-api/internal/handler/groups.go:55.48,57.16 2 0
league-api/internal/handler/groups.go:57.16,60.3 2 0
league-api/internal/handler/groups.go:61.2,66.47 2 0
league-api/internal/handler/groups.go:66.47,69.3 2 0
league-api/internal/handler/groups.go:70.2,71.16 2 0
league-api/internal/handler/groups.go:71.16,74.17 2 0
league-api/internal/handler/groups.go:74.17,77.4 2 0
league-api/internal/handler/groups.go:79.2,80.16 2 0
league-api/internal/handler/groups.go:80.16,83.3 2 0
league-api/internal/handler/groups.go:84.2,84.33 1 0
league-api/internal/handler/groups.go:88.52,90.16 2 0
league-api/internal/handler/groups.go:90.16,93.3 2 0
league-api/internal/handler/groups.go:94.2,97.47 2 0
league-api/internal/handler/groups.go:97.47,100.3 2 0
league-api/internal/handler/groups.go:101.2,101.88 1 0
league-api/internal/handler/groups.go:101.88,104.3 2 0
league-api/internal/handler/groups.go:105.2,105.47 1 0
league-api/internal/handler/groups.go:109.54,111.16 2 0
league-api/internal/handler/groups.go:111.16,114.3 2 0
league-api/internal/handler/groups.go:115.2,115.84 1 0
league-api/internal/handler/groups.go:115.84,118.3 2 0
league-api/internal/handler/groups.go:119.2,119.42 1 0
league-api/internal/handler/groups.go:123.45,125.16 2 0
league-api/internal/handler/groups.go:125.16,128.3 2 0
league-api/internal/handler/groups.go:130.2,131.16 2 0
league-api/internal/handler/groups.go:131.16,134.3 2 0
league-api/internal/handler/groups.go:136.2,145.4 1 0
league-api/internal/handler/groups.go:149.48,151.16 2 0
league-api/internal/handler/groups.go:151.16,154.3 2 0
league-api/internal/handler/groups.go:156.2,156.77 1 0
league-api/internal/handler/groups.go:156.77,159.3 2 0
league-api/internal/handler/groups.go:160.2,160.42 1 0
league-api/internal/handler/groups.go:164.48,166.16 2 0
league-api/internal/handler/groups.go:166.16,169.3 2 0
league-api/internal/handler/groups.go:170.2,170.77 1 0
league-api/internal/handler/groups.go:170.77,173.3 2 0
league-api/internal/handler/groups.go:174.2,174.42 1 0
league-api/internal/handler/groups.go:178.51,180.16 2 0
league-api/internal/handler/groups.go:180.16,183.3 2 0
league-api/internal/handler/groups.go:184.2,187.47 2 0
league-api/internal/handler/groups.go:187.47,190.3 2 0
league-api/internal/handler/groups.go:191.2,191.100 1 0
league-api/internal/handler/groups.go:191.100,194.3 2 0
league-api/internal/handler/groups.go:195.2,195.47 1 0
league-api/internal/handler/groups.go:199.56,201.16 2 0
league-api/internal/handler/groups.go:201.16,204.3 2 0
league-api/internal/handler/groups.go:205.2,208.47 2 0
league-api/internal/handler/groups.go:208.47,211.3 2 0
league-api/internal/handler/groups.go:212.2,212.97 1 0
league-api/internal/handler/groups.go:212.97,215.3 2 0
league-api/internal/handler/groups.go:216.2,216.42 1 0
league-api/internal/handler/groups.go:220.61,222.16 2 0
league-api/internal/handler/groups.go:222.16,225.3 2 0
league-api/internal/handler/groups.go:226.2,229.47 2 0
league-api/internal/handler/groups.go:229.47,232.3 2 0
league-api/internal/handler/groups.go:233.2,233.107 1 0
league-api/internal/handler/groups.go:233.107,236.3 2 0
league-api/internal/handler/groups.go:237.2,237.42 1 0
league-api/internal/handler/groups.go:241.79,245.16 2 0
league-api/internal/handler/groups.go:245.16,247.3 1 0
league-api/internal/handler/groups.go:248.2,249.16 2 0
league-api/internal/handler/groups.go:249.16,251.3 1 0
league-api/internal/handler/groups.go:252.2,253.16 2 0
league-api/internal/handler/groups.go:253.16,255.3 1 0
league-api/internal/handler/groups.go:256.2,256.35 1 0
league-api/internal/handler/groups.go:256.35,258.3 1 0
league-api/internal/handler/groups.go:259.2,259.33 1 0
league-api/internal/handler/leagues.go:18.73,20.2 1 0
league-api/internal/handler/leagues.go:23.47,25.16 2 0
league-api/internal/handler/leagues.go:25.16,28.3 2 0
league-api/internal/handler/leagues.go:29.2,29.34 1 0
league-api/internal/handler/leagues.go:33.49,34.28 1 0
league-api/internal/handler/leagues.go:34.28,37.3 2 0
league-api/internal/handler/leagues.go:39.2,44.47 2 0
league-api/internal/handler/leagues.go:44.47,47.3 2 0
league-api/internal/handler/leagues.go:49.2,50.9 2 0
league-api/internal/handler/leagues.go:50.9,53.3 2 0
league-api/internal/handler/leagues.go:55.2,56.16 2 0
league-api/internal/handler/leagues.go:56.16,59.3 2 0
league-api/internal/handler/leagues.go:60.2,60.36 1 0
league-api/internal/handler/leagues.go:64.46,66.16 2 0
league-api/internal/handler/leagues.go:66.16,69.3 2 0
league-api/internal/handler/leagues.go:70.2,71.16 2 0
league-api/internal/handler/leagues.go:71.16,74.3 2 0
league-api/internal/handler/leagues.go:75.2,75.31 1 0
league-api/internal/handler/leagues.go:79.55,81.16 2 0
league-api/internal/handler/leagues.go:81.16,84.3 2 0
league-api/internal/handler/leagues.go:85.2,86.47 2 0
league-api/internal/handler/leagues.go:86.47,89.3 2 0
league-api/internal/handler/leagues.go:90.2,90.79 1 0
league-api/internal/handler/leagues.go:90.79,93.3 2 0
league-api/internal/handler/leagues.go:94.2,94.42 1 0
league-api/internal/handler/leagues.go:98.53,100.16 2 0
league-api/internal/handler/leagues.go:100.16,103.3 2 0
league-api/internal/handler/leagues.go:105.2,106.92 2 0
league-api/internal/handler/leagues.go:106.92,109.3 2 0
league-api/internal/handler/leagues.go:111.2,115.47 2 0
league-api/internal/handler/leagues.go:115.47,118.3 2 0
league-api/internal/handler/leagues.go:119.2,119.98 1 0
league-api/internal/handler/leagues.go:119.98,122.3 2 0
league-api/internal/handler/leagues.go:123.2,123.42 1 0
league-api/internal/handler/leagues.go:127.53,129.16 2 0
league-api/internal/handler/leagues.go:129.16,132.3 2 0
league-api/internal/handler/leagues.go:134.2,135.92 2 0
league-api/internal/handler/leagues.go:135.92,138.3 2 0
league-api/internal/handler/leagues.go:140.2,144.47 2 0
league-api/internal/handler/leagues.go:144.47,147.3 2 0
league-api/internal/handler/leagues.go:148.2,148.98 1 0
league-api/internal/handler/leagues.go:148.98,151.3 2 0
league-api/internal/handler/leagues.go:152.2,152.42 1 0
league-api/internal/handler/leagues.go:156.51,158.16 2 0
league-api/internal/handler/leagues.go:158.16,161.3 2 0
league-api/internal/handler/leagues.go:163.2,164.92 2 0
league-api/internal/handler/leagues.go:164.92,167.3 2 0
league-api/internal/handler/leagues.go:169.2,170.16 2 0
league-api/internal/handler/leagues.go:170.16,173.3 2 0
league-api/internal/handler/leagues.go:174.2,174.30 1 0
league-api/internal/handler/matches.go:26.19,33.2 1 0
league-api/internal/handler/matches.go:36.54,38.16 2 0
league-api/internal/handler/matches.go:38.16,41.3 2 0
league-api/internal/handler/matches.go:42.2,43.16 2 0
league-api/internal/handler/matches.go:43.16,46.3 2 0
league-api/internal/handler/matches.go:48.2,54.47 2 0
league-api/internal/handler/matches.go:54.47,57.3 2 0
league-api/internal/handler/matches.go:59.2,61.143 2 0
league-api/internal/handler/matches.go:61.143,64.3 2 0
league-api/internal/handler/matches.go:65.2,65.42 1 0
league-api/internal/handler/matches.go:68.80,70.16 2 0
league-api/internal/handler/matches.go:70.16,72.3 1 0
league-api/internal/handler/matches.go:73.2,74.16 2 0
league-api/internal/handler/matches.go:74.16,76.3 1 0
league-api/internal/handler/matches.go:77.2,78.16 2 0
league-api/internal/handler/matches.go:78.16,80.3 1 0
league-api/internal/handler/matches.go:81.2,81.35 1 0
league-api/internal/handler/matches.go:81.35,83.3 1 0
league-api/internal/handler/matches.go:84.2,84.33 1 0
league-api/internal/handler/players.go:16.73,18.2 1 0
league-api/internal/handler/players.go:21.47,28.16 6 0
league-api/internal/handler/players.go:28.16,31.3 2 0
league-api/internal/handler/players.go:32.2,32.32 1 0
league-api/internal/handler/players.go:36.49,42.47 2 0
league-api/internal/handler/players.go:42.47,45.3 2 0
league-api/internal/handler/players.go:47.2,48.16 2 0
league-api/internal/handler/players.go:48.16,51.3 2 0
league-api/internal/handler/players.go:52.2,52.36 1 0
league-api/internal/handler/players.go:56.46,58.16 2 0
league-api/internal/handler/players.go:58.16,61.3 2 0
league-api/internal/handler/players.go:63.2,64.16 2 0
league-api/internal/handler/players.go:64.16,67.3 2 0
league-api/internal/handler/players.go:68.2,68.32 1 0
league-api/internal/handler/players.go:72.53,74.16 2 0
league-api/internal/handler/players.go:74.16,77.3 2 0
league-api/internal/handler/players.go:78.2,82.16 4 0
league-api/internal/handler/players.go:82.16,85.3 2 0
league-api/internal/handler/players.go:86.2,86.29 1 0
league-api/internal/handler/players.go:90.49,92.16 2 0
league-api/internal/handler/players.go:92.16,95.3 2 0
league-api/internal/handler/players.go:96.2,99.16 3 0
league-api/internal/handler/players.go:99.16,102.3 2 0
league-api/internal/handler/players.go:105.2,106.34 2 0
league-api/internal/handler/players.go:106.34,108.3 1 0
league-api/internal/handler/players.go:110.2,114.4 1 0
league-api/internal/handler/profile.go:17.75,19.2 1 0
league-api/internal/handler/profile.go:22.55,25.16 3 0
league-api/internal/handler/profile.go:25.16,28.3 2 0
league-api/internal/handler/profile.go:29.2,29.31 1 0
league-api/internal/handler/profile.go:33.58,36.47 3 0
league-api/internal/handler/profile.go:36.47,39.3 2 0
league-api/internal/handler/profile.go:40.2,41.16 2 0
league-api/internal/handler/profile.go:41.16,44.3 2 0
league-api/internal/handler/profile.go:45.2,45.31 1 0
league-api/internal/handler/profile.go:49.56,51.16 2 0
league-api/internal/handler/profile.go:51.16,54.3 2 0
league-api/internal/handler/profile.go:55.2,55.34 1 0
league-api/internal/handler/profile.go:59.53,61.16 2 0
league-api/internal/handler/profile.go:61.16,64.3 2 0
league-api/internal/handler/profile.go:65.2,66.16 2 0
league-api/internal/handler/profile.go:66.16,69.3 2 0
league-api/internal/handler/profile.go:70.2,70.31 1 0
league-api/internal/handler/profile.go:74.50,76.16 2 0
league-api/internal/handler/profile.go:76.16,79.3 2 0
league-api/internal/handler/profile.go:80.2,83.47 2 0
league-api/internal/handler/profile.go:83.47,86.3 2 0
league-api/internal/handler/profile.go:87.2,88.16 2 0
league-api/internal/handler/profile.go:88.16,91.3 2 0
league-api/internal/handler/profile.go:92.2,92.34 1 0
league-api/internal/handler/profile.go:96.53,98.16 2 0
league-api/internal/handler/profile.go:98.16,101.3 2 0
league-api/internal/handler/profile.go:102.2,102.31 1 0
league-api/internal/handler/profile.go:106.51,110.47 2 0
league-api/internal/handler/profile.go:110.47,113.3 2 0
league-api/internal/handler/profile.go:114.2,115.16 2 0
league-api/internal/handler/profile.go:115.16,118.3 2 0
league-api/internal/handler/profile.go:119.2,119.35 1 0
league-api/internal/handler/profile.go:123.54,125.16 2 0
league-api/internal/handler/profile.go:125.16,128.3 2 0
league-api/internal/handler/profile.go:129.2,129.32 1 0
league-api/internal/handler/profile.go:133.52,137.47 2 0
league-api/internal/handler/profile.go:137.47,140.3 2 0
league-api/internal/handler/profile.go:141.2,142.16 2 0
league-api/internal/handler/profile.go:142.16,145.3 2 0
league-api/internal/handler/profile.go:146.2,146.36 1 0
league-api/internal/handler/websocket.go:17.42,20.3 1 0
league-api/internal/handler/websocket.go:30.95,32.2 1 0
league-api/internal/handler/websocket.go:35.51,37.16 2 0
league-api/internal/handler/websocket.go:37.16,40.3 2 0
league-api/internal/handler/websocket.go:42.2,43.16 2 0
league-api/internal/handler/websocket.go:43.16,46.3 2 0
league-api/internal/handler/websocket.go:47.2,47.43 1 0
league-api/internal/handler/websocket.go:47.43,50.3 2 0
league-api/internal/handler/websocket.go:53.2,54.50 2 0
league-api/internal/handler/websocket.go:54.50,56.67 1 0
league-api/internal/handler/websocket.go:56.67,58.4 1 0
league-api/internal/handler/websocket.go:58.9,58.71 1 0
league-api/internal/handler/websocket.go:58.71,60.4 1 0
league-api/internal/handler/websocket.go:64.2,65.16 2 0
league-api/internal/handler/websocket.go:65.16,67.3 1 0
league-api/internal/handler/websocket.go:69.2,73.21 3 0
league-api/internal/handler/websocket.go:73.21,75.30 2 0
league-api/internal/handler/websocket.go:75.30,76.82 1 0
league-api/internal/handler/websocket.go:76.82,79.5 2 0
league-api/internal/handler/websocket.go:80.4,80.72 1 0
league-api/internal/handler/websocket.go:80.72,83.5 2 0
league-api/internal/handler/websocket.go:88.2,91.35 2 0
